[2023-07-12 08:46:45,435] {taskinstance.py:1035} INFO - Dependencies all met for <TaskInstance: python_dag1.print_current_date scheduled__2023-07-11T00:30:00+00:00 [queued]>
[2023-07-12 08:46:45,441] {taskinstance.py:1035} INFO - Dependencies all met for <TaskInstance: python_dag1.print_current_date scheduled__2023-07-11T00:30:00+00:00 [queued]>
[2023-07-12 08:46:45,441] {taskinstance.py:1241} INFO - 
--------------------------------------------------------------------------------
[2023-07-12 08:46:45,441] {taskinstance.py:1242} INFO - Starting attempt 1 of 1
[2023-07-12 08:46:45,441] {taskinstance.py:1243} INFO - 
--------------------------------------------------------------------------------
[2023-07-12 08:46:45,453] {taskinstance.py:1262} INFO - Executing <Task(PythonOperator): print_current_date> on 2023-07-11 00:30:00+00:00
[2023-07-12 08:46:45,455] {standard_task_runner.py:52} INFO - Started process 16946 to run task
[2023-07-12 08:46:45,458] {standard_task_runner.py:76} INFO - Running: ['airflow', 'tasks', 'run', 'python_dag1', 'print_current_date', 'scheduled__2023-07-11T00:30:00+00:00', '--job-id', '16', '--raw', '--subdir', '/opt/ml/Boostcamp-AI-Tech-Product-Serving/yungi/airflow/dags/02-python-operator.py', '--cfg-path', '/tmp/tmp94jtxqcm', '--error-file', '/tmp/tmp590qeofd']
[2023-07-12 08:46:45,458] {standard_task_runner.py:77} INFO - Job 16: Subtask print_current_date
[2023-07-12 08:46:45,485] {logging_mixin.py:109} INFO - Running <TaskInstance: python_dag1.print_current_date scheduled__2023-07-11T00:30:00+00:00 [running]> on host 806bfd8722a2
[2023-07-12 08:46:45,572] {logging_mixin.py:109} WARNING - /opt/conda/lib/python3.8/site-packages/airflow/models/xcom.py:322 SAWarning: TypeDecorator UtcDateTime(timezone=True) will not produce a cache key because the ``cache_ok`` attribute is not set to True.  This can have significant performance implications including some performance degradations in comparison to prior SQLAlchemy versions.  Set this attribute to True if this type object's state is safe to use in a cache key, or False to disable this warning. (Background on this error at: https://sqlalche.me/e/14/cprf)
[2023-07-12 08:46:45,576] {logging_mixin.py:109} WARNING - /opt/conda/lib/python3.8/site-packages/airflow/models/renderedtifields.py:126 SAWarning: TypeDecorator UtcDateTime(timezone=True) will not produce a cache key because the ``cache_ok`` attribute is not set to True.  This can have significant performance implications including some performance degradations in comparison to prior SQLAlchemy versions.  Set this attribute to True if this type object's state is safe to use in a cache key, or False to disable this warning. (Background on this error at: https://sqlalche.me/e/14/cprf)
[2023-07-12 08:46:45,584] {logging_mixin.py:109} WARNING - /opt/conda/lib/python3.8/site-packages/airflow/models/renderedtifields.py:162 SAWarning: Coercing Subquery object into a select() for use in IN(); please pass a select() construct explicitly
[2023-07-12 08:46:45,587] {logging_mixin.py:109} WARNING - /opt/conda/lib/python3.8/site-packages/airflow/models/renderedtifields.py:159 SAWarning: TypeDecorator UtcDateTime(timezone=True) will not produce a cache key because the ``cache_ok`` attribute is not set to True.  This can have significant performance implications including some performance degradations in comparison to prior SQLAlchemy versions.  Set this attribute to True if this type object's state is safe to use in a cache key, or False to disable this warning. (Background on this error at: https://sqlalche.me/e/14/cprf)
[2023-07-12 08:46:45,589] {taskinstance.py:1412} INFO - Exporting the following env vars:
AIRFLOW_CTX_DAG_OWNER=yungi
AIRFLOW_CTX_DAG_ID=python_dag1
AIRFLOW_CTX_TASK_ID=print_current_date
AIRFLOW_CTX_EXECUTION_DATE=2023-07-11T00:30:00+00:00
AIRFLOW_CTX_DAG_RUN_ID=scheduled__2023-07-11T00:30:00+00:00
[2023-07-12 08:46:45,589] {logging_mixin.py:109} INFO - 2023-07-12는 수요일입니다
[2023-07-12 08:46:45,590] {python.py:152} INFO - Done. Returned value was: None
[2023-07-12 08:46:45,594] {taskinstance.py:1270} INFO - Marking task as SUCCESS. dag_id=python_dag1, task_id=print_current_date, execution_date=20230711T003000, start_date=20230712T084645, end_date=20230712T084645
[2023-07-12 08:46:45,629] {local_task_job.py:154} INFO - Task exited with return code 0
[2023-07-12 08:46:45,644] {local_task_job.py:264} INFO - 0 downstream tasks scheduled from follow-on schedule check
[2023-07-12 08:46:45,646] {logging_mixin.py:109} WARNING - /opt/conda/lib/python3.8/site-packages/airflow/models/dag.py:1069 SADeprecationWarning: Query.value() is deprecated and will be removed in a future release.  Please use Query.with_entities() in combination with Query.scalar() (deprecated since: 1.4)
[2023-07-12 08:46:45,647] {logging_mixin.py:109} WARNING - /opt/conda/lib/python3.8/site-packages/airflow/models/dag.py:1069 SADeprecationWarning: Query.values() is deprecated and will be removed in a future release.  Please use Query.with_entities() (deprecated since: 1.4)
