[2023-07-12 08:51:38,609] {processor.py:163} INFO - Started process (PID=17234) to work on /opt/ml/Boostcamp-AI-Tech-Product-Serving/yungi/airflow/dags/03-python-operator-with-context.py
[2023-07-12 08:51:38,609] {processor.py:620} INFO - Processing file /opt/ml/Boostcamp-AI-Tech-Product-Serving/yungi/airflow/dags/03-python-operator-with-context.py for tasks to queue
[2023-07-12 08:51:38,609] {logging_mixin.py:109} INFO - [2023-07-12 08:51:38,609] {dagbag.py:500} INFO - Filling up the DagBag from /opt/ml/Boostcamp-AI-Tech-Product-Serving/yungi/airflow/dags/03-python-operator-with-context.py
[2023-07-12 08:51:38,623] {processor.py:634} WARNING - No viable dags retrieved from /opt/ml/Boostcamp-AI-Tech-Product-Serving/yungi/airflow/dags/03-python-operator-with-context.py
[2023-07-12 08:51:38,626] {processor.py:171} INFO - Processing /opt/ml/Boostcamp-AI-Tech-Product-Serving/yungi/airflow/dags/03-python-operator-with-context.py took 0.019 seconds
[2023-07-12 08:52:11,350] {processor.py:163} INFO - Started process (PID=17265) to work on /opt/ml/Boostcamp-AI-Tech-Product-Serving/yungi/airflow/dags/03-python-operator-with-context.py
[2023-07-12 08:52:11,351] {processor.py:620} INFO - Processing file /opt/ml/Boostcamp-AI-Tech-Product-Serving/yungi/airflow/dags/03-python-operator-with-context.py for tasks to queue
[2023-07-12 08:52:11,351] {logging_mixin.py:109} INFO - [2023-07-12 08:52:11,351] {dagbag.py:500} INFO - Filling up the DagBag from /opt/ml/Boostcamp-AI-Tech-Product-Serving/yungi/airflow/dags/03-python-operator-with-context.py
[2023-07-12 08:52:11,364] {processor.py:634} WARNING - No viable dags retrieved from /opt/ml/Boostcamp-AI-Tech-Product-Serving/yungi/airflow/dags/03-python-operator-with-context.py
[2023-07-12 08:52:11,366] {processor.py:171} INFO - Processing /opt/ml/Boostcamp-AI-Tech-Product-Serving/yungi/airflow/dags/03-python-operator-with-context.py took 0.018 seconds
[2023-07-12 08:52:43,597] {processor.py:163} INFO - Started process (PID=17296) to work on /opt/ml/Boostcamp-AI-Tech-Product-Serving/yungi/airflow/dags/03-python-operator-with-context.py
[2023-07-12 08:52:43,598] {processor.py:620} INFO - Processing file /opt/ml/Boostcamp-AI-Tech-Product-Serving/yungi/airflow/dags/03-python-operator-with-context.py for tasks to queue
[2023-07-12 08:52:43,599] {logging_mixin.py:109} INFO - [2023-07-12 08:52:43,599] {dagbag.py:500} INFO - Filling up the DagBag from /opt/ml/Boostcamp-AI-Tech-Product-Serving/yungi/airflow/dags/03-python-operator-with-context.py
[2023-07-12 08:52:43,612] {processor.py:634} WARNING - No viable dags retrieved from /opt/ml/Boostcamp-AI-Tech-Product-Serving/yungi/airflow/dags/03-python-operator-with-context.py
[2023-07-12 08:52:43,614] {processor.py:171} INFO - Processing /opt/ml/Boostcamp-AI-Tech-Product-Serving/yungi/airflow/dags/03-python-operator-with-context.py took 0.019 seconds
[2023-07-12 08:53:13,950] {processor.py:163} INFO - Started process (PID=17325) to work on /opt/ml/Boostcamp-AI-Tech-Product-Serving/yungi/airflow/dags/03-python-operator-with-context.py
[2023-07-12 08:53:13,950] {processor.py:620} INFO - Processing file /opt/ml/Boostcamp-AI-Tech-Product-Serving/yungi/airflow/dags/03-python-operator-with-context.py for tasks to queue
[2023-07-12 08:53:13,951] {logging_mixin.py:109} INFO - [2023-07-12 08:53:13,951] {dagbag.py:500} INFO - Filling up the DagBag from /opt/ml/Boostcamp-AI-Tech-Product-Serving/yungi/airflow/dags/03-python-operator-with-context.py
[2023-07-12 08:53:13,964] {processor.py:634} WARNING - No viable dags retrieved from /opt/ml/Boostcamp-AI-Tech-Product-Serving/yungi/airflow/dags/03-python-operator-with-context.py
[2023-07-12 08:53:13,966] {processor.py:171} INFO - Processing /opt/ml/Boostcamp-AI-Tech-Product-Serving/yungi/airflow/dags/03-python-operator-with-context.py took 0.019 seconds
[2023-07-12 08:53:46,506] {processor.py:163} INFO - Started process (PID=17357) to work on /opt/ml/Boostcamp-AI-Tech-Product-Serving/yungi/airflow/dags/03-python-operator-with-context.py
[2023-07-12 08:53:46,508] {processor.py:620} INFO - Processing file /opt/ml/Boostcamp-AI-Tech-Product-Serving/yungi/airflow/dags/03-python-operator-with-context.py for tasks to queue
[2023-07-12 08:53:46,508] {logging_mixin.py:109} INFO - [2023-07-12 08:53:46,508] {dagbag.py:500} INFO - Filling up the DagBag from /opt/ml/Boostcamp-AI-Tech-Product-Serving/yungi/airflow/dags/03-python-operator-with-context.py
[2023-07-12 08:53:46,521] {processor.py:634} WARNING - No viable dags retrieved from /opt/ml/Boostcamp-AI-Tech-Product-Serving/yungi/airflow/dags/03-python-operator-with-context.py
[2023-07-12 08:53:46,524] {processor.py:171} INFO - Processing /opt/ml/Boostcamp-AI-Tech-Product-Serving/yungi/airflow/dags/03-python-operator-with-context.py took 0.020 seconds
[2023-07-12 08:54:22,557] {processor.py:163} INFO - Started process (PID=17392) to work on /opt/ml/Boostcamp-AI-Tech-Product-Serving/yungi/airflow/dags/03-python-operator-with-context.py
[2023-07-12 08:54:22,559] {processor.py:620} INFO - Processing file /opt/ml/Boostcamp-AI-Tech-Product-Serving/yungi/airflow/dags/03-python-operator-with-context.py for tasks to queue
[2023-07-12 08:54:22,559] {logging_mixin.py:109} INFO - [2023-07-12 08:54:22,559] {dagbag.py:500} INFO - Filling up the DagBag from /opt/ml/Boostcamp-AI-Tech-Product-Serving/yungi/airflow/dags/03-python-operator-with-context.py
[2023-07-12 08:54:22,571] {processor.py:634} WARNING - No viable dags retrieved from /opt/ml/Boostcamp-AI-Tech-Product-Serving/yungi/airflow/dags/03-python-operator-with-context.py
[2023-07-12 08:54:22,573] {processor.py:171} INFO - Processing /opt/ml/Boostcamp-AI-Tech-Product-Serving/yungi/airflow/dags/03-python-operator-with-context.py took 0.017 seconds
[2023-07-12 08:54:53,386] {processor.py:163} INFO - Started process (PID=17421) to work on /opt/ml/Boostcamp-AI-Tech-Product-Serving/yungi/airflow/dags/03-python-operator-with-context.py
[2023-07-12 08:54:53,386] {processor.py:620} INFO - Processing file /opt/ml/Boostcamp-AI-Tech-Product-Serving/yungi/airflow/dags/03-python-operator-with-context.py for tasks to queue
[2023-07-12 08:54:53,387] {logging_mixin.py:109} INFO - [2023-07-12 08:54:53,387] {dagbag.py:500} INFO - Filling up the DagBag from /opt/ml/Boostcamp-AI-Tech-Product-Serving/yungi/airflow/dags/03-python-operator-with-context.py
[2023-07-12 08:54:53,399] {processor.py:634} WARNING - No viable dags retrieved from /opt/ml/Boostcamp-AI-Tech-Product-Serving/yungi/airflow/dags/03-python-operator-with-context.py
[2023-07-12 08:54:53,401] {processor.py:171} INFO - Processing /opt/ml/Boostcamp-AI-Tech-Product-Serving/yungi/airflow/dags/03-python-operator-with-context.py took 0.018 seconds
[2023-07-12 08:55:00,817] {processor.py:163} INFO - Started process (PID=17429) to work on /opt/ml/Boostcamp-AI-Tech-Product-Serving/yungi/airflow/dags/03-python-operator-with-context.py
[2023-07-12 08:55:00,817] {processor.py:620} INFO - Processing file /opt/ml/Boostcamp-AI-Tech-Product-Serving/yungi/airflow/dags/03-python-operator-with-context.py for tasks to queue
[2023-07-12 08:55:00,818] {logging_mixin.py:109} INFO - [2023-07-12 08:55:00,818] {dagbag.py:500} INFO - Filling up the DagBag from /opt/ml/Boostcamp-AI-Tech-Product-Serving/yungi/airflow/dags/03-python-operator-with-context.py
[2023-07-12 08:55:00,836] {processor.py:632} INFO - DAG(s) dict_keys(['python_dag_with_context']) retrieved from /opt/ml/Boostcamp-AI-Tech-Product-Serving/yungi/airflow/dags/03-python-operator-with-context.py
[2023-07-12 08:55:00,841] {logging_mixin.py:109} WARNING - /opt/conda/lib/python3.8/site-packages/airflow/models/serialized_dag.py:120 SAWarning: TypeDecorator UtcDateTime(timezone=True) will not produce a cache key because the ``cache_ok`` attribute is not set to True.  This can have significant performance implications including some performance degradations in comparison to prior SQLAlchemy versions.  Set this attribute to True if this type object's state is safe to use in a cache key, or False to disable this warning. (Background on this error at: https://sqlalche.me/e/14/cprf)
[2023-07-12 08:55:01,399] {logging_mixin.py:109} INFO - [2023-07-12 08:55:01,399] {manager.py:496} INFO - Created Permission View: can edit on DAG:python_dag_with_context
[2023-07-12 08:55:01,408] {logging_mixin.py:109} INFO - [2023-07-12 08:55:01,408] {manager.py:496} INFO - Created Permission View: can read on DAG:python_dag_with_context
[2023-07-12 08:55:01,408] {logging_mixin.py:109} INFO - [2023-07-12 08:55:01,408] {dag.py:2389} INFO - Sync 1 DAGs
[2023-07-12 08:55:01,414] {logging_mixin.py:109} INFO - [2023-07-12 08:55:01,414] {dag.py:2408} INFO - Creating ORM DAG for python_dag_with_context
[2023-07-12 08:55:01,418] {logging_mixin.py:109} WARNING - /opt/conda/lib/python3.8/site-packages/airflow/models/dag.py:2426 SAWarning: TypeDecorator UtcDateTime(timezone=True) will not produce a cache key because the ``cache_ok`` attribute is not set to True.  This can have significant performance implications including some performance degradations in comparison to prior SQLAlchemy versions.  Set this attribute to True if this type object's state is safe to use in a cache key, or False to disable this warning. (Background on this error at: https://sqlalche.me/e/14/cprf)
[2023-07-12 08:55:01,423] {logging_mixin.py:109} INFO - [2023-07-12 08:55:01,423] {dag.py:2914} INFO - Setting next_dagrun for python_dag_with_context to 2023-07-05 00:30:00+00:00
[2023-07-12 08:55:01,434] {processor.py:171} INFO - Processing /opt/ml/Boostcamp-AI-Tech-Product-Serving/yungi/airflow/dags/03-python-operator-with-context.py took 0.620 seconds
[2023-07-12 08:55:46,425] {processor.py:163} INFO - Started process (PID=17491) to work on /opt/ml/Boostcamp-AI-Tech-Product-Serving/yungi/airflow/dags/03-python-operator-with-context.py
[2023-07-12 08:55:46,426] {processor.py:620} INFO - Processing file /opt/ml/Boostcamp-AI-Tech-Product-Serving/yungi/airflow/dags/03-python-operator-with-context.py for tasks to queue
[2023-07-12 08:55:46,427] {logging_mixin.py:109} INFO - [2023-07-12 08:55:46,427] {dagbag.py:500} INFO - Filling up the DagBag from /opt/ml/Boostcamp-AI-Tech-Product-Serving/yungi/airflow/dags/03-python-operator-with-context.py
[2023-07-12 08:55:46,445] {processor.py:632} INFO - DAG(s) dict_keys(['python_dag_with_context']) retrieved from /opt/ml/Boostcamp-AI-Tech-Product-Serving/yungi/airflow/dags/03-python-operator-with-context.py
[2023-07-12 08:55:46,449] {logging_mixin.py:109} WARNING - /opt/conda/lib/python3.8/site-packages/airflow/models/serialized_dag.py:120 SAWarning: TypeDecorator UtcDateTime(timezone=True) will not produce a cache key because the ``cache_ok`` attribute is not set to True.  This can have significant performance implications including some performance degradations in comparison to prior SQLAlchemy versions.  Set this attribute to True if this type object's state is safe to use in a cache key, or False to disable this warning. (Background on this error at: https://sqlalche.me/e/14/cprf)
[2023-07-12 08:55:46,455] {logging_mixin.py:109} INFO - [2023-07-12 08:55:46,455] {dag.py:2389} INFO - Sync 1 DAGs
[2023-07-12 08:55:46,464] {logging_mixin.py:109} WARNING - /opt/conda/lib/python3.8/site-packages/airflow/models/dag.py:2426 SAWarning: TypeDecorator UtcDateTime(timezone=True) will not produce a cache key because the ``cache_ok`` attribute is not set to True.  This can have significant performance implications including some performance degradations in comparison to prior SQLAlchemy versions.  Set this attribute to True if this type object's state is safe to use in a cache key, or False to disable this warning. (Background on this error at: https://sqlalche.me/e/14/cprf)
[2023-07-12 08:55:46,469] {logging_mixin.py:109} INFO - [2023-07-12 08:55:46,468] {dag.py:2914} INFO - Setting next_dagrun for python_dag_with_context to 2023-07-12T00:30:00+00:00
[2023-07-12 08:55:46,478] {processor.py:171} INFO - Processing /opt/ml/Boostcamp-AI-Tech-Product-Serving/yungi/airflow/dags/03-python-operator-with-context.py took 0.055 seconds
[2023-07-12 08:56:18,314] {processor.py:163} INFO - Started process (PID=17521) to work on /opt/ml/Boostcamp-AI-Tech-Product-Serving/yungi/airflow/dags/03-python-operator-with-context.py
[2023-07-12 08:56:18,315] {processor.py:620} INFO - Processing file /opt/ml/Boostcamp-AI-Tech-Product-Serving/yungi/airflow/dags/03-python-operator-with-context.py for tasks to queue
[2023-07-12 08:56:18,315] {logging_mixin.py:109} INFO - [2023-07-12 08:56:18,315] {dagbag.py:500} INFO - Filling up the DagBag from /opt/ml/Boostcamp-AI-Tech-Product-Serving/yungi/airflow/dags/03-python-operator-with-context.py
[2023-07-12 08:56:18,332] {processor.py:632} INFO - DAG(s) dict_keys(['python_dag_with_context']) retrieved from /opt/ml/Boostcamp-AI-Tech-Product-Serving/yungi/airflow/dags/03-python-operator-with-context.py
[2023-07-12 08:56:18,336] {logging_mixin.py:109} WARNING - /opt/conda/lib/python3.8/site-packages/airflow/models/serialized_dag.py:120 SAWarning: TypeDecorator UtcDateTime(timezone=True) will not produce a cache key because the ``cache_ok`` attribute is not set to True.  This can have significant performance implications including some performance degradations in comparison to prior SQLAlchemy versions.  Set this attribute to True if this type object's state is safe to use in a cache key, or False to disable this warning. (Background on this error at: https://sqlalche.me/e/14/cprf)
[2023-07-12 08:56:18,342] {logging_mixin.py:109} INFO - [2023-07-12 08:56:18,342] {dag.py:2389} INFO - Sync 1 DAGs
[2023-07-12 08:56:18,351] {logging_mixin.py:109} WARNING - /opt/conda/lib/python3.8/site-packages/airflow/models/dag.py:2426 SAWarning: TypeDecorator UtcDateTime(timezone=True) will not produce a cache key because the ``cache_ok`` attribute is not set to True.  This can have significant performance implications including some performance degradations in comparison to prior SQLAlchemy versions.  Set this attribute to True if this type object's state is safe to use in a cache key, or False to disable this warning. (Background on this error at: https://sqlalche.me/e/14/cprf)
[2023-07-12 08:56:18,356] {logging_mixin.py:109} INFO - [2023-07-12 08:56:18,356] {dag.py:2914} INFO - Setting next_dagrun for python_dag_with_context to 2023-07-12T00:30:00+00:00
[2023-07-12 08:56:18,366] {processor.py:171} INFO - Processing /opt/ml/Boostcamp-AI-Tech-Product-Serving/yungi/airflow/dags/03-python-operator-with-context.py took 0.055 seconds
[2023-07-12 08:56:50,909] {processor.py:163} INFO - Started process (PID=17553) to work on /opt/ml/Boostcamp-AI-Tech-Product-Serving/yungi/airflow/dags/03-python-operator-with-context.py
[2023-07-12 08:56:50,910] {processor.py:620} INFO - Processing file /opt/ml/Boostcamp-AI-Tech-Product-Serving/yungi/airflow/dags/03-python-operator-with-context.py for tasks to queue
[2023-07-12 08:56:50,910] {logging_mixin.py:109} INFO - [2023-07-12 08:56:50,910] {dagbag.py:500} INFO - Filling up the DagBag from /opt/ml/Boostcamp-AI-Tech-Product-Serving/yungi/airflow/dags/03-python-operator-with-context.py
[2023-07-12 08:56:50,930] {processor.py:632} INFO - DAG(s) dict_keys(['python_dag_with_context']) retrieved from /opt/ml/Boostcamp-AI-Tech-Product-Serving/yungi/airflow/dags/03-python-operator-with-context.py
[2023-07-12 08:56:50,934] {logging_mixin.py:109} WARNING - /opt/conda/lib/python3.8/site-packages/airflow/models/serialized_dag.py:120 SAWarning: TypeDecorator UtcDateTime(timezone=True) will not produce a cache key because the ``cache_ok`` attribute is not set to True.  This can have significant performance implications including some performance degradations in comparison to prior SQLAlchemy versions.  Set this attribute to True if this type object's state is safe to use in a cache key, or False to disable this warning. (Background on this error at: https://sqlalche.me/e/14/cprf)
[2023-07-12 08:56:50,939] {logging_mixin.py:109} INFO - [2023-07-12 08:56:50,939] {dag.py:2389} INFO - Sync 1 DAGs
[2023-07-12 08:56:50,949] {logging_mixin.py:109} WARNING - /opt/conda/lib/python3.8/site-packages/airflow/models/dag.py:2426 SAWarning: TypeDecorator UtcDateTime(timezone=True) will not produce a cache key because the ``cache_ok`` attribute is not set to True.  This can have significant performance implications including some performance degradations in comparison to prior SQLAlchemy versions.  Set this attribute to True if this type object's state is safe to use in a cache key, or False to disable this warning. (Background on this error at: https://sqlalche.me/e/14/cprf)
[2023-07-12 08:56:50,954] {logging_mixin.py:109} INFO - [2023-07-12 08:56:50,954] {dag.py:2914} INFO - Setting next_dagrun for python_dag_with_context to 2023-07-12T00:30:00+00:00
[2023-07-12 08:56:50,966] {processor.py:171} INFO - Processing /opt/ml/Boostcamp-AI-Tech-Product-Serving/yungi/airflow/dags/03-python-operator-with-context.py took 0.059 seconds
[2023-07-12 08:57:22,356] {processor.py:163} INFO - Started process (PID=17583) to work on /opt/ml/Boostcamp-AI-Tech-Product-Serving/yungi/airflow/dags/03-python-operator-with-context.py
[2023-07-12 08:57:22,357] {processor.py:620} INFO - Processing file /opt/ml/Boostcamp-AI-Tech-Product-Serving/yungi/airflow/dags/03-python-operator-with-context.py for tasks to queue
[2023-07-12 08:57:22,358] {logging_mixin.py:109} INFO - [2023-07-12 08:57:22,357] {dagbag.py:500} INFO - Filling up the DagBag from /opt/ml/Boostcamp-AI-Tech-Product-Serving/yungi/airflow/dags/03-python-operator-with-context.py
[2023-07-12 08:57:22,375] {processor.py:632} INFO - DAG(s) dict_keys(['python_dag_with_context']) retrieved from /opt/ml/Boostcamp-AI-Tech-Product-Serving/yungi/airflow/dags/03-python-operator-with-context.py
[2023-07-12 08:57:22,379] {logging_mixin.py:109} WARNING - /opt/conda/lib/python3.8/site-packages/airflow/models/serialized_dag.py:120 SAWarning: TypeDecorator UtcDateTime(timezone=True) will not produce a cache key because the ``cache_ok`` attribute is not set to True.  This can have significant performance implications including some performance degradations in comparison to prior SQLAlchemy versions.  Set this attribute to True if this type object's state is safe to use in a cache key, or False to disable this warning. (Background on this error at: https://sqlalche.me/e/14/cprf)
[2023-07-12 08:57:22,385] {logging_mixin.py:109} INFO - [2023-07-12 08:57:22,385] {dag.py:2389} INFO - Sync 1 DAGs
[2023-07-12 08:57:22,394] {logging_mixin.py:109} WARNING - /opt/conda/lib/python3.8/site-packages/airflow/models/dag.py:2426 SAWarning: TypeDecorator UtcDateTime(timezone=True) will not produce a cache key because the ``cache_ok`` attribute is not set to True.  This can have significant performance implications including some performance degradations in comparison to prior SQLAlchemy versions.  Set this attribute to True if this type object's state is safe to use in a cache key, or False to disable this warning. (Background on this error at: https://sqlalche.me/e/14/cprf)
[2023-07-12 08:57:22,399] {logging_mixin.py:109} INFO - [2023-07-12 08:57:22,399] {dag.py:2914} INFO - Setting next_dagrun for python_dag_with_context to 2023-07-12T00:30:00+00:00
[2023-07-12 08:57:22,408] {processor.py:171} INFO - Processing /opt/ml/Boostcamp-AI-Tech-Product-Serving/yungi/airflow/dags/03-python-operator-with-context.py took 0.055 seconds
[2023-07-12 08:57:57,016] {processor.py:163} INFO - Started process (PID=17616) to work on /opt/ml/Boostcamp-AI-Tech-Product-Serving/yungi/airflow/dags/03-python-operator-with-context.py
[2023-07-12 08:57:57,017] {processor.py:620} INFO - Processing file /opt/ml/Boostcamp-AI-Tech-Product-Serving/yungi/airflow/dags/03-python-operator-with-context.py for tasks to queue
[2023-07-12 08:57:57,017] {logging_mixin.py:109} INFO - [2023-07-12 08:57:57,017] {dagbag.py:500} INFO - Filling up the DagBag from /opt/ml/Boostcamp-AI-Tech-Product-Serving/yungi/airflow/dags/03-python-operator-with-context.py
[2023-07-12 08:57:57,035] {processor.py:632} INFO - DAG(s) dict_keys(['python_dag_with_context']) retrieved from /opt/ml/Boostcamp-AI-Tech-Product-Serving/yungi/airflow/dags/03-python-operator-with-context.py
[2023-07-12 08:57:57,039] {logging_mixin.py:109} WARNING - /opt/conda/lib/python3.8/site-packages/airflow/models/serialized_dag.py:120 SAWarning: TypeDecorator UtcDateTime(timezone=True) will not produce a cache key because the ``cache_ok`` attribute is not set to True.  This can have significant performance implications including some performance degradations in comparison to prior SQLAlchemy versions.  Set this attribute to True if this type object's state is safe to use in a cache key, or False to disable this warning. (Background on this error at: https://sqlalche.me/e/14/cprf)
[2023-07-12 08:57:57,045] {logging_mixin.py:109} INFO - [2023-07-12 08:57:57,045] {dag.py:2389} INFO - Sync 1 DAGs
[2023-07-12 08:57:57,054] {logging_mixin.py:109} WARNING - /opt/conda/lib/python3.8/site-packages/airflow/models/dag.py:2426 SAWarning: TypeDecorator UtcDateTime(timezone=True) will not produce a cache key because the ``cache_ok`` attribute is not set to True.  This can have significant performance implications including some performance degradations in comparison to prior SQLAlchemy versions.  Set this attribute to True if this type object's state is safe to use in a cache key, or False to disable this warning. (Background on this error at: https://sqlalche.me/e/14/cprf)
[2023-07-12 08:57:57,059] {logging_mixin.py:109} INFO - [2023-07-12 08:57:57,059] {dag.py:2914} INFO - Setting next_dagrun for python_dag_with_context to 2023-07-12T00:30:00+00:00
[2023-07-12 08:57:57,069] {processor.py:171} INFO - Processing /opt/ml/Boostcamp-AI-Tech-Product-Serving/yungi/airflow/dags/03-python-operator-with-context.py took 0.056 seconds
[2023-07-12 08:58:30,221] {processor.py:163} INFO - Started process (PID=17648) to work on /opt/ml/Boostcamp-AI-Tech-Product-Serving/yungi/airflow/dags/03-python-operator-with-context.py
[2023-07-12 08:58:30,222] {processor.py:620} INFO - Processing file /opt/ml/Boostcamp-AI-Tech-Product-Serving/yungi/airflow/dags/03-python-operator-with-context.py for tasks to queue
[2023-07-12 08:58:30,222] {logging_mixin.py:109} INFO - [2023-07-12 08:58:30,222] {dagbag.py:500} INFO - Filling up the DagBag from /opt/ml/Boostcamp-AI-Tech-Product-Serving/yungi/airflow/dags/03-python-operator-with-context.py
[2023-07-12 08:58:30,241] {processor.py:632} INFO - DAG(s) dict_keys(['python_dag_with_context']) retrieved from /opt/ml/Boostcamp-AI-Tech-Product-Serving/yungi/airflow/dags/03-python-operator-with-context.py
[2023-07-12 08:58:30,245] {logging_mixin.py:109} WARNING - /opt/conda/lib/python3.8/site-packages/airflow/models/serialized_dag.py:120 SAWarning: TypeDecorator UtcDateTime(timezone=True) will not produce a cache key because the ``cache_ok`` attribute is not set to True.  This can have significant performance implications including some performance degradations in comparison to prior SQLAlchemy versions.  Set this attribute to True if this type object's state is safe to use in a cache key, or False to disable this warning. (Background on this error at: https://sqlalche.me/e/14/cprf)
[2023-07-12 08:58:30,250] {logging_mixin.py:109} INFO - [2023-07-12 08:58:30,250] {dag.py:2389} INFO - Sync 1 DAGs
[2023-07-12 08:58:30,260] {logging_mixin.py:109} WARNING - /opt/conda/lib/python3.8/site-packages/airflow/models/dag.py:2426 SAWarning: TypeDecorator UtcDateTime(timezone=True) will not produce a cache key because the ``cache_ok`` attribute is not set to True.  This can have significant performance implications including some performance degradations in comparison to prior SQLAlchemy versions.  Set this attribute to True if this type object's state is safe to use in a cache key, or False to disable this warning. (Background on this error at: https://sqlalche.me/e/14/cprf)
[2023-07-12 08:58:30,264] {logging_mixin.py:109} INFO - [2023-07-12 08:58:30,264] {dag.py:2914} INFO - Setting next_dagrun for python_dag_with_context to 2023-07-12T00:30:00+00:00
[2023-07-12 08:58:30,275] {processor.py:171} INFO - Processing /opt/ml/Boostcamp-AI-Tech-Product-Serving/yungi/airflow/dags/03-python-operator-with-context.py took 0.056 seconds
[2023-07-12 08:59:03,584] {processor.py:163} INFO - Started process (PID=17680) to work on /opt/ml/Boostcamp-AI-Tech-Product-Serving/yungi/airflow/dags/03-python-operator-with-context.py
[2023-07-12 08:59:03,585] {processor.py:620} INFO - Processing file /opt/ml/Boostcamp-AI-Tech-Product-Serving/yungi/airflow/dags/03-python-operator-with-context.py for tasks to queue
[2023-07-12 08:59:03,585] {logging_mixin.py:109} INFO - [2023-07-12 08:59:03,585] {dagbag.py:500} INFO - Filling up the DagBag from /opt/ml/Boostcamp-AI-Tech-Product-Serving/yungi/airflow/dags/03-python-operator-with-context.py
[2023-07-12 08:59:03,603] {processor.py:632} INFO - DAG(s) dict_keys(['python_dag_with_context']) retrieved from /opt/ml/Boostcamp-AI-Tech-Product-Serving/yungi/airflow/dags/03-python-operator-with-context.py
[2023-07-12 08:59:03,607] {logging_mixin.py:109} WARNING - /opt/conda/lib/python3.8/site-packages/airflow/models/serialized_dag.py:120 SAWarning: TypeDecorator UtcDateTime(timezone=True) will not produce a cache key because the ``cache_ok`` attribute is not set to True.  This can have significant performance implications including some performance degradations in comparison to prior SQLAlchemy versions.  Set this attribute to True if this type object's state is safe to use in a cache key, or False to disable this warning. (Background on this error at: https://sqlalche.me/e/14/cprf)
[2023-07-12 08:59:03,612] {logging_mixin.py:109} INFO - [2023-07-12 08:59:03,612] {dag.py:2389} INFO - Sync 1 DAGs
[2023-07-12 08:59:03,621] {logging_mixin.py:109} WARNING - /opt/conda/lib/python3.8/site-packages/airflow/models/dag.py:2426 SAWarning: TypeDecorator UtcDateTime(timezone=True) will not produce a cache key because the ``cache_ok`` attribute is not set to True.  This can have significant performance implications including some performance degradations in comparison to prior SQLAlchemy versions.  Set this attribute to True if this type object's state is safe to use in a cache key, or False to disable this warning. (Background on this error at: https://sqlalche.me/e/14/cprf)
[2023-07-12 08:59:03,626] {logging_mixin.py:109} INFO - [2023-07-12 08:59:03,626] {dag.py:2914} INFO - Setting next_dagrun for python_dag_with_context to 2023-07-12T00:30:00+00:00
[2023-07-12 08:59:03,636] {processor.py:171} INFO - Processing /opt/ml/Boostcamp-AI-Tech-Product-Serving/yungi/airflow/dags/03-python-operator-with-context.py took 0.054 seconds
[2023-07-12 08:59:35,605] {processor.py:163} INFO - Started process (PID=17710) to work on /opt/ml/Boostcamp-AI-Tech-Product-Serving/yungi/airflow/dags/03-python-operator-with-context.py
[2023-07-12 08:59:35,606] {processor.py:620} INFO - Processing file /opt/ml/Boostcamp-AI-Tech-Product-Serving/yungi/airflow/dags/03-python-operator-with-context.py for tasks to queue
[2023-07-12 08:59:35,607] {logging_mixin.py:109} INFO - [2023-07-12 08:59:35,606] {dagbag.py:500} INFO - Filling up the DagBag from /opt/ml/Boostcamp-AI-Tech-Product-Serving/yungi/airflow/dags/03-python-operator-with-context.py
[2023-07-12 08:59:35,624] {processor.py:632} INFO - DAG(s) dict_keys(['python_dag_with_context']) retrieved from /opt/ml/Boostcamp-AI-Tech-Product-Serving/yungi/airflow/dags/03-python-operator-with-context.py
[2023-07-12 08:59:35,628] {logging_mixin.py:109} WARNING - /opt/conda/lib/python3.8/site-packages/airflow/models/serialized_dag.py:120 SAWarning: TypeDecorator UtcDateTime(timezone=True) will not produce a cache key because the ``cache_ok`` attribute is not set to True.  This can have significant performance implications including some performance degradations in comparison to prior SQLAlchemy versions.  Set this attribute to True if this type object's state is safe to use in a cache key, or False to disable this warning. (Background on this error at: https://sqlalche.me/e/14/cprf)
[2023-07-12 08:59:35,634] {logging_mixin.py:109} INFO - [2023-07-12 08:59:35,634] {dag.py:2389} INFO - Sync 1 DAGs
[2023-07-12 08:59:35,643] {logging_mixin.py:109} WARNING - /opt/conda/lib/python3.8/site-packages/airflow/models/dag.py:2426 SAWarning: TypeDecorator UtcDateTime(timezone=True) will not produce a cache key because the ``cache_ok`` attribute is not set to True.  This can have significant performance implications including some performance degradations in comparison to prior SQLAlchemy versions.  Set this attribute to True if this type object's state is safe to use in a cache key, or False to disable this warning. (Background on this error at: https://sqlalche.me/e/14/cprf)
[2023-07-12 08:59:35,647] {logging_mixin.py:109} INFO - [2023-07-12 08:59:35,647] {dag.py:2914} INFO - Setting next_dagrun for python_dag_with_context to 2023-07-12T00:30:00+00:00
[2023-07-12 08:59:35,658] {processor.py:171} INFO - Processing /opt/ml/Boostcamp-AI-Tech-Product-Serving/yungi/airflow/dags/03-python-operator-with-context.py took 0.055 seconds
[2023-07-12 09:00:08,742] {processor.py:163} INFO - Started process (PID=17742) to work on /opt/ml/Boostcamp-AI-Tech-Product-Serving/yungi/airflow/dags/03-python-operator-with-context.py
[2023-07-12 09:00:08,745] {processor.py:620} INFO - Processing file /opt/ml/Boostcamp-AI-Tech-Product-Serving/yungi/airflow/dags/03-python-operator-with-context.py for tasks to queue
[2023-07-12 09:00:08,745] {logging_mixin.py:109} INFO - [2023-07-12 09:00:08,745] {dagbag.py:500} INFO - Filling up the DagBag from /opt/ml/Boostcamp-AI-Tech-Product-Serving/yungi/airflow/dags/03-python-operator-with-context.py
[2023-07-12 09:00:08,763] {processor.py:632} INFO - DAG(s) dict_keys(['python_dag_with_context']) retrieved from /opt/ml/Boostcamp-AI-Tech-Product-Serving/yungi/airflow/dags/03-python-operator-with-context.py
[2023-07-12 09:00:08,767] {logging_mixin.py:109} WARNING - /opt/conda/lib/python3.8/site-packages/airflow/models/serialized_dag.py:120 SAWarning: TypeDecorator UtcDateTime(timezone=True) will not produce a cache key because the ``cache_ok`` attribute is not set to True.  This can have significant performance implications including some performance degradations in comparison to prior SQLAlchemy versions.  Set this attribute to True if this type object's state is safe to use in a cache key, or False to disable this warning. (Background on this error at: https://sqlalche.me/e/14/cprf)
[2023-07-12 09:00:08,773] {logging_mixin.py:109} INFO - [2023-07-12 09:00:08,772] {dag.py:2389} INFO - Sync 1 DAGs
[2023-07-12 09:00:08,782] {logging_mixin.py:109} WARNING - /opt/conda/lib/python3.8/site-packages/airflow/models/dag.py:2426 SAWarning: TypeDecorator UtcDateTime(timezone=True) will not produce a cache key because the ``cache_ok`` attribute is not set to True.  This can have significant performance implications including some performance degradations in comparison to prior SQLAlchemy versions.  Set this attribute to True if this type object's state is safe to use in a cache key, or False to disable this warning. (Background on this error at: https://sqlalche.me/e/14/cprf)
[2023-07-12 09:00:08,787] {logging_mixin.py:109} INFO - [2023-07-12 09:00:08,786] {dag.py:2914} INFO - Setting next_dagrun for python_dag_with_context to 2023-07-12T00:30:00+00:00
[2023-07-12 09:00:08,800] {processor.py:171} INFO - Processing /opt/ml/Boostcamp-AI-Tech-Product-Serving/yungi/airflow/dags/03-python-operator-with-context.py took 0.060 seconds
[2023-07-12 09:00:41,170] {processor.py:163} INFO - Started process (PID=17773) to work on /opt/ml/Boostcamp-AI-Tech-Product-Serving/yungi/airflow/dags/03-python-operator-with-context.py
[2023-07-12 09:00:41,171] {processor.py:620} INFO - Processing file /opt/ml/Boostcamp-AI-Tech-Product-Serving/yungi/airflow/dags/03-python-operator-with-context.py for tasks to queue
[2023-07-12 09:00:41,171] {logging_mixin.py:109} INFO - [2023-07-12 09:00:41,171] {dagbag.py:500} INFO - Filling up the DagBag from /opt/ml/Boostcamp-AI-Tech-Product-Serving/yungi/airflow/dags/03-python-operator-with-context.py
[2023-07-12 09:00:41,189] {processor.py:632} INFO - DAG(s) dict_keys(['python_dag_with_context']) retrieved from /opt/ml/Boostcamp-AI-Tech-Product-Serving/yungi/airflow/dags/03-python-operator-with-context.py
[2023-07-12 09:00:41,193] {logging_mixin.py:109} WARNING - /opt/conda/lib/python3.8/site-packages/airflow/models/serialized_dag.py:120 SAWarning: TypeDecorator UtcDateTime(timezone=True) will not produce a cache key because the ``cache_ok`` attribute is not set to True.  This can have significant performance implications including some performance degradations in comparison to prior SQLAlchemy versions.  Set this attribute to True if this type object's state is safe to use in a cache key, or False to disable this warning. (Background on this error at: https://sqlalche.me/e/14/cprf)
[2023-07-12 09:00:41,198] {logging_mixin.py:109} INFO - [2023-07-12 09:00:41,198] {dag.py:2389} INFO - Sync 1 DAGs
[2023-07-12 09:00:41,207] {logging_mixin.py:109} WARNING - /opt/conda/lib/python3.8/site-packages/airflow/models/dag.py:2426 SAWarning: TypeDecorator UtcDateTime(timezone=True) will not produce a cache key because the ``cache_ok`` attribute is not set to True.  This can have significant performance implications including some performance degradations in comparison to prior SQLAlchemy versions.  Set this attribute to True if this type object's state is safe to use in a cache key, or False to disable this warning. (Background on this error at: https://sqlalche.me/e/14/cprf)
[2023-07-12 09:00:41,212] {logging_mixin.py:109} INFO - [2023-07-12 09:00:41,212] {dag.py:2914} INFO - Setting next_dagrun for python_dag_with_context to 2023-07-12T00:30:00+00:00
[2023-07-12 09:00:41,222] {processor.py:171} INFO - Processing /opt/ml/Boostcamp-AI-Tech-Product-Serving/yungi/airflow/dags/03-python-operator-with-context.py took 0.055 seconds
[2023-07-12 09:01:16,154] {processor.py:163} INFO - Started process (PID=17807) to work on /opt/ml/Boostcamp-AI-Tech-Product-Serving/yungi/airflow/dags/03-python-operator-with-context.py
[2023-07-12 09:01:16,155] {processor.py:620} INFO - Processing file /opt/ml/Boostcamp-AI-Tech-Product-Serving/yungi/airflow/dags/03-python-operator-with-context.py for tasks to queue
[2023-07-12 09:01:16,155] {logging_mixin.py:109} INFO - [2023-07-12 09:01:16,155] {dagbag.py:500} INFO - Filling up the DagBag from /opt/ml/Boostcamp-AI-Tech-Product-Serving/yungi/airflow/dags/03-python-operator-with-context.py
[2023-07-12 09:01:16,173] {processor.py:632} INFO - DAG(s) dict_keys(['python_dag_with_context']) retrieved from /opt/ml/Boostcamp-AI-Tech-Product-Serving/yungi/airflow/dags/03-python-operator-with-context.py
[2023-07-12 09:01:16,177] {logging_mixin.py:109} WARNING - /opt/conda/lib/python3.8/site-packages/airflow/models/serialized_dag.py:120 SAWarning: TypeDecorator UtcDateTime(timezone=True) will not produce a cache key because the ``cache_ok`` attribute is not set to True.  This can have significant performance implications including some performance degradations in comparison to prior SQLAlchemy versions.  Set this attribute to True if this type object's state is safe to use in a cache key, or False to disable this warning. (Background on this error at: https://sqlalche.me/e/14/cprf)
[2023-07-12 09:01:16,183] {logging_mixin.py:109} INFO - [2023-07-12 09:01:16,183] {dag.py:2389} INFO - Sync 1 DAGs
[2023-07-12 09:01:16,192] {logging_mixin.py:109} WARNING - /opt/conda/lib/python3.8/site-packages/airflow/models/dag.py:2426 SAWarning: TypeDecorator UtcDateTime(timezone=True) will not produce a cache key because the ``cache_ok`` attribute is not set to True.  This can have significant performance implications including some performance degradations in comparison to prior SQLAlchemy versions.  Set this attribute to True if this type object's state is safe to use in a cache key, or False to disable this warning. (Background on this error at: https://sqlalche.me/e/14/cprf)
[2023-07-12 09:01:16,196] {logging_mixin.py:109} INFO - [2023-07-12 09:01:16,196] {dag.py:2914} INFO - Setting next_dagrun for python_dag_with_context to 2023-07-12T00:30:00+00:00
[2023-07-12 09:01:16,207] {processor.py:171} INFO - Processing /opt/ml/Boostcamp-AI-Tech-Product-Serving/yungi/airflow/dags/03-python-operator-with-context.py took 0.056 seconds
[2023-07-12 09:01:34,184] {processor.py:163} INFO - Started process (PID=17824) to work on /opt/ml/Boostcamp-AI-Tech-Product-Serving/yungi/airflow/dags/03-python-operator-with-context.py
[2023-07-12 09:01:34,185] {processor.py:620} INFO - Processing file /opt/ml/Boostcamp-AI-Tech-Product-Serving/yungi/airflow/dags/03-python-operator-with-context.py for tasks to queue
[2023-07-12 09:01:34,185] {logging_mixin.py:109} INFO - [2023-07-12 09:01:34,185] {dagbag.py:500} INFO - Filling up the DagBag from /opt/ml/Boostcamp-AI-Tech-Product-Serving/yungi/airflow/dags/03-python-operator-with-context.py
[2023-07-12 09:01:34,203] {processor.py:632} INFO - DAG(s) dict_keys(['python_dag_with_context']) retrieved from /opt/ml/Boostcamp-AI-Tech-Product-Serving/yungi/airflow/dags/03-python-operator-with-context.py
[2023-07-12 09:01:34,208] {logging_mixin.py:109} WARNING - /opt/conda/lib/python3.8/site-packages/airflow/models/serialized_dag.py:120 SAWarning: TypeDecorator UtcDateTime(timezone=True) will not produce a cache key because the ``cache_ok`` attribute is not set to True.  This can have significant performance implications including some performance degradations in comparison to prior SQLAlchemy versions.  Set this attribute to True if this type object's state is safe to use in a cache key, or False to disable this warning. (Background on this error at: https://sqlalche.me/e/14/cprf)
[2023-07-12 09:01:34,213] {logging_mixin.py:109} INFO - [2023-07-12 09:01:34,213] {dag.py:2389} INFO - Sync 1 DAGs
[2023-07-12 09:01:34,222] {logging_mixin.py:109} WARNING - /opt/conda/lib/python3.8/site-packages/airflow/models/dag.py:2426 SAWarning: TypeDecorator UtcDateTime(timezone=True) will not produce a cache key because the ``cache_ok`` attribute is not set to True.  This can have significant performance implications including some performance degradations in comparison to prior SQLAlchemy versions.  Set this attribute to True if this type object's state is safe to use in a cache key, or False to disable this warning. (Background on this error at: https://sqlalche.me/e/14/cprf)
[2023-07-12 09:01:34,227] {logging_mixin.py:109} INFO - [2023-07-12 09:01:34,227] {dag.py:2914} INFO - Setting next_dagrun for python_dag_with_context to 2023-07-12T00:30:00+00:00
[2023-07-12 09:01:34,239] {processor.py:171} INFO - Processing /opt/ml/Boostcamp-AI-Tech-Product-Serving/yungi/airflow/dags/03-python-operator-with-context.py took 0.057 seconds
[2023-07-12 09:02:09,543] {processor.py:163} INFO - Started process (PID=17860) to work on /opt/ml/Boostcamp-AI-Tech-Product-Serving/yungi/airflow/dags/03-python-operator-with-context.py
[2023-07-12 09:02:09,544] {processor.py:620} INFO - Processing file /opt/ml/Boostcamp-AI-Tech-Product-Serving/yungi/airflow/dags/03-python-operator-with-context.py for tasks to queue
[2023-07-12 09:02:09,544] {logging_mixin.py:109} INFO - [2023-07-12 09:02:09,544] {dagbag.py:500} INFO - Filling up the DagBag from /opt/ml/Boostcamp-AI-Tech-Product-Serving/yungi/airflow/dags/03-python-operator-with-context.py
[2023-07-12 09:02:09,562] {processor.py:632} INFO - DAG(s) dict_keys(['python_dag_with_context']) retrieved from /opt/ml/Boostcamp-AI-Tech-Product-Serving/yungi/airflow/dags/03-python-operator-with-context.py
[2023-07-12 09:02:09,566] {logging_mixin.py:109} WARNING - /opt/conda/lib/python3.8/site-packages/airflow/models/serialized_dag.py:120 SAWarning: TypeDecorator UtcDateTime(timezone=True) will not produce a cache key because the ``cache_ok`` attribute is not set to True.  This can have significant performance implications including some performance degradations in comparison to prior SQLAlchemy versions.  Set this attribute to True if this type object's state is safe to use in a cache key, or False to disable this warning. (Background on this error at: https://sqlalche.me/e/14/cprf)
[2023-07-12 09:02:09,571] {logging_mixin.py:109} INFO - [2023-07-12 09:02:09,571] {dag.py:2389} INFO - Sync 1 DAGs
[2023-07-12 09:02:09,580] {logging_mixin.py:109} WARNING - /opt/conda/lib/python3.8/site-packages/airflow/models/dag.py:2426 SAWarning: TypeDecorator UtcDateTime(timezone=True) will not produce a cache key because the ``cache_ok`` attribute is not set to True.  This can have significant performance implications including some performance degradations in comparison to prior SQLAlchemy versions.  Set this attribute to True if this type object's state is safe to use in a cache key, or False to disable this warning. (Background on this error at: https://sqlalche.me/e/14/cprf)
[2023-07-12 09:02:09,586] {logging_mixin.py:109} INFO - [2023-07-12 09:02:09,586] {dag.py:2914} INFO - Setting next_dagrun for python_dag_with_context to 2023-07-12T00:30:00+00:00
[2023-07-12 09:02:09,595] {processor.py:171} INFO - Processing /opt/ml/Boostcamp-AI-Tech-Product-Serving/yungi/airflow/dags/03-python-operator-with-context.py took 0.055 seconds
[2023-07-12 09:02:45,827] {processor.py:163} INFO - Started process (PID=17894) to work on /opt/ml/Boostcamp-AI-Tech-Product-Serving/yungi/airflow/dags/03-python-operator-with-context.py
[2023-07-12 09:02:45,828] {processor.py:620} INFO - Processing file /opt/ml/Boostcamp-AI-Tech-Product-Serving/yungi/airflow/dags/03-python-operator-with-context.py for tasks to queue
[2023-07-12 09:02:45,829] {logging_mixin.py:109} INFO - [2023-07-12 09:02:45,829] {dagbag.py:500} INFO - Filling up the DagBag from /opt/ml/Boostcamp-AI-Tech-Product-Serving/yungi/airflow/dags/03-python-operator-with-context.py
[2023-07-12 09:02:45,846] {processor.py:632} INFO - DAG(s) dict_keys(['python_dag_with_context']) retrieved from /opt/ml/Boostcamp-AI-Tech-Product-Serving/yungi/airflow/dags/03-python-operator-with-context.py
[2023-07-12 09:02:45,850] {logging_mixin.py:109} WARNING - /opt/conda/lib/python3.8/site-packages/airflow/models/serialized_dag.py:120 SAWarning: TypeDecorator UtcDateTime(timezone=True) will not produce a cache key because the ``cache_ok`` attribute is not set to True.  This can have significant performance implications including some performance degradations in comparison to prior SQLAlchemy versions.  Set this attribute to True if this type object's state is safe to use in a cache key, or False to disable this warning. (Background on this error at: https://sqlalche.me/e/14/cprf)
[2023-07-12 09:02:45,856] {logging_mixin.py:109} INFO - [2023-07-12 09:02:45,856] {dag.py:2389} INFO - Sync 1 DAGs
[2023-07-12 09:02:45,866] {logging_mixin.py:109} WARNING - /opt/conda/lib/python3.8/site-packages/airflow/models/dag.py:2426 SAWarning: TypeDecorator UtcDateTime(timezone=True) will not produce a cache key because the ``cache_ok`` attribute is not set to True.  This can have significant performance implications including some performance degradations in comparison to prior SQLAlchemy versions.  Set this attribute to True if this type object's state is safe to use in a cache key, or False to disable this warning. (Background on this error at: https://sqlalche.me/e/14/cprf)
[2023-07-12 09:02:45,870] {logging_mixin.py:109} INFO - [2023-07-12 09:02:45,870] {dag.py:2914} INFO - Setting next_dagrun for python_dag_with_context to 2023-07-12T00:30:00+00:00
[2023-07-12 09:02:45,944] {processor.py:171} INFO - Processing /opt/ml/Boostcamp-AI-Tech-Product-Serving/yungi/airflow/dags/03-python-operator-with-context.py took 0.119 seconds
[2023-07-12 09:03:22,565] {processor.py:163} INFO - Started process (PID=17928) to work on /opt/ml/Boostcamp-AI-Tech-Product-Serving/yungi/airflow/dags/03-python-operator-with-context.py
[2023-07-12 09:03:22,567] {processor.py:620} INFO - Processing file /opt/ml/Boostcamp-AI-Tech-Product-Serving/yungi/airflow/dags/03-python-operator-with-context.py for tasks to queue
[2023-07-12 09:03:22,567] {logging_mixin.py:109} INFO - [2023-07-12 09:03:22,567] {dagbag.py:500} INFO - Filling up the DagBag from /opt/ml/Boostcamp-AI-Tech-Product-Serving/yungi/airflow/dags/03-python-operator-with-context.py
[2023-07-12 09:03:22,583] {processor.py:632} INFO - DAG(s) dict_keys(['python_dag_with_context']) retrieved from /opt/ml/Boostcamp-AI-Tech-Product-Serving/yungi/airflow/dags/03-python-operator-with-context.py
[2023-07-12 09:03:22,587] {logging_mixin.py:109} WARNING - /opt/conda/lib/python3.8/site-packages/airflow/models/serialized_dag.py:120 SAWarning: TypeDecorator UtcDateTime(timezone=True) will not produce a cache key because the ``cache_ok`` attribute is not set to True.  This can have significant performance implications including some performance degradations in comparison to prior SQLAlchemy versions.  Set this attribute to True if this type object's state is safe to use in a cache key, or False to disable this warning. (Background on this error at: https://sqlalche.me/e/14/cprf)
[2023-07-12 09:03:22,593] {logging_mixin.py:109} INFO - [2023-07-12 09:03:22,593] {dag.py:2389} INFO - Sync 1 DAGs
[2023-07-12 09:03:22,602] {logging_mixin.py:109} WARNING - /opt/conda/lib/python3.8/site-packages/airflow/models/dag.py:2426 SAWarning: TypeDecorator UtcDateTime(timezone=True) will not produce a cache key because the ``cache_ok`` attribute is not set to True.  This can have significant performance implications including some performance degradations in comparison to prior SQLAlchemy versions.  Set this attribute to True if this type object's state is safe to use in a cache key, or False to disable this warning. (Background on this error at: https://sqlalche.me/e/14/cprf)
[2023-07-12 09:03:22,607] {logging_mixin.py:109} INFO - [2023-07-12 09:03:22,607] {dag.py:2914} INFO - Setting next_dagrun for python_dag_with_context to 2023-07-12T00:30:00+00:00
[2023-07-12 09:03:22,682] {processor.py:171} INFO - Processing /opt/ml/Boostcamp-AI-Tech-Product-Serving/yungi/airflow/dags/03-python-operator-with-context.py took 0.119 seconds
[2023-07-12 09:03:55,230] {processor.py:163} INFO - Started process (PID=17957) to work on /opt/ml/Boostcamp-AI-Tech-Product-Serving/yungi/airflow/dags/03-python-operator-with-context.py
[2023-07-12 09:03:55,230] {processor.py:620} INFO - Processing file /opt/ml/Boostcamp-AI-Tech-Product-Serving/yungi/airflow/dags/03-python-operator-with-context.py for tasks to queue
[2023-07-12 09:03:55,231] {logging_mixin.py:109} INFO - [2023-07-12 09:03:55,230] {dagbag.py:500} INFO - Filling up the DagBag from /opt/ml/Boostcamp-AI-Tech-Product-Serving/yungi/airflow/dags/03-python-operator-with-context.py
[2023-07-12 09:03:55,249] {processor.py:632} INFO - DAG(s) dict_keys(['python_dag_with_context']) retrieved from /opt/ml/Boostcamp-AI-Tech-Product-Serving/yungi/airflow/dags/03-python-operator-with-context.py
[2023-07-12 09:03:55,253] {logging_mixin.py:109} WARNING - /opt/conda/lib/python3.8/site-packages/airflow/models/serialized_dag.py:120 SAWarning: TypeDecorator UtcDateTime(timezone=True) will not produce a cache key because the ``cache_ok`` attribute is not set to True.  This can have significant performance implications including some performance degradations in comparison to prior SQLAlchemy versions.  Set this attribute to True if this type object's state is safe to use in a cache key, or False to disable this warning. (Background on this error at: https://sqlalche.me/e/14/cprf)
[2023-07-12 09:03:55,258] {logging_mixin.py:109} INFO - [2023-07-12 09:03:55,258] {dag.py:2389} INFO - Sync 1 DAGs
[2023-07-12 09:03:55,268] {logging_mixin.py:109} WARNING - /opt/conda/lib/python3.8/site-packages/airflow/models/dag.py:2426 SAWarning: TypeDecorator UtcDateTime(timezone=True) will not produce a cache key because the ``cache_ok`` attribute is not set to True.  This can have significant performance implications including some performance degradations in comparison to prior SQLAlchemy versions.  Set this attribute to True if this type object's state is safe to use in a cache key, or False to disable this warning. (Background on this error at: https://sqlalche.me/e/14/cprf)
[2023-07-12 09:03:55,340] {logging_mixin.py:109} INFO - [2023-07-12 09:03:55,340] {dag.py:2914} INFO - Setting next_dagrun for python_dag_with_context to 2023-07-12T00:30:00+00:00
[2023-07-12 09:03:55,351] {processor.py:171} INFO - Processing /opt/ml/Boostcamp-AI-Tech-Product-Serving/yungi/airflow/dags/03-python-operator-with-context.py took 0.124 seconds
[2023-07-12 09:04:30,477] {processor.py:163} INFO - Started process (PID=17989) to work on /opt/ml/Boostcamp-AI-Tech-Product-Serving/yungi/airflow/dags/03-python-operator-with-context.py
[2023-07-12 09:04:30,480] {processor.py:620} INFO - Processing file /opt/ml/Boostcamp-AI-Tech-Product-Serving/yungi/airflow/dags/03-python-operator-with-context.py for tasks to queue
[2023-07-12 09:04:30,481] {logging_mixin.py:109} INFO - [2023-07-12 09:04:30,480] {dagbag.py:500} INFO - Filling up the DagBag from /opt/ml/Boostcamp-AI-Tech-Product-Serving/yungi/airflow/dags/03-python-operator-with-context.py
[2023-07-12 09:04:30,498] {processor.py:632} INFO - DAG(s) dict_keys(['python_dag_with_context']) retrieved from /opt/ml/Boostcamp-AI-Tech-Product-Serving/yungi/airflow/dags/03-python-operator-with-context.py
[2023-07-12 09:04:30,502] {logging_mixin.py:109} WARNING - /opt/conda/lib/python3.8/site-packages/airflow/models/serialized_dag.py:120 SAWarning: TypeDecorator UtcDateTime(timezone=True) will not produce a cache key because the ``cache_ok`` attribute is not set to True.  This can have significant performance implications including some performance degradations in comparison to prior SQLAlchemy versions.  Set this attribute to True if this type object's state is safe to use in a cache key, or False to disable this warning. (Background on this error at: https://sqlalche.me/e/14/cprf)
[2023-07-12 09:04:30,508] {logging_mixin.py:109} INFO - [2023-07-12 09:04:30,508] {dag.py:2389} INFO - Sync 1 DAGs
[2023-07-12 09:04:30,581] {logging_mixin.py:109} WARNING - /opt/conda/lib/python3.8/site-packages/airflow/models/dag.py:2426 SAWarning: TypeDecorator UtcDateTime(timezone=True) will not produce a cache key because the ``cache_ok`` attribute is not set to True.  This can have significant performance implications including some performance degradations in comparison to prior SQLAlchemy versions.  Set this attribute to True if this type object's state is safe to use in a cache key, or False to disable this warning. (Background on this error at: https://sqlalche.me/e/14/cprf)
[2023-07-12 09:04:30,586] {logging_mixin.py:109} INFO - [2023-07-12 09:04:30,586] {dag.py:2914} INFO - Setting next_dagrun for python_dag_with_context to 2023-07-12T00:30:00+00:00
[2023-07-12 09:04:30,598] {processor.py:171} INFO - Processing /opt/ml/Boostcamp-AI-Tech-Product-Serving/yungi/airflow/dags/03-python-operator-with-context.py took 0.123 seconds
[2023-07-12 09:05:01,606] {processor.py:163} INFO - Started process (PID=18018) to work on /opt/ml/Boostcamp-AI-Tech-Product-Serving/yungi/airflow/dags/03-python-operator-with-context.py
[2023-07-12 09:05:01,607] {processor.py:620} INFO - Processing file /opt/ml/Boostcamp-AI-Tech-Product-Serving/yungi/airflow/dags/03-python-operator-with-context.py for tasks to queue
[2023-07-12 09:05:01,607] {logging_mixin.py:109} INFO - [2023-07-12 09:05:01,607] {dagbag.py:500} INFO - Filling up the DagBag from /opt/ml/Boostcamp-AI-Tech-Product-Serving/yungi/airflow/dags/03-python-operator-with-context.py
[2023-07-12 09:05:01,625] {processor.py:632} INFO - DAG(s) dict_keys(['python_dag_with_context']) retrieved from /opt/ml/Boostcamp-AI-Tech-Product-Serving/yungi/airflow/dags/03-python-operator-with-context.py
[2023-07-12 09:05:01,629] {logging_mixin.py:109} WARNING - /opt/conda/lib/python3.8/site-packages/airflow/models/serialized_dag.py:120 SAWarning: TypeDecorator UtcDateTime(timezone=True) will not produce a cache key because the ``cache_ok`` attribute is not set to True.  This can have significant performance implications including some performance degradations in comparison to prior SQLAlchemy versions.  Set this attribute to True if this type object's state is safe to use in a cache key, or False to disable this warning. (Background on this error at: https://sqlalche.me/e/14/cprf)
[2023-07-12 09:05:01,635] {logging_mixin.py:109} INFO - [2023-07-12 09:05:01,635] {dag.py:2389} INFO - Sync 1 DAGs
[2023-07-12 09:05:01,711] {logging_mixin.py:109} WARNING - /opt/conda/lib/python3.8/site-packages/airflow/models/dag.py:2426 SAWarning: TypeDecorator UtcDateTime(timezone=True) will not produce a cache key because the ``cache_ok`` attribute is not set to True.  This can have significant performance implications including some performance degradations in comparison to prior SQLAlchemy versions.  Set this attribute to True if this type object's state is safe to use in a cache key, or False to disable this warning. (Background on this error at: https://sqlalche.me/e/14/cprf)
[2023-07-12 09:05:01,716] {logging_mixin.py:109} INFO - [2023-07-12 09:05:01,716] {dag.py:2914} INFO - Setting next_dagrun for python_dag_with_context to 2023-07-12T00:30:00+00:00
[2023-07-12 09:05:01,728] {processor.py:171} INFO - Processing /opt/ml/Boostcamp-AI-Tech-Product-Serving/yungi/airflow/dags/03-python-operator-with-context.py took 0.125 seconds
[2023-07-12 09:05:40,846] {processor.py:163} INFO - Started process (PID=18054) to work on /opt/ml/Boostcamp-AI-Tech-Product-Serving/yungi/airflow/dags/03-python-operator-with-context.py
[2023-07-12 09:05:40,847] {processor.py:620} INFO - Processing file /opt/ml/Boostcamp-AI-Tech-Product-Serving/yungi/airflow/dags/03-python-operator-with-context.py for tasks to queue
[2023-07-12 09:05:40,847] {logging_mixin.py:109} INFO - [2023-07-12 09:05:40,847] {dagbag.py:500} INFO - Filling up the DagBag from /opt/ml/Boostcamp-AI-Tech-Product-Serving/yungi/airflow/dags/03-python-operator-with-context.py
[2023-07-12 09:05:40,865] {processor.py:632} INFO - DAG(s) dict_keys(['python_dag_with_context']) retrieved from /opt/ml/Boostcamp-AI-Tech-Product-Serving/yungi/airflow/dags/03-python-operator-with-context.py
[2023-07-12 09:05:40,870] {logging_mixin.py:109} WARNING - /opt/conda/lib/python3.8/site-packages/airflow/models/serialized_dag.py:120 SAWarning: TypeDecorator UtcDateTime(timezone=True) will not produce a cache key because the ``cache_ok`` attribute is not set to True.  This can have significant performance implications including some performance degradations in comparison to prior SQLAlchemy versions.  Set this attribute to True if this type object's state is safe to use in a cache key, or False to disable this warning. (Background on this error at: https://sqlalche.me/e/14/cprf)
[2023-07-12 09:05:40,875] {logging_mixin.py:109} INFO - [2023-07-12 09:05:40,875] {dag.py:2389} INFO - Sync 1 DAGs
[2023-07-12 09:05:40,948] {logging_mixin.py:109} WARNING - /opt/conda/lib/python3.8/site-packages/airflow/models/dag.py:2426 SAWarning: TypeDecorator UtcDateTime(timezone=True) will not produce a cache key because the ``cache_ok`` attribute is not set to True.  This can have significant performance implications including some performance degradations in comparison to prior SQLAlchemy versions.  Set this attribute to True if this type object's state is safe to use in a cache key, or False to disable this warning. (Background on this error at: https://sqlalche.me/e/14/cprf)
[2023-07-12 09:05:40,953] {logging_mixin.py:109} INFO - [2023-07-12 09:05:40,953] {dag.py:2914} INFO - Setting next_dagrun for python_dag_with_context to 2023-07-12T00:30:00+00:00
[2023-07-12 09:05:40,965] {processor.py:171} INFO - Processing /opt/ml/Boostcamp-AI-Tech-Product-Serving/yungi/airflow/dags/03-python-operator-with-context.py took 0.122 seconds
[2023-07-12 09:06:19,037] {processor.py:163} INFO - Started process (PID=18089) to work on /opt/ml/Boostcamp-AI-Tech-Product-Serving/yungi/airflow/dags/03-python-operator-with-context.py
[2023-07-12 09:06:19,041] {processor.py:620} INFO - Processing file /opt/ml/Boostcamp-AI-Tech-Product-Serving/yungi/airflow/dags/03-python-operator-with-context.py for tasks to queue
[2023-07-12 09:06:19,042] {logging_mixin.py:109} INFO - [2023-07-12 09:06:19,042] {dagbag.py:500} INFO - Filling up the DagBag from /opt/ml/Boostcamp-AI-Tech-Product-Serving/yungi/airflow/dags/03-python-operator-with-context.py
[2023-07-12 09:06:19,061] {processor.py:632} INFO - DAG(s) dict_keys(['python_dag_with_context']) retrieved from /opt/ml/Boostcamp-AI-Tech-Product-Serving/yungi/airflow/dags/03-python-operator-with-context.py
[2023-07-12 09:06:19,066] {logging_mixin.py:109} WARNING - /opt/conda/lib/python3.8/site-packages/airflow/models/serialized_dag.py:120 SAWarning: TypeDecorator UtcDateTime(timezone=True) will not produce a cache key because the ``cache_ok`` attribute is not set to True.  This can have significant performance implications including some performance degradations in comparison to prior SQLAlchemy versions.  Set this attribute to True if this type object's state is safe to use in a cache key, or False to disable this warning. (Background on this error at: https://sqlalche.me/e/14/cprf)
[2023-07-12 09:06:19,072] {logging_mixin.py:109} INFO - [2023-07-12 09:06:19,072] {dag.py:2389} INFO - Sync 1 DAGs
[2023-07-12 09:06:19,147] {logging_mixin.py:109} WARNING - /opt/conda/lib/python3.8/site-packages/airflow/models/dag.py:2426 SAWarning: TypeDecorator UtcDateTime(timezone=True) will not produce a cache key because the ``cache_ok`` attribute is not set to True.  This can have significant performance implications including some performance degradations in comparison to prior SQLAlchemy versions.  Set this attribute to True if this type object's state is safe to use in a cache key, or False to disable this warning. (Background on this error at: https://sqlalche.me/e/14/cprf)
[2023-07-12 09:06:19,152] {logging_mixin.py:109} INFO - [2023-07-12 09:06:19,152] {dag.py:2914} INFO - Setting next_dagrun for python_dag_with_context to 2023-07-12T00:30:00+00:00
[2023-07-12 09:06:19,161] {processor.py:171} INFO - Processing /opt/ml/Boostcamp-AI-Tech-Product-Serving/yungi/airflow/dags/03-python-operator-with-context.py took 0.127 seconds
[2023-07-12 09:06:50,255] {processor.py:163} INFO - Started process (PID=18117) to work on /opt/ml/Boostcamp-AI-Tech-Product-Serving/yungi/airflow/dags/03-python-operator-with-context.py
[2023-07-12 09:06:50,255] {processor.py:620} INFO - Processing file /opt/ml/Boostcamp-AI-Tech-Product-Serving/yungi/airflow/dags/03-python-operator-with-context.py for tasks to queue
[2023-07-12 09:06:50,255] {logging_mixin.py:109} INFO - [2023-07-12 09:06:50,255] {dagbag.py:500} INFO - Filling up the DagBag from /opt/ml/Boostcamp-AI-Tech-Product-Serving/yungi/airflow/dags/03-python-operator-with-context.py
[2023-07-12 09:06:50,274] {processor.py:632} INFO - DAG(s) dict_keys(['python_dag_with_context']) retrieved from /opt/ml/Boostcamp-AI-Tech-Product-Serving/yungi/airflow/dags/03-python-operator-with-context.py
[2023-07-12 09:06:50,344] {logging_mixin.py:109} WARNING - /opt/conda/lib/python3.8/site-packages/airflow/models/serialized_dag.py:120 SAWarning: TypeDecorator UtcDateTime(timezone=True) will not produce a cache key because the ``cache_ok`` attribute is not set to True.  This can have significant performance implications including some performance degradations in comparison to prior SQLAlchemy versions.  Set this attribute to True if this type object's state is safe to use in a cache key, or False to disable this warning. (Background on this error at: https://sqlalche.me/e/14/cprf)
[2023-07-12 09:06:50,350] {logging_mixin.py:109} INFO - [2023-07-12 09:06:50,350] {dag.py:2389} INFO - Sync 1 DAGs
[2023-07-12 09:06:50,358] {logging_mixin.py:109} WARNING - /opt/conda/lib/python3.8/site-packages/airflow/models/dag.py:2426 SAWarning: TypeDecorator UtcDateTime(timezone=True) will not produce a cache key because the ``cache_ok`` attribute is not set to True.  This can have significant performance implications including some performance degradations in comparison to prior SQLAlchemy versions.  Set this attribute to True if this type object's state is safe to use in a cache key, or False to disable this warning. (Background on this error at: https://sqlalche.me/e/14/cprf)
[2023-07-12 09:06:50,362] {logging_mixin.py:109} INFO - [2023-07-12 09:06:50,362] {dag.py:2914} INFO - Setting next_dagrun for python_dag_with_context to 2023-07-12T00:30:00+00:00
[2023-07-12 09:06:50,375] {processor.py:171} INFO - Processing /opt/ml/Boostcamp-AI-Tech-Product-Serving/yungi/airflow/dags/03-python-operator-with-context.py took 0.123 seconds
[2023-07-12 09:07:30,749] {processor.py:163} INFO - Started process (PID=18153) to work on /opt/ml/Boostcamp-AI-Tech-Product-Serving/yungi/airflow/dags/03-python-operator-with-context.py
[2023-07-12 09:07:30,750] {processor.py:620} INFO - Processing file /opt/ml/Boostcamp-AI-Tech-Product-Serving/yungi/airflow/dags/03-python-operator-with-context.py for tasks to queue
[2023-07-12 09:07:30,751] {logging_mixin.py:109} INFO - [2023-07-12 09:07:30,751] {dagbag.py:500} INFO - Filling up the DagBag from /opt/ml/Boostcamp-AI-Tech-Product-Serving/yungi/airflow/dags/03-python-operator-with-context.py
[2023-07-12 09:07:30,834] {processor.py:632} INFO - DAG(s) dict_keys(['python_dag_with_context']) retrieved from /opt/ml/Boostcamp-AI-Tech-Product-Serving/yungi/airflow/dags/03-python-operator-with-context.py
[2023-07-12 09:07:30,837] {logging_mixin.py:109} WARNING - /opt/conda/lib/python3.8/site-packages/airflow/models/serialized_dag.py:120 SAWarning: TypeDecorator UtcDateTime(timezone=True) will not produce a cache key because the ``cache_ok`` attribute is not set to True.  This can have significant performance implications including some performance degradations in comparison to prior SQLAlchemy versions.  Set this attribute to True if this type object's state is safe to use in a cache key, or False to disable this warning. (Background on this error at: https://sqlalche.me/e/14/cprf)
[2023-07-12 09:07:30,843] {logging_mixin.py:109} INFO - [2023-07-12 09:07:30,843] {dag.py:2389} INFO - Sync 1 DAGs
[2023-07-12 09:07:30,851] {logging_mixin.py:109} WARNING - /opt/conda/lib/python3.8/site-packages/airflow/models/dag.py:2426 SAWarning: TypeDecorator UtcDateTime(timezone=True) will not produce a cache key because the ``cache_ok`` attribute is not set to True.  This can have significant performance implications including some performance degradations in comparison to prior SQLAlchemy versions.  Set this attribute to True if this type object's state is safe to use in a cache key, or False to disable this warning. (Background on this error at: https://sqlalche.me/e/14/cprf)
[2023-07-12 09:07:30,855] {logging_mixin.py:109} INFO - [2023-07-12 09:07:30,855] {dag.py:2914} INFO - Setting next_dagrun for python_dag_with_context to 2023-07-12T00:30:00+00:00
[2023-07-12 09:07:30,865] {processor.py:171} INFO - Processing /opt/ml/Boostcamp-AI-Tech-Product-Serving/yungi/airflow/dags/03-python-operator-with-context.py took 0.118 seconds
[2023-07-12 09:08:04,359] {processor.py:163} INFO - Started process (PID=18182) to work on /opt/ml/Boostcamp-AI-Tech-Product-Serving/yungi/airflow/dags/03-python-operator-with-context.py
[2023-07-12 09:08:04,360] {processor.py:620} INFO - Processing file /opt/ml/Boostcamp-AI-Tech-Product-Serving/yungi/airflow/dags/03-python-operator-with-context.py for tasks to queue
[2023-07-12 09:08:04,360] {logging_mixin.py:109} INFO - [2023-07-12 09:08:04,360] {dagbag.py:500} INFO - Filling up the DagBag from /opt/ml/Boostcamp-AI-Tech-Product-Serving/yungi/airflow/dags/03-python-operator-with-context.py
[2023-07-12 09:08:04,444] {processor.py:632} INFO - DAG(s) dict_keys(['python_dag_with_context']) retrieved from /opt/ml/Boostcamp-AI-Tech-Product-Serving/yungi/airflow/dags/03-python-operator-with-context.py
[2023-07-12 09:08:04,448] {logging_mixin.py:109} WARNING - /opt/conda/lib/python3.8/site-packages/airflow/models/serialized_dag.py:120 SAWarning: TypeDecorator UtcDateTime(timezone=True) will not produce a cache key because the ``cache_ok`` attribute is not set to True.  This can have significant performance implications including some performance degradations in comparison to prior SQLAlchemy versions.  Set this attribute to True if this type object's state is safe to use in a cache key, or False to disable this warning. (Background on this error at: https://sqlalche.me/e/14/cprf)
[2023-07-12 09:08:04,453] {logging_mixin.py:109} INFO - [2023-07-12 09:08:04,453] {dag.py:2389} INFO - Sync 1 DAGs
[2023-07-12 09:08:04,461] {logging_mixin.py:109} WARNING - /opt/conda/lib/python3.8/site-packages/airflow/models/dag.py:2426 SAWarning: TypeDecorator UtcDateTime(timezone=True) will not produce a cache key because the ``cache_ok`` attribute is not set to True.  This can have significant performance implications including some performance degradations in comparison to prior SQLAlchemy versions.  Set this attribute to True if this type object's state is safe to use in a cache key, or False to disable this warning. (Background on this error at: https://sqlalche.me/e/14/cprf)
[2023-07-12 09:08:04,465] {logging_mixin.py:109} INFO - [2023-07-12 09:08:04,465] {dag.py:2914} INFO - Setting next_dagrun for python_dag_with_context to 2023-07-12T00:30:00+00:00
[2023-07-12 09:08:04,475] {processor.py:171} INFO - Processing /opt/ml/Boostcamp-AI-Tech-Product-Serving/yungi/airflow/dags/03-python-operator-with-context.py took 0.118 seconds
[2023-07-12 09:08:36,060] {processor.py:163} INFO - Started process (PID=18211) to work on /opt/ml/Boostcamp-AI-Tech-Product-Serving/yungi/airflow/dags/03-python-operator-with-context.py
[2023-07-12 09:08:36,061] {processor.py:620} INFO - Processing file /opt/ml/Boostcamp-AI-Tech-Product-Serving/yungi/airflow/dags/03-python-operator-with-context.py for tasks to queue
[2023-07-12 09:08:36,061] {logging_mixin.py:109} INFO - [2023-07-12 09:08:36,061] {dagbag.py:500} INFO - Filling up the DagBag from /opt/ml/Boostcamp-AI-Tech-Product-Serving/yungi/airflow/dags/03-python-operator-with-context.py
[2023-07-12 09:08:36,142] {processor.py:632} INFO - DAG(s) dict_keys(['python_dag_with_context']) retrieved from /opt/ml/Boostcamp-AI-Tech-Product-Serving/yungi/airflow/dags/03-python-operator-with-context.py
[2023-07-12 09:08:36,145] {logging_mixin.py:109} WARNING - /opt/conda/lib/python3.8/site-packages/airflow/models/serialized_dag.py:120 SAWarning: TypeDecorator UtcDateTime(timezone=True) will not produce a cache key because the ``cache_ok`` attribute is not set to True.  This can have significant performance implications including some performance degradations in comparison to prior SQLAlchemy versions.  Set this attribute to True if this type object's state is safe to use in a cache key, or False to disable this warning. (Background on this error at: https://sqlalche.me/e/14/cprf)
[2023-07-12 09:08:36,151] {logging_mixin.py:109} INFO - [2023-07-12 09:08:36,150] {dag.py:2389} INFO - Sync 1 DAGs
[2023-07-12 09:08:36,158] {logging_mixin.py:109} WARNING - /opt/conda/lib/python3.8/site-packages/airflow/models/dag.py:2426 SAWarning: TypeDecorator UtcDateTime(timezone=True) will not produce a cache key because the ``cache_ok`` attribute is not set to True.  This can have significant performance implications including some performance degradations in comparison to prior SQLAlchemy versions.  Set this attribute to True if this type object's state is safe to use in a cache key, or False to disable this warning. (Background on this error at: https://sqlalche.me/e/14/cprf)
[2023-07-12 09:08:36,163] {logging_mixin.py:109} INFO - [2023-07-12 09:08:36,163] {dag.py:2914} INFO - Setting next_dagrun for python_dag_with_context to 2023-07-12T00:30:00+00:00
[2023-07-12 09:08:36,172] {processor.py:171} INFO - Processing /opt/ml/Boostcamp-AI-Tech-Product-Serving/yungi/airflow/dags/03-python-operator-with-context.py took 0.114 seconds
[2023-07-12 09:09:06,288] {processor.py:163} INFO - Started process (PID=18239) to work on /opt/ml/Boostcamp-AI-Tech-Product-Serving/yungi/airflow/dags/03-python-operator-with-context.py
[2023-07-12 09:09:06,289] {processor.py:620} INFO - Processing file /opt/ml/Boostcamp-AI-Tech-Product-Serving/yungi/airflow/dags/03-python-operator-with-context.py for tasks to queue
[2023-07-12 09:09:06,290] {logging_mixin.py:109} INFO - [2023-07-12 09:09:06,290] {dagbag.py:500} INFO - Filling up the DagBag from /opt/ml/Boostcamp-AI-Tech-Product-Serving/yungi/airflow/dags/03-python-operator-with-context.py
[2023-07-12 09:09:06,371] {processor.py:632} INFO - DAG(s) dict_keys(['python_dag_with_context']) retrieved from /opt/ml/Boostcamp-AI-Tech-Product-Serving/yungi/airflow/dags/03-python-operator-with-context.py
[2023-07-12 09:09:06,374] {logging_mixin.py:109} WARNING - /opt/conda/lib/python3.8/site-packages/airflow/models/serialized_dag.py:120 SAWarning: TypeDecorator UtcDateTime(timezone=True) will not produce a cache key because the ``cache_ok`` attribute is not set to True.  This can have significant performance implications including some performance degradations in comparison to prior SQLAlchemy versions.  Set this attribute to True if this type object's state is safe to use in a cache key, or False to disable this warning. (Background on this error at: https://sqlalche.me/e/14/cprf)
[2023-07-12 09:09:06,379] {logging_mixin.py:109} INFO - [2023-07-12 09:09:06,379] {dag.py:2389} INFO - Sync 1 DAGs
[2023-07-12 09:09:06,388] {logging_mixin.py:109} WARNING - /opt/conda/lib/python3.8/site-packages/airflow/models/dag.py:2426 SAWarning: TypeDecorator UtcDateTime(timezone=True) will not produce a cache key because the ``cache_ok`` attribute is not set to True.  This can have significant performance implications including some performance degradations in comparison to prior SQLAlchemy versions.  Set this attribute to True if this type object's state is safe to use in a cache key, or False to disable this warning. (Background on this error at: https://sqlalche.me/e/14/cprf)
[2023-07-12 09:09:06,392] {logging_mixin.py:109} INFO - [2023-07-12 09:09:06,392] {dag.py:2914} INFO - Setting next_dagrun for python_dag_with_context to 2023-07-12T00:30:00+00:00
[2023-07-12 09:09:06,403] {processor.py:171} INFO - Processing /opt/ml/Boostcamp-AI-Tech-Product-Serving/yungi/airflow/dags/03-python-operator-with-context.py took 0.117 seconds
[2023-07-12 09:09:40,052] {processor.py:163} INFO - Started process (PID=18272) to work on /opt/ml/Boostcamp-AI-Tech-Product-Serving/yungi/airflow/dags/03-python-operator-with-context.py
[2023-07-12 09:09:40,053] {processor.py:620} INFO - Processing file /opt/ml/Boostcamp-AI-Tech-Product-Serving/yungi/airflow/dags/03-python-operator-with-context.py for tasks to queue
[2023-07-12 09:09:40,054] {logging_mixin.py:109} INFO - [2023-07-12 09:09:40,054] {dagbag.py:500} INFO - Filling up the DagBag from /opt/ml/Boostcamp-AI-Tech-Product-Serving/yungi/airflow/dags/03-python-operator-with-context.py
[2023-07-12 09:09:40,072] {processor.py:632} INFO - DAG(s) dict_keys(['python_dag_with_context']) retrieved from /opt/ml/Boostcamp-AI-Tech-Product-Serving/yungi/airflow/dags/03-python-operator-with-context.py
[2023-07-12 09:09:40,076] {logging_mixin.py:109} WARNING - /opt/conda/lib/python3.8/site-packages/airflow/models/serialized_dag.py:120 SAWarning: TypeDecorator UtcDateTime(timezone=True) will not produce a cache key because the ``cache_ok`` attribute is not set to True.  This can have significant performance implications including some performance degradations in comparison to prior SQLAlchemy versions.  Set this attribute to True if this type object's state is safe to use in a cache key, or False to disable this warning. (Background on this error at: https://sqlalche.me/e/14/cprf)
[2023-07-12 09:09:40,082] {logging_mixin.py:109} INFO - [2023-07-12 09:09:40,082] {dag.py:2389} INFO - Sync 1 DAGs
[2023-07-12 09:09:40,091] {logging_mixin.py:109} WARNING - /opt/conda/lib/python3.8/site-packages/airflow/models/dag.py:2426 SAWarning: TypeDecorator UtcDateTime(timezone=True) will not produce a cache key because the ``cache_ok`` attribute is not set to True.  This can have significant performance implications including some performance degradations in comparison to prior SQLAlchemy versions.  Set this attribute to True if this type object's state is safe to use in a cache key, or False to disable this warning. (Background on this error at: https://sqlalche.me/e/14/cprf)
[2023-07-12 09:09:40,096] {logging_mixin.py:109} INFO - [2023-07-12 09:09:40,096] {dag.py:2914} INFO - Setting next_dagrun for python_dag_with_context to 2023-07-12T00:30:00+00:00
[2023-07-12 09:09:40,108] {processor.py:171} INFO - Processing /opt/ml/Boostcamp-AI-Tech-Product-Serving/yungi/airflow/dags/03-python-operator-with-context.py took 0.058 seconds
[2023-07-12 09:10:14,821] {processor.py:163} INFO - Started process (PID=18307) to work on /opt/ml/Boostcamp-AI-Tech-Product-Serving/yungi/airflow/dags/03-python-operator-with-context.py
[2023-07-12 09:10:14,822] {processor.py:620} INFO - Processing file /opt/ml/Boostcamp-AI-Tech-Product-Serving/yungi/airflow/dags/03-python-operator-with-context.py for tasks to queue
[2023-07-12 09:10:14,822] {logging_mixin.py:109} INFO - [2023-07-12 09:10:14,822] {dagbag.py:500} INFO - Filling up the DagBag from /opt/ml/Boostcamp-AI-Tech-Product-Serving/yungi/airflow/dags/03-python-operator-with-context.py
[2023-07-12 09:10:14,840] {processor.py:632} INFO - DAG(s) dict_keys(['python_dag_with_context']) retrieved from /opt/ml/Boostcamp-AI-Tech-Product-Serving/yungi/airflow/dags/03-python-operator-with-context.py
[2023-07-12 09:10:14,844] {logging_mixin.py:109} WARNING - /opt/conda/lib/python3.8/site-packages/airflow/models/serialized_dag.py:120 SAWarning: TypeDecorator UtcDateTime(timezone=True) will not produce a cache key because the ``cache_ok`` attribute is not set to True.  This can have significant performance implications including some performance degradations in comparison to prior SQLAlchemy versions.  Set this attribute to True if this type object's state is safe to use in a cache key, or False to disable this warning. (Background on this error at: https://sqlalche.me/e/14/cprf)
[2023-07-12 09:10:14,850] {logging_mixin.py:109} INFO - [2023-07-12 09:10:14,850] {dag.py:2389} INFO - Sync 1 DAGs
[2023-07-12 09:10:14,859] {logging_mixin.py:109} WARNING - /opt/conda/lib/python3.8/site-packages/airflow/models/dag.py:2426 SAWarning: TypeDecorator UtcDateTime(timezone=True) will not produce a cache key because the ``cache_ok`` attribute is not set to True.  This can have significant performance implications including some performance degradations in comparison to prior SQLAlchemy versions.  Set this attribute to True if this type object's state is safe to use in a cache key, or False to disable this warning. (Background on this error at: https://sqlalche.me/e/14/cprf)
[2023-07-12 09:10:14,864] {logging_mixin.py:109} INFO - [2023-07-12 09:10:14,864] {dag.py:2914} INFO - Setting next_dagrun for python_dag_with_context to 2023-07-12T00:30:00+00:00
[2023-07-12 09:10:14,873] {processor.py:171} INFO - Processing /opt/ml/Boostcamp-AI-Tech-Product-Serving/yungi/airflow/dags/03-python-operator-with-context.py took 0.055 seconds
[2023-07-12 09:10:47,056] {processor.py:163} INFO - Started process (PID=18338) to work on /opt/ml/Boostcamp-AI-Tech-Product-Serving/yungi/airflow/dags/03-python-operator-with-context.py
[2023-07-12 09:10:47,057] {processor.py:620} INFO - Processing file /opt/ml/Boostcamp-AI-Tech-Product-Serving/yungi/airflow/dags/03-python-operator-with-context.py for tasks to queue
[2023-07-12 09:10:47,057] {logging_mixin.py:109} INFO - [2023-07-12 09:10:47,057] {dagbag.py:500} INFO - Filling up the DagBag from /opt/ml/Boostcamp-AI-Tech-Product-Serving/yungi/airflow/dags/03-python-operator-with-context.py
[2023-07-12 09:10:47,076] {processor.py:632} INFO - DAG(s) dict_keys(['python_dag_with_context']) retrieved from /opt/ml/Boostcamp-AI-Tech-Product-Serving/yungi/airflow/dags/03-python-operator-with-context.py
[2023-07-12 09:10:47,080] {logging_mixin.py:109} WARNING - /opt/conda/lib/python3.8/site-packages/airflow/models/serialized_dag.py:120 SAWarning: TypeDecorator UtcDateTime(timezone=True) will not produce a cache key because the ``cache_ok`` attribute is not set to True.  This can have significant performance implications including some performance degradations in comparison to prior SQLAlchemy versions.  Set this attribute to True if this type object's state is safe to use in a cache key, or False to disable this warning. (Background on this error at: https://sqlalche.me/e/14/cprf)
[2023-07-12 09:10:47,086] {logging_mixin.py:109} INFO - [2023-07-12 09:10:47,086] {dag.py:2389} INFO - Sync 1 DAGs
[2023-07-12 09:10:47,095] {logging_mixin.py:109} WARNING - /opt/conda/lib/python3.8/site-packages/airflow/models/dag.py:2426 SAWarning: TypeDecorator UtcDateTime(timezone=True) will not produce a cache key because the ``cache_ok`` attribute is not set to True.  This can have significant performance implications including some performance degradations in comparison to prior SQLAlchemy versions.  Set this attribute to True if this type object's state is safe to use in a cache key, or False to disable this warning. (Background on this error at: https://sqlalche.me/e/14/cprf)
[2023-07-12 09:10:47,100] {logging_mixin.py:109} INFO - [2023-07-12 09:10:47,100] {dag.py:2914} INFO - Setting next_dagrun for python_dag_with_context to 2023-07-12T00:30:00+00:00
[2023-07-12 09:10:47,112] {processor.py:171} INFO - Processing /opt/ml/Boostcamp-AI-Tech-Product-Serving/yungi/airflow/dags/03-python-operator-with-context.py took 0.058 seconds
[2023-07-12 09:11:17,953] {processor.py:163} INFO - Started process (PID=18368) to work on /opt/ml/Boostcamp-AI-Tech-Product-Serving/yungi/airflow/dags/03-python-operator-with-context.py
[2023-07-12 09:11:17,954] {processor.py:620} INFO - Processing file /opt/ml/Boostcamp-AI-Tech-Product-Serving/yungi/airflow/dags/03-python-operator-with-context.py for tasks to queue
[2023-07-12 09:11:17,954] {logging_mixin.py:109} INFO - [2023-07-12 09:11:17,954] {dagbag.py:500} INFO - Filling up the DagBag from /opt/ml/Boostcamp-AI-Tech-Product-Serving/yungi/airflow/dags/03-python-operator-with-context.py
[2023-07-12 09:11:17,973] {processor.py:632} INFO - DAG(s) dict_keys(['python_dag_with_context']) retrieved from /opt/ml/Boostcamp-AI-Tech-Product-Serving/yungi/airflow/dags/03-python-operator-with-context.py
[2023-07-12 09:11:17,977] {logging_mixin.py:109} WARNING - /opt/conda/lib/python3.8/site-packages/airflow/models/serialized_dag.py:120 SAWarning: TypeDecorator UtcDateTime(timezone=True) will not produce a cache key because the ``cache_ok`` attribute is not set to True.  This can have significant performance implications including some performance degradations in comparison to prior SQLAlchemy versions.  Set this attribute to True if this type object's state is safe to use in a cache key, or False to disable this warning. (Background on this error at: https://sqlalche.me/e/14/cprf)
[2023-07-12 09:11:17,982] {logging_mixin.py:109} INFO - [2023-07-12 09:11:17,982] {dag.py:2389} INFO - Sync 1 DAGs
[2023-07-12 09:11:17,995] {logging_mixin.py:109} WARNING - /opt/conda/lib/python3.8/site-packages/airflow/models/dag.py:2426 SAWarning: TypeDecorator UtcDateTime(timezone=True) will not produce a cache key because the ``cache_ok`` attribute is not set to True.  This can have significant performance implications including some performance degradations in comparison to prior SQLAlchemy versions.  Set this attribute to True if this type object's state is safe to use in a cache key, or False to disable this warning. (Background on this error at: https://sqlalche.me/e/14/cprf)
[2023-07-12 09:11:18,001] {logging_mixin.py:109} INFO - [2023-07-12 09:11:18,001] {dag.py:2914} INFO - Setting next_dagrun for python_dag_with_context to 2023-07-12T00:30:00+00:00
[2023-07-12 09:11:18,013] {processor.py:171} INFO - Processing /opt/ml/Boostcamp-AI-Tech-Product-Serving/yungi/airflow/dags/03-python-operator-with-context.py took 0.063 seconds
[2023-07-12 09:11:44,680] {processor.py:163} INFO - Started process (PID=18405) to work on /opt/ml/Boostcamp-AI-Tech-Product-Serving/yungi/airflow/dags/03-python-operator-with-context.py
[2023-07-12 09:11:44,681] {processor.py:620} INFO - Processing file /opt/ml/Boostcamp-AI-Tech-Product-Serving/yungi/airflow/dags/03-python-operator-with-context.py for tasks to queue
[2023-07-12 09:11:44,681] {logging_mixin.py:109} INFO - [2023-07-12 09:11:44,681] {dagbag.py:500} INFO - Filling up the DagBag from /opt/ml/Boostcamp-AI-Tech-Product-Serving/yungi/airflow/dags/03-python-operator-with-context.py
[2023-07-12 09:11:44,699] {processor.py:632} INFO - DAG(s) dict_keys(['python_dag_with_context']) retrieved from /opt/ml/Boostcamp-AI-Tech-Product-Serving/yungi/airflow/dags/03-python-operator-with-context.py
[2023-07-12 09:11:44,703] {logging_mixin.py:109} WARNING - /opt/conda/lib/python3.8/site-packages/airflow/models/serialized_dag.py:120 SAWarning: TypeDecorator UtcDateTime(timezone=True) will not produce a cache key because the ``cache_ok`` attribute is not set to True.  This can have significant performance implications including some performance degradations in comparison to prior SQLAlchemy versions.  Set this attribute to True if this type object's state is safe to use in a cache key, or False to disable this warning. (Background on this error at: https://sqlalche.me/e/14/cprf)
[2023-07-12 09:11:44,709] {logging_mixin.py:109} INFO - [2023-07-12 09:11:44,709] {dag.py:2389} INFO - Sync 1 DAGs
[2023-07-12 09:11:44,719] {logging_mixin.py:109} WARNING - /opt/conda/lib/python3.8/site-packages/airflow/models/dag.py:2426 SAWarning: TypeDecorator UtcDateTime(timezone=True) will not produce a cache key because the ``cache_ok`` attribute is not set to True.  This can have significant performance implications including some performance degradations in comparison to prior SQLAlchemy versions.  Set this attribute to True if this type object's state is safe to use in a cache key, or False to disable this warning. (Background on this error at: https://sqlalche.me/e/14/cprf)
[2023-07-12 09:11:44,724] {logging_mixin.py:109} INFO - [2023-07-12 09:11:44,724] {dag.py:2914} INFO - Setting next_dagrun for python_dag_with_context to 2023-07-12T00:30:00+00:00
[2023-07-12 09:11:44,734] {processor.py:171} INFO - Processing /opt/ml/Boostcamp-AI-Tech-Product-Serving/yungi/airflow/dags/03-python-operator-with-context.py took 0.056 seconds
[2023-07-12 09:12:31,019] {processor.py:163} INFO - Started process (PID=18463) to work on /opt/ml/Boostcamp-AI-Tech-Product-Serving/yungi/airflow/dags/03-python-operator-with-context.py
[2023-07-12 09:12:31,020] {processor.py:620} INFO - Processing file /opt/ml/Boostcamp-AI-Tech-Product-Serving/yungi/airflow/dags/03-python-operator-with-context.py for tasks to queue
[2023-07-12 09:12:31,021] {logging_mixin.py:109} INFO - [2023-07-12 09:12:31,021] {dagbag.py:500} INFO - Filling up the DagBag from /opt/ml/Boostcamp-AI-Tech-Product-Serving/yungi/airflow/dags/03-python-operator-with-context.py
[2023-07-12 09:12:31,039] {processor.py:632} INFO - DAG(s) dict_keys(['python_dag_with_context']) retrieved from /opt/ml/Boostcamp-AI-Tech-Product-Serving/yungi/airflow/dags/03-python-operator-with-context.py
[2023-07-12 09:12:31,043] {logging_mixin.py:109} WARNING - /opt/conda/lib/python3.8/site-packages/airflow/models/serialized_dag.py:120 SAWarning: TypeDecorator UtcDateTime(timezone=True) will not produce a cache key because the ``cache_ok`` attribute is not set to True.  This can have significant performance implications including some performance degradations in comparison to prior SQLAlchemy versions.  Set this attribute to True if this type object's state is safe to use in a cache key, or False to disable this warning. (Background on this error at: https://sqlalche.me/e/14/cprf)
[2023-07-12 09:12:31,049] {logging_mixin.py:109} INFO - [2023-07-12 09:12:31,049] {dag.py:2389} INFO - Sync 1 DAGs
[2023-07-12 09:12:31,059] {logging_mixin.py:109} WARNING - /opt/conda/lib/python3.8/site-packages/airflow/models/dag.py:2426 SAWarning: TypeDecorator UtcDateTime(timezone=True) will not produce a cache key because the ``cache_ok`` attribute is not set to True.  This can have significant performance implications including some performance degradations in comparison to prior SQLAlchemy versions.  Set this attribute to True if this type object's state is safe to use in a cache key, or False to disable this warning. (Background on this error at: https://sqlalche.me/e/14/cprf)
[2023-07-12 09:12:31,064] {logging_mixin.py:109} INFO - [2023-07-12 09:12:31,064] {dag.py:2914} INFO - Setting next_dagrun for python_dag_with_context to 2023-07-12T00:30:00+00:00
[2023-07-12 09:12:31,076] {processor.py:171} INFO - Processing /opt/ml/Boostcamp-AI-Tech-Product-Serving/yungi/airflow/dags/03-python-operator-with-context.py took 0.060 seconds
[2023-07-12 09:13:09,340] {processor.py:163} INFO - Started process (PID=18500) to work on /opt/ml/Boostcamp-AI-Tech-Product-Serving/yungi/airflow/dags/03-python-operator-with-context.py
[2023-07-12 09:13:09,342] {processor.py:620} INFO - Processing file /opt/ml/Boostcamp-AI-Tech-Product-Serving/yungi/airflow/dags/03-python-operator-with-context.py for tasks to queue
[2023-07-12 09:13:09,342] {logging_mixin.py:109} INFO - [2023-07-12 09:13:09,342] {dagbag.py:500} INFO - Filling up the DagBag from /opt/ml/Boostcamp-AI-Tech-Product-Serving/yungi/airflow/dags/03-python-operator-with-context.py
[2023-07-12 09:13:09,361] {processor.py:632} INFO - DAG(s) dict_keys(['python_dag_with_context']) retrieved from /opt/ml/Boostcamp-AI-Tech-Product-Serving/yungi/airflow/dags/03-python-operator-with-context.py
[2023-07-12 09:13:09,365] {logging_mixin.py:109} WARNING - /opt/conda/lib/python3.8/site-packages/airflow/models/serialized_dag.py:120 SAWarning: TypeDecorator UtcDateTime(timezone=True) will not produce a cache key because the ``cache_ok`` attribute is not set to True.  This can have significant performance implications including some performance degradations in comparison to prior SQLAlchemy versions.  Set this attribute to True if this type object's state is safe to use in a cache key, or False to disable this warning. (Background on this error at: https://sqlalche.me/e/14/cprf)
[2023-07-12 09:13:09,371] {logging_mixin.py:109} INFO - [2023-07-12 09:13:09,371] {dag.py:2389} INFO - Sync 1 DAGs
[2023-07-12 09:13:09,381] {logging_mixin.py:109} WARNING - /opt/conda/lib/python3.8/site-packages/airflow/models/dag.py:2426 SAWarning: TypeDecorator UtcDateTime(timezone=True) will not produce a cache key because the ``cache_ok`` attribute is not set to True.  This can have significant performance implications including some performance degradations in comparison to prior SQLAlchemy versions.  Set this attribute to True if this type object's state is safe to use in a cache key, or False to disable this warning. (Background on this error at: https://sqlalche.me/e/14/cprf)
[2023-07-12 09:13:09,386] {logging_mixin.py:109} INFO - [2023-07-12 09:13:09,386] {dag.py:2914} INFO - Setting next_dagrun for python_dag_with_context to 2023-07-12T00:30:00+00:00
[2023-07-12 09:13:09,395] {processor.py:171} INFO - Processing /opt/ml/Boostcamp-AI-Tech-Product-Serving/yungi/airflow/dags/03-python-operator-with-context.py took 0.058 seconds
[2023-07-12 09:13:43,643] {processor.py:163} INFO - Started process (PID=18534) to work on /opt/ml/Boostcamp-AI-Tech-Product-Serving/yungi/airflow/dags/03-python-operator-with-context.py
[2023-07-12 09:13:43,644] {processor.py:620} INFO - Processing file /opt/ml/Boostcamp-AI-Tech-Product-Serving/yungi/airflow/dags/03-python-operator-with-context.py for tasks to queue
[2023-07-12 09:13:43,644] {logging_mixin.py:109} INFO - [2023-07-12 09:13:43,644] {dagbag.py:500} INFO - Filling up the DagBag from /opt/ml/Boostcamp-AI-Tech-Product-Serving/yungi/airflow/dags/03-python-operator-with-context.py
[2023-07-12 09:13:43,662] {processor.py:632} INFO - DAG(s) dict_keys(['python_dag_with_context']) retrieved from /opt/ml/Boostcamp-AI-Tech-Product-Serving/yungi/airflow/dags/03-python-operator-with-context.py
[2023-07-12 09:13:43,666] {logging_mixin.py:109} WARNING - /opt/conda/lib/python3.8/site-packages/airflow/models/serialized_dag.py:120 SAWarning: TypeDecorator UtcDateTime(timezone=True) will not produce a cache key because the ``cache_ok`` attribute is not set to True.  This can have significant performance implications including some performance degradations in comparison to prior SQLAlchemy versions.  Set this attribute to True if this type object's state is safe to use in a cache key, or False to disable this warning. (Background on this error at: https://sqlalche.me/e/14/cprf)
[2023-07-12 09:13:43,672] {logging_mixin.py:109} INFO - [2023-07-12 09:13:43,672] {dag.py:2389} INFO - Sync 1 DAGs
[2023-07-12 09:13:43,682] {logging_mixin.py:109} WARNING - /opt/conda/lib/python3.8/site-packages/airflow/models/dag.py:2426 SAWarning: TypeDecorator UtcDateTime(timezone=True) will not produce a cache key because the ``cache_ok`` attribute is not set to True.  This can have significant performance implications including some performance degradations in comparison to prior SQLAlchemy versions.  Set this attribute to True if this type object's state is safe to use in a cache key, or False to disable this warning. (Background on this error at: https://sqlalche.me/e/14/cprf)
[2023-07-12 09:13:43,687] {logging_mixin.py:109} INFO - [2023-07-12 09:13:43,687] {dag.py:2914} INFO - Setting next_dagrun for python_dag_with_context to 2023-07-12T00:30:00+00:00
[2023-07-12 09:13:43,697] {processor.py:171} INFO - Processing /opt/ml/Boostcamp-AI-Tech-Product-Serving/yungi/airflow/dags/03-python-operator-with-context.py took 0.057 seconds
[2023-07-12 09:14:16,791] {processor.py:163} INFO - Started process (PID=18569) to work on /opt/ml/Boostcamp-AI-Tech-Product-Serving/yungi/airflow/dags/03-python-operator-with-context.py
[2023-07-12 09:14:16,791] {processor.py:620} INFO - Processing file /opt/ml/Boostcamp-AI-Tech-Product-Serving/yungi/airflow/dags/03-python-operator-with-context.py for tasks to queue
[2023-07-12 09:14:16,792] {logging_mixin.py:109} INFO - [2023-07-12 09:14:16,791] {dagbag.py:500} INFO - Filling up the DagBag from /opt/ml/Boostcamp-AI-Tech-Product-Serving/yungi/airflow/dags/03-python-operator-with-context.py
[2023-07-12 09:14:16,810] {processor.py:632} INFO - DAG(s) dict_keys(['python_dag_with_context']) retrieved from /opt/ml/Boostcamp-AI-Tech-Product-Serving/yungi/airflow/dags/03-python-operator-with-context.py
[2023-07-12 09:14:16,814] {logging_mixin.py:109} WARNING - /opt/conda/lib/python3.8/site-packages/airflow/models/serialized_dag.py:120 SAWarning: TypeDecorator UtcDateTime(timezone=True) will not produce a cache key because the ``cache_ok`` attribute is not set to True.  This can have significant performance implications including some performance degradations in comparison to prior SQLAlchemy versions.  Set this attribute to True if this type object's state is safe to use in a cache key, or False to disable this warning. (Background on this error at: https://sqlalche.me/e/14/cprf)
[2023-07-12 09:14:16,819] {logging_mixin.py:109} INFO - [2023-07-12 09:14:16,819] {dag.py:2389} INFO - Sync 1 DAGs
[2023-07-12 09:14:16,830] {logging_mixin.py:109} WARNING - /opt/conda/lib/python3.8/site-packages/airflow/models/dag.py:2426 SAWarning: TypeDecorator UtcDateTime(timezone=True) will not produce a cache key because the ``cache_ok`` attribute is not set to True.  This can have significant performance implications including some performance degradations in comparison to prior SQLAlchemy versions.  Set this attribute to True if this type object's state is safe to use in a cache key, or False to disable this warning. (Background on this error at: https://sqlalche.me/e/14/cprf)
[2023-07-12 09:14:16,834] {logging_mixin.py:109} INFO - [2023-07-12 09:14:16,834] {dag.py:2914} INFO - Setting next_dagrun for python_dag_with_context to 2023-07-12T00:30:00+00:00
[2023-07-12 09:14:16,844] {processor.py:171} INFO - Processing /opt/ml/Boostcamp-AI-Tech-Product-Serving/yungi/airflow/dags/03-python-operator-with-context.py took 0.056 seconds
[2023-07-12 09:14:51,681] {processor.py:163} INFO - Started process (PID=18602) to work on /opt/ml/Boostcamp-AI-Tech-Product-Serving/yungi/airflow/dags/03-python-operator-with-context.py
[2023-07-12 09:14:51,682] {processor.py:620} INFO - Processing file /opt/ml/Boostcamp-AI-Tech-Product-Serving/yungi/airflow/dags/03-python-operator-with-context.py for tasks to queue
[2023-07-12 09:14:51,683] {logging_mixin.py:109} INFO - [2023-07-12 09:14:51,683] {dagbag.py:500} INFO - Filling up the DagBag from /opt/ml/Boostcamp-AI-Tech-Product-Serving/yungi/airflow/dags/03-python-operator-with-context.py
[2023-07-12 09:14:51,700] {processor.py:632} INFO - DAG(s) dict_keys(['python_dag_with_context']) retrieved from /opt/ml/Boostcamp-AI-Tech-Product-Serving/yungi/airflow/dags/03-python-operator-with-context.py
[2023-07-12 09:14:51,705] {logging_mixin.py:109} WARNING - /opt/conda/lib/python3.8/site-packages/airflow/models/serialized_dag.py:120 SAWarning: TypeDecorator UtcDateTime(timezone=True) will not produce a cache key because the ``cache_ok`` attribute is not set to True.  This can have significant performance implications including some performance degradations in comparison to prior SQLAlchemy versions.  Set this attribute to True if this type object's state is safe to use in a cache key, or False to disable this warning. (Background on this error at: https://sqlalche.me/e/14/cprf)
[2023-07-12 09:14:51,711] {logging_mixin.py:109} INFO - [2023-07-12 09:14:51,711] {dag.py:2389} INFO - Sync 1 DAGs
[2023-07-12 09:14:51,720] {logging_mixin.py:109} WARNING - /opt/conda/lib/python3.8/site-packages/airflow/models/dag.py:2426 SAWarning: TypeDecorator UtcDateTime(timezone=True) will not produce a cache key because the ``cache_ok`` attribute is not set to True.  This can have significant performance implications including some performance degradations in comparison to prior SQLAlchemy versions.  Set this attribute to True if this type object's state is safe to use in a cache key, or False to disable this warning. (Background on this error at: https://sqlalche.me/e/14/cprf)
[2023-07-12 09:14:51,725] {logging_mixin.py:109} INFO - [2023-07-12 09:14:51,725] {dag.py:2914} INFO - Setting next_dagrun for python_dag_with_context to 2023-07-12T00:30:00+00:00
[2023-07-12 09:14:51,734] {processor.py:171} INFO - Processing /opt/ml/Boostcamp-AI-Tech-Product-Serving/yungi/airflow/dags/03-python-operator-with-context.py took 0.055 seconds
[2023-07-12 09:15:27,371] {processor.py:163} INFO - Started process (PID=18640) to work on /opt/ml/Boostcamp-AI-Tech-Product-Serving/yungi/airflow/dags/03-python-operator-with-context.py
[2023-07-12 09:15:27,372] {processor.py:620} INFO - Processing file /opt/ml/Boostcamp-AI-Tech-Product-Serving/yungi/airflow/dags/03-python-operator-with-context.py for tasks to queue
[2023-07-12 09:15:27,372] {logging_mixin.py:109} INFO - [2023-07-12 09:15:27,372] {dagbag.py:500} INFO - Filling up the DagBag from /opt/ml/Boostcamp-AI-Tech-Product-Serving/yungi/airflow/dags/03-python-operator-with-context.py
[2023-07-12 09:15:27,390] {processor.py:632} INFO - DAG(s) dict_keys(['python_dag_with_context']) retrieved from /opt/ml/Boostcamp-AI-Tech-Product-Serving/yungi/airflow/dags/03-python-operator-with-context.py
[2023-07-12 09:15:27,395] {logging_mixin.py:109} WARNING - /opt/conda/lib/python3.8/site-packages/airflow/models/serialized_dag.py:120 SAWarning: TypeDecorator UtcDateTime(timezone=True) will not produce a cache key because the ``cache_ok`` attribute is not set to True.  This can have significant performance implications including some performance degradations in comparison to prior SQLAlchemy versions.  Set this attribute to True if this type object's state is safe to use in a cache key, or False to disable this warning. (Background on this error at: https://sqlalche.me/e/14/cprf)
[2023-07-12 09:15:27,401] {logging_mixin.py:109} INFO - [2023-07-12 09:15:27,401] {dag.py:2389} INFO - Sync 1 DAGs
[2023-07-12 09:15:27,410] {logging_mixin.py:109} WARNING - /opt/conda/lib/python3.8/site-packages/airflow/models/dag.py:2426 SAWarning: TypeDecorator UtcDateTime(timezone=True) will not produce a cache key because the ``cache_ok`` attribute is not set to True.  This can have significant performance implications including some performance degradations in comparison to prior SQLAlchemy versions.  Set this attribute to True if this type object's state is safe to use in a cache key, or False to disable this warning. (Background on this error at: https://sqlalche.me/e/14/cprf)
[2023-07-12 09:15:27,415] {logging_mixin.py:109} INFO - [2023-07-12 09:15:27,415] {dag.py:2914} INFO - Setting next_dagrun for python_dag_with_context to 2023-07-12T00:30:00+00:00
[2023-07-12 09:15:27,424] {processor.py:171} INFO - Processing /opt/ml/Boostcamp-AI-Tech-Product-Serving/yungi/airflow/dags/03-python-operator-with-context.py took 0.056 seconds
