[2023-07-12 08:21:59,430] {processor.py:163} INFO - Started process (PID=15497) to work on /opt/conda/lib/python3.8/site-packages/airflow/example_dags/plugins/workday.py
[2023-07-12 08:21:59,430] {processor.py:620} INFO - Processing file /opt/conda/lib/python3.8/site-packages/airflow/example_dags/plugins/workday.py for tasks to queue
[2023-07-12 08:21:59,431] {logging_mixin.py:109} INFO - [2023-07-12 08:21:59,431] {dagbag.py:500} INFO - Filling up the DagBag from /opt/conda/lib/python3.8/site-packages/airflow/example_dags/plugins/workday.py
[2023-07-12 08:21:59,441] {processor.py:634} WARNING - No viable dags retrieved from /opt/conda/lib/python3.8/site-packages/airflow/example_dags/plugins/workday.py
[2023-07-12 08:21:59,443] {processor.py:171} INFO - Processing /opt/conda/lib/python3.8/site-packages/airflow/example_dags/plugins/workday.py took 0.016 seconds
[2023-07-12 08:22:35,089] {processor.py:163} INFO - Started process (PID=15536) to work on /opt/conda/lib/python3.8/site-packages/airflow/example_dags/plugins/workday.py
[2023-07-12 08:22:35,090] {processor.py:620} INFO - Processing file /opt/conda/lib/python3.8/site-packages/airflow/example_dags/plugins/workday.py for tasks to queue
[2023-07-12 08:22:35,090] {logging_mixin.py:109} INFO - [2023-07-12 08:22:35,090] {dagbag.py:500} INFO - Filling up the DagBag from /opt/conda/lib/python3.8/site-packages/airflow/example_dags/plugins/workday.py
[2023-07-12 08:22:35,102] {processor.py:634} WARNING - No viable dags retrieved from /opt/conda/lib/python3.8/site-packages/airflow/example_dags/plugins/workday.py
[2023-07-12 08:22:35,105] {processor.py:171} INFO - Processing /opt/conda/lib/python3.8/site-packages/airflow/example_dags/plugins/workday.py took 0.018 seconds
[2023-07-12 08:23:06,495] {processor.py:163} INFO - Started process (PID=15570) to work on /opt/conda/lib/python3.8/site-packages/airflow/example_dags/plugins/workday.py
[2023-07-12 08:23:06,495] {processor.py:620} INFO - Processing file /opt/conda/lib/python3.8/site-packages/airflow/example_dags/plugins/workday.py for tasks to queue
[2023-07-12 08:23:06,495] {logging_mixin.py:109} INFO - [2023-07-12 08:23:06,495] {dagbag.py:500} INFO - Filling up the DagBag from /opt/conda/lib/python3.8/site-packages/airflow/example_dags/plugins/workday.py
[2023-07-12 08:23:06,506] {processor.py:634} WARNING - No viable dags retrieved from /opt/conda/lib/python3.8/site-packages/airflow/example_dags/plugins/workday.py
[2023-07-12 08:23:06,508] {processor.py:171} INFO - Processing /opt/conda/lib/python3.8/site-packages/airflow/example_dags/plugins/workday.py took 0.016 seconds
[2023-07-12 08:23:37,044] {processor.py:163} INFO - Started process (PID=15599) to work on /opt/conda/lib/python3.8/site-packages/airflow/example_dags/plugins/workday.py
[2023-07-12 08:23:37,045] {processor.py:620} INFO - Processing file /opt/conda/lib/python3.8/site-packages/airflow/example_dags/plugins/workday.py for tasks to queue
[2023-07-12 08:23:37,046] {logging_mixin.py:109} INFO - [2023-07-12 08:23:37,046] {dagbag.py:500} INFO - Filling up the DagBag from /opt/conda/lib/python3.8/site-packages/airflow/example_dags/plugins/workday.py
[2023-07-12 08:23:37,056] {processor.py:634} WARNING - No viable dags retrieved from /opt/conda/lib/python3.8/site-packages/airflow/example_dags/plugins/workday.py
[2023-07-12 08:23:37,058] {processor.py:171} INFO - Processing /opt/conda/lib/python3.8/site-packages/airflow/example_dags/plugins/workday.py took 0.016 seconds
[2023-07-12 08:24:08,201] {processor.py:163} INFO - Started process (PID=15629) to work on /opt/conda/lib/python3.8/site-packages/airflow/example_dags/plugins/workday.py
[2023-07-12 08:24:08,201] {processor.py:620} INFO - Processing file /opt/conda/lib/python3.8/site-packages/airflow/example_dags/plugins/workday.py for tasks to queue
[2023-07-12 08:24:08,202] {logging_mixin.py:109} INFO - [2023-07-12 08:24:08,202] {dagbag.py:500} INFO - Filling up the DagBag from /opt/conda/lib/python3.8/site-packages/airflow/example_dags/plugins/workday.py
[2023-07-12 08:24:08,212] {processor.py:634} WARNING - No viable dags retrieved from /opt/conda/lib/python3.8/site-packages/airflow/example_dags/plugins/workday.py
[2023-07-12 08:24:08,214] {processor.py:171} INFO - Processing /opt/conda/lib/python3.8/site-packages/airflow/example_dags/plugins/workday.py took 0.016 seconds
[2023-07-12 08:24:39,034] {processor.py:163} INFO - Started process (PID=15658) to work on /opt/conda/lib/python3.8/site-packages/airflow/example_dags/plugins/workday.py
[2023-07-12 08:24:39,036] {processor.py:620} INFO - Processing file /opt/conda/lib/python3.8/site-packages/airflow/example_dags/plugins/workday.py for tasks to queue
[2023-07-12 08:24:39,036] {logging_mixin.py:109} INFO - [2023-07-12 08:24:39,036] {dagbag.py:500} INFO - Filling up the DagBag from /opt/conda/lib/python3.8/site-packages/airflow/example_dags/plugins/workday.py
[2023-07-12 08:24:39,047] {processor.py:634} WARNING - No viable dags retrieved from /opt/conda/lib/python3.8/site-packages/airflow/example_dags/plugins/workday.py
[2023-07-12 08:24:39,049] {processor.py:171} INFO - Processing /opt/conda/lib/python3.8/site-packages/airflow/example_dags/plugins/workday.py took 0.017 seconds
[2023-07-12 08:25:10,525] {processor.py:163} INFO - Started process (PID=15688) to work on /opt/conda/lib/python3.8/site-packages/airflow/example_dags/plugins/workday.py
[2023-07-12 08:25:10,526] {processor.py:620} INFO - Processing file /opt/conda/lib/python3.8/site-packages/airflow/example_dags/plugins/workday.py for tasks to queue
[2023-07-12 08:25:10,527] {logging_mixin.py:109} INFO - [2023-07-12 08:25:10,526] {dagbag.py:500} INFO - Filling up the DagBag from /opt/conda/lib/python3.8/site-packages/airflow/example_dags/plugins/workday.py
[2023-07-12 08:25:10,537] {processor.py:634} WARNING - No viable dags retrieved from /opt/conda/lib/python3.8/site-packages/airflow/example_dags/plugins/workday.py
[2023-07-12 08:25:10,540] {processor.py:171} INFO - Processing /opt/conda/lib/python3.8/site-packages/airflow/example_dags/plugins/workday.py took 0.017 seconds
[2023-07-12 08:25:45,418] {processor.py:163} INFO - Started process (PID=15721) to work on /opt/conda/lib/python3.8/site-packages/airflow/example_dags/plugins/workday.py
[2023-07-12 08:25:45,419] {processor.py:620} INFO - Processing file /opt/conda/lib/python3.8/site-packages/airflow/example_dags/plugins/workday.py for tasks to queue
[2023-07-12 08:25:45,419] {logging_mixin.py:109} INFO - [2023-07-12 08:25:45,419] {dagbag.py:500} INFO - Filling up the DagBag from /opt/conda/lib/python3.8/site-packages/airflow/example_dags/plugins/workday.py
[2023-07-12 08:25:45,430] {processor.py:634} WARNING - No viable dags retrieved from /opt/conda/lib/python3.8/site-packages/airflow/example_dags/plugins/workday.py
[2023-07-12 08:25:45,432] {processor.py:171} INFO - Processing /opt/conda/lib/python3.8/site-packages/airflow/example_dags/plugins/workday.py took 0.017 seconds
[2023-07-12 08:26:17,875] {processor.py:163} INFO - Started process (PID=15753) to work on /opt/conda/lib/python3.8/site-packages/airflow/example_dags/plugins/workday.py
[2023-07-12 08:26:17,875] {processor.py:620} INFO - Processing file /opt/conda/lib/python3.8/site-packages/airflow/example_dags/plugins/workday.py for tasks to queue
[2023-07-12 08:26:17,876] {logging_mixin.py:109} INFO - [2023-07-12 08:26:17,876] {dagbag.py:500} INFO - Filling up the DagBag from /opt/conda/lib/python3.8/site-packages/airflow/example_dags/plugins/workday.py
[2023-07-12 08:26:17,886] {processor.py:634} WARNING - No viable dags retrieved from /opt/conda/lib/python3.8/site-packages/airflow/example_dags/plugins/workday.py
[2023-07-12 08:26:17,888] {processor.py:171} INFO - Processing /opt/conda/lib/python3.8/site-packages/airflow/example_dags/plugins/workday.py took 0.016 seconds
[2023-07-12 08:26:49,212] {processor.py:163} INFO - Started process (PID=15783) to work on /opt/conda/lib/python3.8/site-packages/airflow/example_dags/plugins/workday.py
[2023-07-12 08:26:49,215] {processor.py:620} INFO - Processing file /opt/conda/lib/python3.8/site-packages/airflow/example_dags/plugins/workday.py for tasks to queue
[2023-07-12 08:26:49,215] {logging_mixin.py:109} INFO - [2023-07-12 08:26:49,215] {dagbag.py:500} INFO - Filling up the DagBag from /opt/conda/lib/python3.8/site-packages/airflow/example_dags/plugins/workday.py
[2023-07-12 08:26:49,226] {processor.py:634} WARNING - No viable dags retrieved from /opt/conda/lib/python3.8/site-packages/airflow/example_dags/plugins/workday.py
[2023-07-12 08:26:49,230] {processor.py:171} INFO - Processing /opt/conda/lib/python3.8/site-packages/airflow/example_dags/plugins/workday.py took 0.020 seconds
[2023-07-12 08:27:19,495] {processor.py:163} INFO - Started process (PID=15813) to work on /opt/conda/lib/python3.8/site-packages/airflow/example_dags/plugins/workday.py
[2023-07-12 08:27:19,496] {processor.py:620} INFO - Processing file /opt/conda/lib/python3.8/site-packages/airflow/example_dags/plugins/workday.py for tasks to queue
[2023-07-12 08:27:19,496] {logging_mixin.py:109} INFO - [2023-07-12 08:27:19,496] {dagbag.py:500} INFO - Filling up the DagBag from /opt/conda/lib/python3.8/site-packages/airflow/example_dags/plugins/workday.py
[2023-07-12 08:27:19,507] {processor.py:634} WARNING - No viable dags retrieved from /opt/conda/lib/python3.8/site-packages/airflow/example_dags/plugins/workday.py
[2023-07-12 08:27:19,509] {processor.py:171} INFO - Processing /opt/conda/lib/python3.8/site-packages/airflow/example_dags/plugins/workday.py took 0.017 seconds
[2023-07-12 08:27:51,218] {processor.py:163} INFO - Started process (PID=15843) to work on /opt/conda/lib/python3.8/site-packages/airflow/example_dags/plugins/workday.py
[2023-07-12 08:27:51,218] {processor.py:620} INFO - Processing file /opt/conda/lib/python3.8/site-packages/airflow/example_dags/plugins/workday.py for tasks to queue
[2023-07-12 08:27:51,219] {logging_mixin.py:109} INFO - [2023-07-12 08:27:51,219] {dagbag.py:500} INFO - Filling up the DagBag from /opt/conda/lib/python3.8/site-packages/airflow/example_dags/plugins/workday.py
[2023-07-12 08:27:51,230] {processor.py:634} WARNING - No viable dags retrieved from /opt/conda/lib/python3.8/site-packages/airflow/example_dags/plugins/workday.py
[2023-07-12 08:27:51,232] {processor.py:171} INFO - Processing /opt/conda/lib/python3.8/site-packages/airflow/example_dags/plugins/workday.py took 0.016 seconds
[2023-07-12 08:28:25,884] {processor.py:163} INFO - Started process (PID=15876) to work on /opt/conda/lib/python3.8/site-packages/airflow/example_dags/plugins/workday.py
[2023-07-12 08:28:25,885] {processor.py:620} INFO - Processing file /opt/conda/lib/python3.8/site-packages/airflow/example_dags/plugins/workday.py for tasks to queue
[2023-07-12 08:28:25,886] {logging_mixin.py:109} INFO - [2023-07-12 08:28:25,886] {dagbag.py:500} INFO - Filling up the DagBag from /opt/conda/lib/python3.8/site-packages/airflow/example_dags/plugins/workday.py
[2023-07-12 08:28:25,897] {processor.py:634} WARNING - No viable dags retrieved from /opt/conda/lib/python3.8/site-packages/airflow/example_dags/plugins/workday.py
[2023-07-12 08:28:25,899] {processor.py:171} INFO - Processing /opt/conda/lib/python3.8/site-packages/airflow/example_dags/plugins/workday.py took 0.017 seconds
[2023-07-12 08:28:56,650] {processor.py:163} INFO - Started process (PID=15905) to work on /opt/conda/lib/python3.8/site-packages/airflow/example_dags/plugins/workday.py
[2023-07-12 08:28:56,650] {processor.py:620} INFO - Processing file /opt/conda/lib/python3.8/site-packages/airflow/example_dags/plugins/workday.py for tasks to queue
[2023-07-12 08:28:56,650] {logging_mixin.py:109} INFO - [2023-07-12 08:28:56,650] {dagbag.py:500} INFO - Filling up the DagBag from /opt/conda/lib/python3.8/site-packages/airflow/example_dags/plugins/workday.py
[2023-07-12 08:28:56,660] {processor.py:634} WARNING - No viable dags retrieved from /opt/conda/lib/python3.8/site-packages/airflow/example_dags/plugins/workday.py
[2023-07-12 08:28:56,663] {processor.py:171} INFO - Processing /opt/conda/lib/python3.8/site-packages/airflow/example_dags/plugins/workday.py took 0.016 seconds
[2023-07-12 08:29:27,525] {processor.py:163} INFO - Started process (PID=15935) to work on /opt/conda/lib/python3.8/site-packages/airflow/example_dags/plugins/workday.py
[2023-07-12 08:29:27,526] {processor.py:620} INFO - Processing file /opt/conda/lib/python3.8/site-packages/airflow/example_dags/plugins/workday.py for tasks to queue
[2023-07-12 08:29:27,526] {logging_mixin.py:109} INFO - [2023-07-12 08:29:27,526] {dagbag.py:500} INFO - Filling up the DagBag from /opt/conda/lib/python3.8/site-packages/airflow/example_dags/plugins/workday.py
[2023-07-12 08:29:27,537] {processor.py:634} WARNING - No viable dags retrieved from /opt/conda/lib/python3.8/site-packages/airflow/example_dags/plugins/workday.py
[2023-07-12 08:29:27,539] {processor.py:171} INFO - Processing /opt/conda/lib/python3.8/site-packages/airflow/example_dags/plugins/workday.py took 0.017 seconds
[2023-07-12 08:29:59,801] {processor.py:163} INFO - Started process (PID=15966) to work on /opt/conda/lib/python3.8/site-packages/airflow/example_dags/plugins/workday.py
[2023-07-12 08:29:59,803] {processor.py:620} INFO - Processing file /opt/conda/lib/python3.8/site-packages/airflow/example_dags/plugins/workday.py for tasks to queue
[2023-07-12 08:29:59,804] {logging_mixin.py:109} INFO - [2023-07-12 08:29:59,803] {dagbag.py:500} INFO - Filling up the DagBag from /opt/conda/lib/python3.8/site-packages/airflow/example_dags/plugins/workday.py
[2023-07-12 08:29:59,814] {processor.py:634} WARNING - No viable dags retrieved from /opt/conda/lib/python3.8/site-packages/airflow/example_dags/plugins/workday.py
[2023-07-12 08:29:59,817] {processor.py:171} INFO - Processing /opt/conda/lib/python3.8/site-packages/airflow/example_dags/plugins/workday.py took 0.018 seconds
[2023-07-12 08:30:32,419] {processor.py:163} INFO - Started process (PID=15997) to work on /opt/conda/lib/python3.8/site-packages/airflow/example_dags/plugins/workday.py
[2023-07-12 08:30:32,419] {processor.py:620} INFO - Processing file /opt/conda/lib/python3.8/site-packages/airflow/example_dags/plugins/workday.py for tasks to queue
[2023-07-12 08:30:32,419] {logging_mixin.py:109} INFO - [2023-07-12 08:30:32,419] {dagbag.py:500} INFO - Filling up the DagBag from /opt/conda/lib/python3.8/site-packages/airflow/example_dags/plugins/workday.py
[2023-07-12 08:30:32,430] {processor.py:634} WARNING - No viable dags retrieved from /opt/conda/lib/python3.8/site-packages/airflow/example_dags/plugins/workday.py
[2023-07-12 08:30:32,432] {processor.py:171} INFO - Processing /opt/conda/lib/python3.8/site-packages/airflow/example_dags/plugins/workday.py took 0.016 seconds
[2023-07-12 08:31:03,013] {processor.py:163} INFO - Started process (PID=16027) to work on /opt/conda/lib/python3.8/site-packages/airflow/example_dags/plugins/workday.py
[2023-07-12 08:31:03,014] {processor.py:620} INFO - Processing file /opt/conda/lib/python3.8/site-packages/airflow/example_dags/plugins/workday.py for tasks to queue
[2023-07-12 08:31:03,014] {logging_mixin.py:109} INFO - [2023-07-12 08:31:03,014] {dagbag.py:500} INFO - Filling up the DagBag from /opt/conda/lib/python3.8/site-packages/airflow/example_dags/plugins/workday.py
[2023-07-12 08:31:03,026] {processor.py:634} WARNING - No viable dags retrieved from /opt/conda/lib/python3.8/site-packages/airflow/example_dags/plugins/workday.py
[2023-07-12 08:31:03,028] {processor.py:171} INFO - Processing /opt/conda/lib/python3.8/site-packages/airflow/example_dags/plugins/workday.py took 0.018 seconds
[2023-07-12 08:31:34,489] {processor.py:163} INFO - Started process (PID=16057) to work on /opt/conda/lib/python3.8/site-packages/airflow/example_dags/plugins/workday.py
[2023-07-12 08:31:34,489] {processor.py:620} INFO - Processing file /opt/conda/lib/python3.8/site-packages/airflow/example_dags/plugins/workday.py for tasks to queue
[2023-07-12 08:31:34,489] {logging_mixin.py:109} INFO - [2023-07-12 08:31:34,489] {dagbag.py:500} INFO - Filling up the DagBag from /opt/conda/lib/python3.8/site-packages/airflow/example_dags/plugins/workday.py
[2023-07-12 08:31:34,500] {processor.py:634} WARNING - No viable dags retrieved from /opt/conda/lib/python3.8/site-packages/airflow/example_dags/plugins/workday.py
[2023-07-12 08:31:34,503] {processor.py:171} INFO - Processing /opt/conda/lib/python3.8/site-packages/airflow/example_dags/plugins/workday.py took 0.017 seconds
[2023-07-12 08:32:06,766] {processor.py:163} INFO - Started process (PID=16094) to work on /opt/conda/lib/python3.8/site-packages/airflow/example_dags/plugins/workday.py
[2023-07-12 08:32:06,768] {processor.py:620} INFO - Processing file /opt/conda/lib/python3.8/site-packages/airflow/example_dags/plugins/workday.py for tasks to queue
[2023-07-12 08:32:06,768] {logging_mixin.py:109} INFO - [2023-07-12 08:32:06,768] {dagbag.py:500} INFO - Filling up the DagBag from /opt/conda/lib/python3.8/site-packages/airflow/example_dags/plugins/workday.py
[2023-07-12 08:32:06,779] {processor.py:634} WARNING - No viable dags retrieved from /opt/conda/lib/python3.8/site-packages/airflow/example_dags/plugins/workday.py
[2023-07-12 08:32:06,781] {processor.py:171} INFO - Processing /opt/conda/lib/python3.8/site-packages/airflow/example_dags/plugins/workday.py took 0.017 seconds
[2023-07-12 08:32:40,764] {processor.py:163} INFO - Started process (PID=16128) to work on /opt/conda/lib/python3.8/site-packages/airflow/example_dags/plugins/workday.py
[2023-07-12 08:32:40,766] {processor.py:620} INFO - Processing file /opt/conda/lib/python3.8/site-packages/airflow/example_dags/plugins/workday.py for tasks to queue
[2023-07-12 08:32:40,766] {logging_mixin.py:109} INFO - [2023-07-12 08:32:40,766] {dagbag.py:500} INFO - Filling up the DagBag from /opt/conda/lib/python3.8/site-packages/airflow/example_dags/plugins/workday.py
[2023-07-12 08:32:40,777] {processor.py:634} WARNING - No viable dags retrieved from /opt/conda/lib/python3.8/site-packages/airflow/example_dags/plugins/workday.py
[2023-07-12 08:32:40,779] {processor.py:171} INFO - Processing /opt/conda/lib/python3.8/site-packages/airflow/example_dags/plugins/workday.py took 0.018 seconds
[2023-07-12 08:33:11,362] {processor.py:163} INFO - Started process (PID=16157) to work on /opt/conda/lib/python3.8/site-packages/airflow/example_dags/plugins/workday.py
[2023-07-12 08:33:11,362] {processor.py:620} INFO - Processing file /opt/conda/lib/python3.8/site-packages/airflow/example_dags/plugins/workday.py for tasks to queue
[2023-07-12 08:33:11,362] {logging_mixin.py:109} INFO - [2023-07-12 08:33:11,362] {dagbag.py:500} INFO - Filling up the DagBag from /opt/conda/lib/python3.8/site-packages/airflow/example_dags/plugins/workday.py
[2023-07-12 08:33:11,374] {processor.py:634} WARNING - No viable dags retrieved from /opt/conda/lib/python3.8/site-packages/airflow/example_dags/plugins/workday.py
[2023-07-12 08:33:11,376] {processor.py:171} INFO - Processing /opt/conda/lib/python3.8/site-packages/airflow/example_dags/plugins/workday.py took 0.017 seconds
[2023-07-12 08:33:44,296] {processor.py:163} INFO - Started process (PID=16189) to work on /opt/conda/lib/python3.8/site-packages/airflow/example_dags/plugins/workday.py
[2023-07-12 08:33:44,297] {processor.py:620} INFO - Processing file /opt/conda/lib/python3.8/site-packages/airflow/example_dags/plugins/workday.py for tasks to queue
[2023-07-12 08:33:44,297] {logging_mixin.py:109} INFO - [2023-07-12 08:33:44,297] {dagbag.py:500} INFO - Filling up the DagBag from /opt/conda/lib/python3.8/site-packages/airflow/example_dags/plugins/workday.py
[2023-07-12 08:33:44,308] {processor.py:634} WARNING - No viable dags retrieved from /opt/conda/lib/python3.8/site-packages/airflow/example_dags/plugins/workday.py
[2023-07-12 08:33:44,310] {processor.py:171} INFO - Processing /opt/conda/lib/python3.8/site-packages/airflow/example_dags/plugins/workday.py took 0.017 seconds
[2023-07-12 08:34:16,904] {processor.py:163} INFO - Started process (PID=16221) to work on /opt/conda/lib/python3.8/site-packages/airflow/example_dags/plugins/workday.py
[2023-07-12 08:34:16,905] {processor.py:620} INFO - Processing file /opt/conda/lib/python3.8/site-packages/airflow/example_dags/plugins/workday.py for tasks to queue
[2023-07-12 08:34:16,905] {logging_mixin.py:109} INFO - [2023-07-12 08:34:16,905] {dagbag.py:500} INFO - Filling up the DagBag from /opt/conda/lib/python3.8/site-packages/airflow/example_dags/plugins/workday.py
[2023-07-12 08:34:16,916] {processor.py:634} WARNING - No viable dags retrieved from /opt/conda/lib/python3.8/site-packages/airflow/example_dags/plugins/workday.py
[2023-07-12 08:34:16,919] {processor.py:171} INFO - Processing /opt/conda/lib/python3.8/site-packages/airflow/example_dags/plugins/workday.py took 0.018 seconds
[2023-07-12 08:34:51,388] {processor.py:163} INFO - Started process (PID=16253) to work on /opt/conda/lib/python3.8/site-packages/airflow/example_dags/plugins/workday.py
[2023-07-12 08:34:51,389] {processor.py:620} INFO - Processing file /opt/conda/lib/python3.8/site-packages/airflow/example_dags/plugins/workday.py for tasks to queue
[2023-07-12 08:34:51,390] {logging_mixin.py:109} INFO - [2023-07-12 08:34:51,390] {dagbag.py:500} INFO - Filling up the DagBag from /opt/conda/lib/python3.8/site-packages/airflow/example_dags/plugins/workday.py
[2023-07-12 08:34:51,401] {processor.py:634} WARNING - No viable dags retrieved from /opt/conda/lib/python3.8/site-packages/airflow/example_dags/plugins/workday.py
[2023-07-12 08:34:51,403] {processor.py:171} INFO - Processing /opt/conda/lib/python3.8/site-packages/airflow/example_dags/plugins/workday.py took 0.017 seconds
[2023-07-12 08:35:24,005] {processor.py:163} INFO - Started process (PID=16284) to work on /opt/conda/lib/python3.8/site-packages/airflow/example_dags/plugins/workday.py
[2023-07-12 08:35:24,005] {processor.py:620} INFO - Processing file /opt/conda/lib/python3.8/site-packages/airflow/example_dags/plugins/workday.py for tasks to queue
[2023-07-12 08:35:24,005] {logging_mixin.py:109} INFO - [2023-07-12 08:35:24,005] {dagbag.py:500} INFO - Filling up the DagBag from /opt/conda/lib/python3.8/site-packages/airflow/example_dags/plugins/workday.py
[2023-07-12 08:35:24,016] {processor.py:634} WARNING - No viable dags retrieved from /opt/conda/lib/python3.8/site-packages/airflow/example_dags/plugins/workday.py
[2023-07-12 08:35:24,019] {processor.py:171} INFO - Processing /opt/conda/lib/python3.8/site-packages/airflow/example_dags/plugins/workday.py took 0.017 seconds
[2023-07-12 08:35:57,663] {processor.py:163} INFO - Started process (PID=16316) to work on /opt/conda/lib/python3.8/site-packages/airflow/example_dags/plugins/workday.py
[2023-07-12 08:35:57,664] {processor.py:620} INFO - Processing file /opt/conda/lib/python3.8/site-packages/airflow/example_dags/plugins/workday.py for tasks to queue
[2023-07-12 08:35:57,665] {logging_mixin.py:109} INFO - [2023-07-12 08:35:57,665] {dagbag.py:500} INFO - Filling up the DagBag from /opt/conda/lib/python3.8/site-packages/airflow/example_dags/plugins/workday.py
[2023-07-12 08:35:57,676] {processor.py:634} WARNING - No viable dags retrieved from /opt/conda/lib/python3.8/site-packages/airflow/example_dags/plugins/workday.py
[2023-07-12 08:35:57,678] {processor.py:171} INFO - Processing /opt/conda/lib/python3.8/site-packages/airflow/example_dags/plugins/workday.py took 0.017 seconds
[2023-07-12 08:36:29,097] {processor.py:163} INFO - Started process (PID=16345) to work on /opt/conda/lib/python3.8/site-packages/airflow/example_dags/plugins/workday.py
[2023-07-12 08:36:29,098] {processor.py:620} INFO - Processing file /opt/conda/lib/python3.8/site-packages/airflow/example_dags/plugins/workday.py for tasks to queue
[2023-07-12 08:36:29,098] {logging_mixin.py:109} INFO - [2023-07-12 08:36:29,098] {dagbag.py:500} INFO - Filling up the DagBag from /opt/conda/lib/python3.8/site-packages/airflow/example_dags/plugins/workday.py
[2023-07-12 08:36:29,109] {processor.py:634} WARNING - No viable dags retrieved from /opt/conda/lib/python3.8/site-packages/airflow/example_dags/plugins/workday.py
[2023-07-12 08:36:29,111] {processor.py:171} INFO - Processing /opt/conda/lib/python3.8/site-packages/airflow/example_dags/plugins/workday.py took 0.016 seconds
[2023-07-12 08:37:02,900] {processor.py:163} INFO - Started process (PID=16380) to work on /opt/conda/lib/python3.8/site-packages/airflow/example_dags/plugins/workday.py
[2023-07-12 08:37:02,901] {processor.py:620} INFO - Processing file /opt/conda/lib/python3.8/site-packages/airflow/example_dags/plugins/workday.py for tasks to queue
[2023-07-12 08:37:02,902] {logging_mixin.py:109} INFO - [2023-07-12 08:37:02,902] {dagbag.py:500} INFO - Filling up the DagBag from /opt/conda/lib/python3.8/site-packages/airflow/example_dags/plugins/workday.py
[2023-07-12 08:37:02,912] {processor.py:634} WARNING - No viable dags retrieved from /opt/conda/lib/python3.8/site-packages/airflow/example_dags/plugins/workday.py
[2023-07-12 08:37:02,914] {processor.py:171} INFO - Processing /opt/conda/lib/python3.8/site-packages/airflow/example_dags/plugins/workday.py took 0.017 seconds
[2023-07-12 08:37:48,698] {processor.py:163} INFO - Started process (PID=16426) to work on /opt/conda/lib/python3.8/site-packages/airflow/example_dags/plugins/workday.py
[2023-07-12 08:37:48,699] {processor.py:620} INFO - Processing file /opt/conda/lib/python3.8/site-packages/airflow/example_dags/plugins/workday.py for tasks to queue
[2023-07-12 08:37:48,700] {logging_mixin.py:109} INFO - [2023-07-12 08:37:48,700] {dagbag.py:500} INFO - Filling up the DagBag from /opt/conda/lib/python3.8/site-packages/airflow/example_dags/plugins/workday.py
[2023-07-12 08:37:48,711] {processor.py:634} WARNING - No viable dags retrieved from /opt/conda/lib/python3.8/site-packages/airflow/example_dags/plugins/workday.py
[2023-07-12 08:37:48,714] {processor.py:171} INFO - Processing /opt/conda/lib/python3.8/site-packages/airflow/example_dags/plugins/workday.py took 0.018 seconds
[2023-07-12 08:38:19,676] {processor.py:163} INFO - Started process (PID=16454) to work on /opt/conda/lib/python3.8/site-packages/airflow/example_dags/plugins/workday.py
[2023-07-12 08:38:19,677] {processor.py:620} INFO - Processing file /opt/conda/lib/python3.8/site-packages/airflow/example_dags/plugins/workday.py for tasks to queue
[2023-07-12 08:38:19,677] {logging_mixin.py:109} INFO - [2023-07-12 08:38:19,677] {dagbag.py:500} INFO - Filling up the DagBag from /opt/conda/lib/python3.8/site-packages/airflow/example_dags/plugins/workday.py
[2023-07-12 08:38:19,688] {processor.py:634} WARNING - No viable dags retrieved from /opt/conda/lib/python3.8/site-packages/airflow/example_dags/plugins/workday.py
[2023-07-12 08:38:19,690] {processor.py:171} INFO - Processing /opt/conda/lib/python3.8/site-packages/airflow/example_dags/plugins/workday.py took 0.016 seconds
[2023-07-12 08:38:50,362] {processor.py:163} INFO - Started process (PID=16485) to work on /opt/conda/lib/python3.8/site-packages/airflow/example_dags/plugins/workday.py
[2023-07-12 08:38:50,363] {processor.py:620} INFO - Processing file /opt/conda/lib/python3.8/site-packages/airflow/example_dags/plugins/workday.py for tasks to queue
[2023-07-12 08:38:50,364] {logging_mixin.py:109} INFO - [2023-07-12 08:38:50,364] {dagbag.py:500} INFO - Filling up the DagBag from /opt/conda/lib/python3.8/site-packages/airflow/example_dags/plugins/workday.py
[2023-07-12 08:38:50,375] {processor.py:634} WARNING - No viable dags retrieved from /opt/conda/lib/python3.8/site-packages/airflow/example_dags/plugins/workday.py
[2023-07-12 08:38:50,377] {processor.py:171} INFO - Processing /opt/conda/lib/python3.8/site-packages/airflow/example_dags/plugins/workday.py took 0.017 seconds
[2023-07-12 08:39:24,734] {processor.py:163} INFO - Started process (PID=16516) to work on /opt/conda/lib/python3.8/site-packages/airflow/example_dags/plugins/workday.py
[2023-07-12 08:39:24,736] {processor.py:620} INFO - Processing file /opt/conda/lib/python3.8/site-packages/airflow/example_dags/plugins/workday.py for tasks to queue
[2023-07-12 08:39:24,736] {logging_mixin.py:109} INFO - [2023-07-12 08:39:24,736] {dagbag.py:500} INFO - Filling up the DagBag from /opt/conda/lib/python3.8/site-packages/airflow/example_dags/plugins/workday.py
[2023-07-12 08:39:24,748] {processor.py:634} WARNING - No viable dags retrieved from /opt/conda/lib/python3.8/site-packages/airflow/example_dags/plugins/workday.py
[2023-07-12 08:39:24,750] {processor.py:171} INFO - Processing /opt/conda/lib/python3.8/site-packages/airflow/example_dags/plugins/workday.py took 0.018 seconds
[2023-07-12 08:40:02,530] {processor.py:163} INFO - Started process (PID=16549) to work on /opt/conda/lib/python3.8/site-packages/airflow/example_dags/plugins/workday.py
[2023-07-12 08:40:02,532] {processor.py:620} INFO - Processing file /opt/conda/lib/python3.8/site-packages/airflow/example_dags/plugins/workday.py for tasks to queue
[2023-07-12 08:40:02,532] {logging_mixin.py:109} INFO - [2023-07-12 08:40:02,532] {dagbag.py:500} INFO - Filling up the DagBag from /opt/conda/lib/python3.8/site-packages/airflow/example_dags/plugins/workday.py
[2023-07-12 08:40:02,543] {processor.py:634} WARNING - No viable dags retrieved from /opt/conda/lib/python3.8/site-packages/airflow/example_dags/plugins/workday.py
[2023-07-12 08:40:02,545] {processor.py:171} INFO - Processing /opt/conda/lib/python3.8/site-packages/airflow/example_dags/plugins/workday.py took 0.017 seconds
[2023-07-12 08:40:36,338] {processor.py:163} INFO - Started process (PID=16580) to work on /opt/conda/lib/python3.8/site-packages/airflow/example_dags/plugins/workday.py
[2023-07-12 08:40:36,339] {processor.py:620} INFO - Processing file /opt/conda/lib/python3.8/site-packages/airflow/example_dags/plugins/workday.py for tasks to queue
[2023-07-12 08:40:36,340] {logging_mixin.py:109} INFO - [2023-07-12 08:40:36,340] {dagbag.py:500} INFO - Filling up the DagBag from /opt/conda/lib/python3.8/site-packages/airflow/example_dags/plugins/workday.py
[2023-07-12 08:40:36,351] {processor.py:634} WARNING - No viable dags retrieved from /opt/conda/lib/python3.8/site-packages/airflow/example_dags/plugins/workday.py
[2023-07-12 08:40:36,353] {processor.py:171} INFO - Processing /opt/conda/lib/python3.8/site-packages/airflow/example_dags/plugins/workday.py took 0.017 seconds
[2023-07-12 08:41:07,649] {processor.py:163} INFO - Started process (PID=16609) to work on /opt/conda/lib/python3.8/site-packages/airflow/example_dags/plugins/workday.py
[2023-07-12 08:41:07,649] {processor.py:620} INFO - Processing file /opt/conda/lib/python3.8/site-packages/airflow/example_dags/plugins/workday.py for tasks to queue
[2023-07-12 08:41:07,650] {logging_mixin.py:109} INFO - [2023-07-12 08:41:07,649] {dagbag.py:500} INFO - Filling up the DagBag from /opt/conda/lib/python3.8/site-packages/airflow/example_dags/plugins/workday.py
[2023-07-12 08:41:07,660] {processor.py:634} WARNING - No viable dags retrieved from /opt/conda/lib/python3.8/site-packages/airflow/example_dags/plugins/workday.py
[2023-07-12 08:41:07,662] {processor.py:171} INFO - Processing /opt/conda/lib/python3.8/site-packages/airflow/example_dags/plugins/workday.py took 0.016 seconds
[2023-07-12 08:41:38,950] {processor.py:163} INFO - Started process (PID=16637) to work on /opt/conda/lib/python3.8/site-packages/airflow/example_dags/plugins/workday.py
[2023-07-12 08:41:38,951] {processor.py:620} INFO - Processing file /opt/conda/lib/python3.8/site-packages/airflow/example_dags/plugins/workday.py for tasks to queue
[2023-07-12 08:41:38,952] {logging_mixin.py:109} INFO - [2023-07-12 08:41:38,951] {dagbag.py:500} INFO - Filling up the DagBag from /opt/conda/lib/python3.8/site-packages/airflow/example_dags/plugins/workday.py
[2023-07-12 08:41:38,962] {processor.py:634} WARNING - No viable dags retrieved from /opt/conda/lib/python3.8/site-packages/airflow/example_dags/plugins/workday.py
[2023-07-12 08:41:38,964] {processor.py:171} INFO - Processing /opt/conda/lib/python3.8/site-packages/airflow/example_dags/plugins/workday.py took 0.017 seconds
[2023-07-12 08:42:15,035] {processor.py:163} INFO - Started process (PID=16671) to work on /opt/conda/lib/python3.8/site-packages/airflow/example_dags/plugins/workday.py
[2023-07-12 08:42:15,036] {processor.py:620} INFO - Processing file /opt/conda/lib/python3.8/site-packages/airflow/example_dags/plugins/workday.py for tasks to queue
[2023-07-12 08:42:15,036] {logging_mixin.py:109} INFO - [2023-07-12 08:42:15,036] {dagbag.py:500} INFO - Filling up the DagBag from /opt/conda/lib/python3.8/site-packages/airflow/example_dags/plugins/workday.py
[2023-07-12 08:42:15,047] {processor.py:634} WARNING - No viable dags retrieved from /opt/conda/lib/python3.8/site-packages/airflow/example_dags/plugins/workday.py
[2023-07-12 08:42:15,049] {processor.py:171} INFO - Processing /opt/conda/lib/python3.8/site-packages/airflow/example_dags/plugins/workday.py took 0.017 seconds
[2023-07-12 08:42:50,344] {processor.py:163} INFO - Started process (PID=16702) to work on /opt/conda/lib/python3.8/site-packages/airflow/example_dags/plugins/workday.py
[2023-07-12 08:42:50,345] {processor.py:620} INFO - Processing file /opt/conda/lib/python3.8/site-packages/airflow/example_dags/plugins/workday.py for tasks to queue
[2023-07-12 08:42:50,345] {logging_mixin.py:109} INFO - [2023-07-12 08:42:50,345] {dagbag.py:500} INFO - Filling up the DagBag from /opt/conda/lib/python3.8/site-packages/airflow/example_dags/plugins/workday.py
[2023-07-12 08:42:50,356] {processor.py:634} WARNING - No viable dags retrieved from /opt/conda/lib/python3.8/site-packages/airflow/example_dags/plugins/workday.py
[2023-07-12 08:42:50,359] {processor.py:171} INFO - Processing /opt/conda/lib/python3.8/site-packages/airflow/example_dags/plugins/workday.py took 0.017 seconds
[2023-07-12 08:43:24,701] {processor.py:163} INFO - Started process (PID=16734) to work on /opt/conda/lib/python3.8/site-packages/airflow/example_dags/plugins/workday.py
[2023-07-12 08:43:24,702] {processor.py:620} INFO - Processing file /opt/conda/lib/python3.8/site-packages/airflow/example_dags/plugins/workday.py for tasks to queue
[2023-07-12 08:43:24,703] {logging_mixin.py:109} INFO - [2023-07-12 08:43:24,703] {dagbag.py:500} INFO - Filling up the DagBag from /opt/conda/lib/python3.8/site-packages/airflow/example_dags/plugins/workday.py
[2023-07-12 08:43:24,713] {processor.py:634} WARNING - No viable dags retrieved from /opt/conda/lib/python3.8/site-packages/airflow/example_dags/plugins/workday.py
[2023-07-12 08:43:24,779] {processor.py:171} INFO - Processing /opt/conda/lib/python3.8/site-packages/airflow/example_dags/plugins/workday.py took 0.080 seconds
[2023-07-12 08:44:01,019] {processor.py:163} INFO - Started process (PID=16767) to work on /opt/conda/lib/python3.8/site-packages/airflow/example_dags/plugins/workday.py
[2023-07-12 08:44:01,020] {processor.py:620} INFO - Processing file /opt/conda/lib/python3.8/site-packages/airflow/example_dags/plugins/workday.py for tasks to queue
[2023-07-12 08:44:01,021] {logging_mixin.py:109} INFO - [2023-07-12 08:44:01,021] {dagbag.py:500} INFO - Filling up the DagBag from /opt/conda/lib/python3.8/site-packages/airflow/example_dags/plugins/workday.py
[2023-07-12 08:44:01,095] {processor.py:634} WARNING - No viable dags retrieved from /opt/conda/lib/python3.8/site-packages/airflow/example_dags/plugins/workday.py
[2023-07-12 08:44:01,098] {processor.py:171} INFO - Processing /opt/conda/lib/python3.8/site-packages/airflow/example_dags/plugins/workday.py took 0.081 seconds
[2023-07-12 08:44:37,709] {processor.py:163} INFO - Started process (PID=16807) to work on /opt/conda/lib/python3.8/site-packages/airflow/example_dags/plugins/workday.py
[2023-07-12 08:44:37,710] {processor.py:620} INFO - Processing file /opt/conda/lib/python3.8/site-packages/airflow/example_dags/plugins/workday.py for tasks to queue
[2023-07-12 08:44:37,711] {logging_mixin.py:109} INFO - [2023-07-12 08:44:37,710] {dagbag.py:500} INFO - Filling up the DagBag from /opt/conda/lib/python3.8/site-packages/airflow/example_dags/plugins/workday.py
[2023-07-12 08:44:37,721] {processor.py:634} WARNING - No viable dags retrieved from /opt/conda/lib/python3.8/site-packages/airflow/example_dags/plugins/workday.py
[2023-07-12 08:44:37,723] {processor.py:171} INFO - Processing /opt/conda/lib/python3.8/site-packages/airflow/example_dags/plugins/workday.py took 0.017 seconds
[2023-07-12 08:44:45,919] {processor.py:163} INFO - Started process (PID=16816) to work on /opt/conda/lib/python3.8/site-packages/airflow/example_dags/plugins/workday.py
[2023-07-12 08:44:45,919] {processor.py:620} INFO - Processing file /opt/conda/lib/python3.8/site-packages/airflow/example_dags/plugins/workday.py for tasks to queue
[2023-07-12 08:44:45,919] {logging_mixin.py:109} INFO - [2023-07-12 08:44:45,919] {dagbag.py:500} INFO - Filling up the DagBag from /opt/conda/lib/python3.8/site-packages/airflow/example_dags/plugins/workday.py
[2023-07-12 08:44:45,930] {processor.py:634} WARNING - No viable dags retrieved from /opt/conda/lib/python3.8/site-packages/airflow/example_dags/plugins/workday.py
[2023-07-12 08:44:45,932] {processor.py:171} INFO - Processing /opt/conda/lib/python3.8/site-packages/airflow/example_dags/plugins/workday.py took 0.016 seconds
[2023-07-12 08:45:23,126] {processor.py:163} INFO - Started process (PID=16851) to work on /opt/conda/lib/python3.8/site-packages/airflow/example_dags/plugins/workday.py
[2023-07-12 08:45:23,127] {processor.py:620} INFO - Processing file /opt/conda/lib/python3.8/site-packages/airflow/example_dags/plugins/workday.py for tasks to queue
[2023-07-12 08:45:23,128] {logging_mixin.py:109} INFO - [2023-07-12 08:45:23,128] {dagbag.py:500} INFO - Filling up the DagBag from /opt/conda/lib/python3.8/site-packages/airflow/example_dags/plugins/workday.py
[2023-07-12 08:45:23,139] {processor.py:634} WARNING - No viable dags retrieved from /opt/conda/lib/python3.8/site-packages/airflow/example_dags/plugins/workday.py
[2023-07-12 08:45:23,141] {processor.py:171} INFO - Processing /opt/conda/lib/python3.8/site-packages/airflow/example_dags/plugins/workday.py took 0.017 seconds
[2023-07-12 08:45:59,103] {processor.py:163} INFO - Started process (PID=16886) to work on /opt/conda/lib/python3.8/site-packages/airflow/example_dags/plugins/workday.py
[2023-07-12 08:45:59,104] {processor.py:620} INFO - Processing file /opt/conda/lib/python3.8/site-packages/airflow/example_dags/plugins/workday.py for tasks to queue
[2023-07-12 08:45:59,104] {logging_mixin.py:109} INFO - [2023-07-12 08:45:59,104] {dagbag.py:500} INFO - Filling up the DagBag from /opt/conda/lib/python3.8/site-packages/airflow/example_dags/plugins/workday.py
[2023-07-12 08:45:59,115] {processor.py:634} WARNING - No viable dags retrieved from /opt/conda/lib/python3.8/site-packages/airflow/example_dags/plugins/workday.py
[2023-07-12 08:45:59,117] {processor.py:171} INFO - Processing /opt/conda/lib/python3.8/site-packages/airflow/example_dags/plugins/workday.py took 0.017 seconds
[2023-07-12 08:46:39,106] {processor.py:163} INFO - Started process (PID=16935) to work on /opt/conda/lib/python3.8/site-packages/airflow/example_dags/plugins/workday.py
[2023-07-12 08:46:39,107] {processor.py:620} INFO - Processing file /opt/conda/lib/python3.8/site-packages/airflow/example_dags/plugins/workday.py for tasks to queue
[2023-07-12 08:46:39,108] {logging_mixin.py:109} INFO - [2023-07-12 08:46:39,108] {dagbag.py:500} INFO - Filling up the DagBag from /opt/conda/lib/python3.8/site-packages/airflow/example_dags/plugins/workday.py
[2023-07-12 08:46:39,118] {processor.py:634} WARNING - No viable dags retrieved from /opt/conda/lib/python3.8/site-packages/airflow/example_dags/plugins/workday.py
[2023-07-12 08:46:39,120] {processor.py:171} INFO - Processing /opt/conda/lib/python3.8/site-packages/airflow/example_dags/plugins/workday.py took 0.016 seconds
[2023-07-12 08:47:19,477] {processor.py:163} INFO - Started process (PID=16979) to work on /opt/conda/lib/python3.8/site-packages/airflow/example_dags/plugins/workday.py
[2023-07-12 08:47:19,478] {processor.py:620} INFO - Processing file /opt/conda/lib/python3.8/site-packages/airflow/example_dags/plugins/workday.py for tasks to queue
[2023-07-12 08:47:19,478] {logging_mixin.py:109} INFO - [2023-07-12 08:47:19,478] {dagbag.py:500} INFO - Filling up the DagBag from /opt/conda/lib/python3.8/site-packages/airflow/example_dags/plugins/workday.py
[2023-07-12 08:47:19,489] {processor.py:634} WARNING - No viable dags retrieved from /opt/conda/lib/python3.8/site-packages/airflow/example_dags/plugins/workday.py
[2023-07-12 08:47:19,492] {processor.py:171} INFO - Processing /opt/conda/lib/python3.8/site-packages/airflow/example_dags/plugins/workday.py took 0.017 seconds
[2023-07-12 08:47:53,251] {processor.py:163} INFO - Started process (PID=17012) to work on /opt/conda/lib/python3.8/site-packages/airflow/example_dags/plugins/workday.py
[2023-07-12 08:47:53,252] {processor.py:620} INFO - Processing file /opt/conda/lib/python3.8/site-packages/airflow/example_dags/plugins/workday.py for tasks to queue
[2023-07-12 08:47:53,253] {logging_mixin.py:109} INFO - [2023-07-12 08:47:53,253] {dagbag.py:500} INFO - Filling up the DagBag from /opt/conda/lib/python3.8/site-packages/airflow/example_dags/plugins/workday.py
[2023-07-12 08:47:53,264] {processor.py:634} WARNING - No viable dags retrieved from /opt/conda/lib/python3.8/site-packages/airflow/example_dags/plugins/workday.py
[2023-07-12 08:47:53,266] {processor.py:171} INFO - Processing /opt/conda/lib/python3.8/site-packages/airflow/example_dags/plugins/workday.py took 0.017 seconds
[2023-07-12 08:48:29,298] {processor.py:163} INFO - Started process (PID=17048) to work on /opt/conda/lib/python3.8/site-packages/airflow/example_dags/plugins/workday.py
[2023-07-12 08:48:29,299] {processor.py:620} INFO - Processing file /opt/conda/lib/python3.8/site-packages/airflow/example_dags/plugins/workday.py for tasks to queue
[2023-07-12 08:48:29,300] {logging_mixin.py:109} INFO - [2023-07-12 08:48:29,300] {dagbag.py:500} INFO - Filling up the DagBag from /opt/conda/lib/python3.8/site-packages/airflow/example_dags/plugins/workday.py
[2023-07-12 08:48:29,309] {processor.py:634} WARNING - No viable dags retrieved from /opt/conda/lib/python3.8/site-packages/airflow/example_dags/plugins/workday.py
[2023-07-12 08:48:29,311] {processor.py:171} INFO - Processing /opt/conda/lib/python3.8/site-packages/airflow/example_dags/plugins/workday.py took 0.015 seconds
[2023-07-12 08:49:05,367] {processor.py:163} INFO - Started process (PID=17083) to work on /opt/conda/lib/python3.8/site-packages/airflow/example_dags/plugins/workday.py
[2023-07-12 08:49:05,369] {processor.py:620} INFO - Processing file /opt/conda/lib/python3.8/site-packages/airflow/example_dags/plugins/workday.py for tasks to queue
[2023-07-12 08:49:05,369] {logging_mixin.py:109} INFO - [2023-07-12 08:49:05,369] {dagbag.py:500} INFO - Filling up the DagBag from /opt/conda/lib/python3.8/site-packages/airflow/example_dags/plugins/workday.py
[2023-07-12 08:49:05,380] {processor.py:634} WARNING - No viable dags retrieved from /opt/conda/lib/python3.8/site-packages/airflow/example_dags/plugins/workday.py
[2023-07-12 08:49:05,382] {processor.py:171} INFO - Processing /opt/conda/lib/python3.8/site-packages/airflow/example_dags/plugins/workday.py took 0.017 seconds
[2023-07-12 08:49:40,821] {processor.py:163} INFO - Started process (PID=17119) to work on /opt/conda/lib/python3.8/site-packages/airflow/example_dags/plugins/workday.py
[2023-07-12 08:49:40,823] {processor.py:620} INFO - Processing file /opt/conda/lib/python3.8/site-packages/airflow/example_dags/plugins/workday.py for tasks to queue
[2023-07-12 08:49:40,823] {logging_mixin.py:109} INFO - [2023-07-12 08:49:40,823] {dagbag.py:500} INFO - Filling up the DagBag from /opt/conda/lib/python3.8/site-packages/airflow/example_dags/plugins/workday.py
[2023-07-12 08:49:40,834] {processor.py:634} WARNING - No viable dags retrieved from /opt/conda/lib/python3.8/site-packages/airflow/example_dags/plugins/workday.py
[2023-07-12 08:49:40,837] {processor.py:171} INFO - Processing /opt/conda/lib/python3.8/site-packages/airflow/example_dags/plugins/workday.py took 0.018 seconds
[2023-07-12 08:50:12,829] {processor.py:163} INFO - Started process (PID=17150) to work on /opt/conda/lib/python3.8/site-packages/airflow/example_dags/plugins/workday.py
[2023-07-12 08:50:12,830] {processor.py:620} INFO - Processing file /opt/conda/lib/python3.8/site-packages/airflow/example_dags/plugins/workday.py for tasks to queue
[2023-07-12 08:50:12,831] {logging_mixin.py:109} INFO - [2023-07-12 08:50:12,830] {dagbag.py:500} INFO - Filling up the DagBag from /opt/conda/lib/python3.8/site-packages/airflow/example_dags/plugins/workday.py
[2023-07-12 08:50:12,841] {processor.py:634} WARNING - No viable dags retrieved from /opt/conda/lib/python3.8/site-packages/airflow/example_dags/plugins/workday.py
[2023-07-12 08:50:12,843] {processor.py:171} INFO - Processing /opt/conda/lib/python3.8/site-packages/airflow/example_dags/plugins/workday.py took 0.017 seconds
[2023-07-12 08:50:47,430] {processor.py:163} INFO - Started process (PID=17183) to work on /opt/conda/lib/python3.8/site-packages/airflow/example_dags/plugins/workday.py
[2023-07-12 08:50:47,431] {processor.py:620} INFO - Processing file /opt/conda/lib/python3.8/site-packages/airflow/example_dags/plugins/workday.py for tasks to queue
[2023-07-12 08:50:47,431] {logging_mixin.py:109} INFO - [2023-07-12 08:50:47,431] {dagbag.py:500} INFO - Filling up the DagBag from /opt/conda/lib/python3.8/site-packages/airflow/example_dags/plugins/workday.py
[2023-07-12 08:50:47,442] {processor.py:634} WARNING - No viable dags retrieved from /opt/conda/lib/python3.8/site-packages/airflow/example_dags/plugins/workday.py
[2023-07-12 08:50:47,444] {processor.py:171} INFO - Processing /opt/conda/lib/python3.8/site-packages/airflow/example_dags/plugins/workday.py took 0.017 seconds
[2023-07-12 08:51:24,609] {processor.py:163} INFO - Started process (PID=17218) to work on /opt/conda/lib/python3.8/site-packages/airflow/example_dags/plugins/workday.py
[2023-07-12 08:51:24,610] {processor.py:620} INFO - Processing file /opt/conda/lib/python3.8/site-packages/airflow/example_dags/plugins/workday.py for tasks to queue
[2023-07-12 08:51:24,611] {logging_mixin.py:109} INFO - [2023-07-12 08:51:24,611] {dagbag.py:500} INFO - Filling up the DagBag from /opt/conda/lib/python3.8/site-packages/airflow/example_dags/plugins/workday.py
[2023-07-12 08:51:24,622] {processor.py:634} WARNING - No viable dags retrieved from /opt/conda/lib/python3.8/site-packages/airflow/example_dags/plugins/workday.py
[2023-07-12 08:51:24,625] {processor.py:171} INFO - Processing /opt/conda/lib/python3.8/site-packages/airflow/example_dags/plugins/workday.py took 0.018 seconds
[2023-07-12 08:51:59,602] {processor.py:163} INFO - Started process (PID=17254) to work on /opt/conda/lib/python3.8/site-packages/airflow/example_dags/plugins/workday.py
[2023-07-12 08:51:59,603] {processor.py:620} INFO - Processing file /opt/conda/lib/python3.8/site-packages/airflow/example_dags/plugins/workday.py for tasks to queue
[2023-07-12 08:51:59,603] {logging_mixin.py:109} INFO - [2023-07-12 08:51:59,603] {dagbag.py:500} INFO - Filling up the DagBag from /opt/conda/lib/python3.8/site-packages/airflow/example_dags/plugins/workday.py
[2023-07-12 08:51:59,614] {processor.py:634} WARNING - No viable dags retrieved from /opt/conda/lib/python3.8/site-packages/airflow/example_dags/plugins/workday.py
[2023-07-12 08:51:59,616] {processor.py:171} INFO - Processing /opt/conda/lib/python3.8/site-packages/airflow/example_dags/plugins/workday.py took 0.017 seconds
[2023-07-12 08:52:36,809] {processor.py:163} INFO - Started process (PID=17289) to work on /opt/conda/lib/python3.8/site-packages/airflow/example_dags/plugins/workday.py
[2023-07-12 08:52:36,810] {processor.py:620} INFO - Processing file /opt/conda/lib/python3.8/site-packages/airflow/example_dags/plugins/workday.py for tasks to queue
[2023-07-12 08:52:36,810] {logging_mixin.py:109} INFO - [2023-07-12 08:52:36,810] {dagbag.py:500} INFO - Filling up the DagBag from /opt/conda/lib/python3.8/site-packages/airflow/example_dags/plugins/workday.py
[2023-07-12 08:52:36,821] {processor.py:634} WARNING - No viable dags retrieved from /opt/conda/lib/python3.8/site-packages/airflow/example_dags/plugins/workday.py
[2023-07-12 08:52:36,823] {processor.py:171} INFO - Processing /opt/conda/lib/python3.8/site-packages/airflow/example_dags/plugins/workday.py took 0.017 seconds
[2023-07-12 08:53:15,087] {processor.py:163} INFO - Started process (PID=17326) to work on /opt/conda/lib/python3.8/site-packages/airflow/example_dags/plugins/workday.py
[2023-07-12 08:53:15,088] {processor.py:620} INFO - Processing file /opt/conda/lib/python3.8/site-packages/airflow/example_dags/plugins/workday.py for tasks to queue
[2023-07-12 08:53:15,088] {logging_mixin.py:109} INFO - [2023-07-12 08:53:15,088] {dagbag.py:500} INFO - Filling up the DagBag from /opt/conda/lib/python3.8/site-packages/airflow/example_dags/plugins/workday.py
[2023-07-12 08:53:15,099] {processor.py:634} WARNING - No viable dags retrieved from /opt/conda/lib/python3.8/site-packages/airflow/example_dags/plugins/workday.py
[2023-07-12 08:53:15,101] {processor.py:171} INFO - Processing /opt/conda/lib/python3.8/site-packages/airflow/example_dags/plugins/workday.py took 0.017 seconds
[2023-07-12 08:53:47,653] {processor.py:163} INFO - Started process (PID=17358) to work on /opt/conda/lib/python3.8/site-packages/airflow/example_dags/plugins/workday.py
[2023-07-12 08:53:47,654] {processor.py:620} INFO - Processing file /opt/conda/lib/python3.8/site-packages/airflow/example_dags/plugins/workday.py for tasks to queue
[2023-07-12 08:53:47,654] {logging_mixin.py:109} INFO - [2023-07-12 08:53:47,654] {dagbag.py:500} INFO - Filling up the DagBag from /opt/conda/lib/python3.8/site-packages/airflow/example_dags/plugins/workday.py
[2023-07-12 08:53:47,665] {processor.py:634} WARNING - No viable dags retrieved from /opt/conda/lib/python3.8/site-packages/airflow/example_dags/plugins/workday.py
[2023-07-12 08:53:47,667] {processor.py:171} INFO - Processing /opt/conda/lib/python3.8/site-packages/airflow/example_dags/plugins/workday.py took 0.017 seconds
[2023-07-12 08:54:23,705] {processor.py:163} INFO - Started process (PID=17393) to work on /opt/conda/lib/python3.8/site-packages/airflow/example_dags/plugins/workday.py
[2023-07-12 08:54:23,706] {processor.py:620} INFO - Processing file /opt/conda/lib/python3.8/site-packages/airflow/example_dags/plugins/workday.py for tasks to queue
[2023-07-12 08:54:23,706] {logging_mixin.py:109} INFO - [2023-07-12 08:54:23,706] {dagbag.py:500} INFO - Filling up the DagBag from /opt/conda/lib/python3.8/site-packages/airflow/example_dags/plugins/workday.py
[2023-07-12 08:54:23,717] {processor.py:634} WARNING - No viable dags retrieved from /opt/conda/lib/python3.8/site-packages/airflow/example_dags/plugins/workday.py
[2023-07-12 08:54:23,719] {processor.py:171} INFO - Processing /opt/conda/lib/python3.8/site-packages/airflow/example_dags/plugins/workday.py took 0.016 seconds
[2023-07-12 08:55:03,686] {processor.py:163} INFO - Started process (PID=17438) to work on /opt/conda/lib/python3.8/site-packages/airflow/example_dags/plugins/workday.py
[2023-07-12 08:55:03,687] {processor.py:620} INFO - Processing file /opt/conda/lib/python3.8/site-packages/airflow/example_dags/plugins/workday.py for tasks to queue
[2023-07-12 08:55:03,687] {logging_mixin.py:109} INFO - [2023-07-12 08:55:03,687] {dagbag.py:500} INFO - Filling up the DagBag from /opt/conda/lib/python3.8/site-packages/airflow/example_dags/plugins/workday.py
[2023-07-12 08:55:03,697] {processor.py:634} WARNING - No viable dags retrieved from /opt/conda/lib/python3.8/site-packages/airflow/example_dags/plugins/workday.py
[2023-07-12 08:55:03,699] {processor.py:171} INFO - Processing /opt/conda/lib/python3.8/site-packages/airflow/example_dags/plugins/workday.py took 0.015 seconds
[2023-07-12 08:55:48,701] {processor.py:163} INFO - Started process (PID=17493) to work on /opt/conda/lib/python3.8/site-packages/airflow/example_dags/plugins/workday.py
[2023-07-12 08:55:48,702] {processor.py:620} INFO - Processing file /opt/conda/lib/python3.8/site-packages/airflow/example_dags/plugins/workday.py for tasks to queue
[2023-07-12 08:55:48,702] {logging_mixin.py:109} INFO - [2023-07-12 08:55:48,702] {dagbag.py:500} INFO - Filling up the DagBag from /opt/conda/lib/python3.8/site-packages/airflow/example_dags/plugins/workday.py
[2023-07-12 08:55:48,713] {processor.py:634} WARNING - No viable dags retrieved from /opt/conda/lib/python3.8/site-packages/airflow/example_dags/plugins/workday.py
[2023-07-12 08:55:48,716] {processor.py:171} INFO - Processing /opt/conda/lib/python3.8/site-packages/airflow/example_dags/plugins/workday.py took 0.018 seconds
[2023-07-12 08:56:26,328] {processor.py:163} INFO - Started process (PID=17529) to work on /opt/conda/lib/python3.8/site-packages/airflow/example_dags/plugins/workday.py
[2023-07-12 08:56:26,329] {processor.py:620} INFO - Processing file /opt/conda/lib/python3.8/site-packages/airflow/example_dags/plugins/workday.py for tasks to queue
[2023-07-12 08:56:26,330] {logging_mixin.py:109} INFO - [2023-07-12 08:56:26,330] {dagbag.py:500} INFO - Filling up the DagBag from /opt/conda/lib/python3.8/site-packages/airflow/example_dags/plugins/workday.py
[2023-07-12 08:56:26,340] {processor.py:634} WARNING - No viable dags retrieved from /opt/conda/lib/python3.8/site-packages/airflow/example_dags/plugins/workday.py
[2023-07-12 08:56:26,342] {processor.py:171} INFO - Processing /opt/conda/lib/python3.8/site-packages/airflow/example_dags/plugins/workday.py took 0.016 seconds
[2023-07-12 08:56:57,449] {processor.py:163} INFO - Started process (PID=17560) to work on /opt/conda/lib/python3.8/site-packages/airflow/example_dags/plugins/workday.py
[2023-07-12 08:56:57,450] {processor.py:620} INFO - Processing file /opt/conda/lib/python3.8/site-packages/airflow/example_dags/plugins/workday.py for tasks to queue
[2023-07-12 08:56:57,450] {logging_mixin.py:109} INFO - [2023-07-12 08:56:57,450] {dagbag.py:500} INFO - Filling up the DagBag from /opt/conda/lib/python3.8/site-packages/airflow/example_dags/plugins/workday.py
[2023-07-12 08:56:57,461] {processor.py:634} WARNING - No viable dags retrieved from /opt/conda/lib/python3.8/site-packages/airflow/example_dags/plugins/workday.py
[2023-07-12 08:56:57,463] {processor.py:171} INFO - Processing /opt/conda/lib/python3.8/site-packages/airflow/example_dags/plugins/workday.py took 0.017 seconds
[2023-07-12 08:57:31,156] {processor.py:163} INFO - Started process (PID=17592) to work on /opt/conda/lib/python3.8/site-packages/airflow/example_dags/plugins/workday.py
[2023-07-12 08:57:31,157] {processor.py:620} INFO - Processing file /opt/conda/lib/python3.8/site-packages/airflow/example_dags/plugins/workday.py for tasks to queue
[2023-07-12 08:57:31,157] {logging_mixin.py:109} INFO - [2023-07-12 08:57:31,157] {dagbag.py:500} INFO - Filling up the DagBag from /opt/conda/lib/python3.8/site-packages/airflow/example_dags/plugins/workday.py
[2023-07-12 08:57:31,168] {processor.py:634} WARNING - No viable dags retrieved from /opt/conda/lib/python3.8/site-packages/airflow/example_dags/plugins/workday.py
[2023-07-12 08:57:31,170] {processor.py:171} INFO - Processing /opt/conda/lib/python3.8/site-packages/airflow/example_dags/plugins/workday.py took 0.016 seconds
[2023-07-12 08:58:05,032] {processor.py:163} INFO - Started process (PID=17624) to work on /opt/conda/lib/python3.8/site-packages/airflow/example_dags/plugins/workday.py
[2023-07-12 08:58:05,032] {processor.py:620} INFO - Processing file /opt/conda/lib/python3.8/site-packages/airflow/example_dags/plugins/workday.py for tasks to queue
[2023-07-12 08:58:05,032] {logging_mixin.py:109} INFO - [2023-07-12 08:58:05,032] {dagbag.py:500} INFO - Filling up the DagBag from /opt/conda/lib/python3.8/site-packages/airflow/example_dags/plugins/workday.py
[2023-07-12 08:58:05,044] {processor.py:634} WARNING - No viable dags retrieved from /opt/conda/lib/python3.8/site-packages/airflow/example_dags/plugins/workday.py
[2023-07-12 08:58:05,046] {processor.py:171} INFO - Processing /opt/conda/lib/python3.8/site-packages/airflow/example_dags/plugins/workday.py took 0.017 seconds
[2023-07-12 08:58:39,093] {processor.py:163} INFO - Started process (PID=17656) to work on /opt/conda/lib/python3.8/site-packages/airflow/example_dags/plugins/workday.py
[2023-07-12 08:58:39,094] {processor.py:620} INFO - Processing file /opt/conda/lib/python3.8/site-packages/airflow/example_dags/plugins/workday.py for tasks to queue
[2023-07-12 08:58:39,094] {logging_mixin.py:109} INFO - [2023-07-12 08:58:39,094] {dagbag.py:500} INFO - Filling up the DagBag from /opt/conda/lib/python3.8/site-packages/airflow/example_dags/plugins/workday.py
[2023-07-12 08:58:39,106] {processor.py:634} WARNING - No viable dags retrieved from /opt/conda/lib/python3.8/site-packages/airflow/example_dags/plugins/workday.py
[2023-07-12 08:58:39,108] {processor.py:171} INFO - Processing /opt/conda/lib/python3.8/site-packages/airflow/example_dags/plugins/workday.py took 0.018 seconds
[2023-07-12 08:59:10,996] {processor.py:163} INFO - Started process (PID=17687) to work on /opt/conda/lib/python3.8/site-packages/airflow/example_dags/plugins/workday.py
[2023-07-12 08:59:10,998] {processor.py:620} INFO - Processing file /opt/conda/lib/python3.8/site-packages/airflow/example_dags/plugins/workday.py for tasks to queue
[2023-07-12 08:59:10,998] {logging_mixin.py:109} INFO - [2023-07-12 08:59:10,998] {dagbag.py:500} INFO - Filling up the DagBag from /opt/conda/lib/python3.8/site-packages/airflow/example_dags/plugins/workday.py
[2023-07-12 08:59:11,008] {processor.py:634} WARNING - No viable dags retrieved from /opt/conda/lib/python3.8/site-packages/airflow/example_dags/plugins/workday.py
[2023-07-12 08:59:11,011] {processor.py:171} INFO - Processing /opt/conda/lib/python3.8/site-packages/airflow/example_dags/plugins/workday.py took 0.017 seconds
[2023-07-12 08:59:43,621] {processor.py:163} INFO - Started process (PID=17718) to work on /opt/conda/lib/python3.8/site-packages/airflow/example_dags/plugins/workday.py
[2023-07-12 08:59:43,622] {processor.py:620} INFO - Processing file /opt/conda/lib/python3.8/site-packages/airflow/example_dags/plugins/workday.py for tasks to queue
[2023-07-12 08:59:43,622] {logging_mixin.py:109} INFO - [2023-07-12 08:59:43,622] {dagbag.py:500} INFO - Filling up the DagBag from /opt/conda/lib/python3.8/site-packages/airflow/example_dags/plugins/workday.py
[2023-07-12 08:59:43,632] {processor.py:634} WARNING - No viable dags retrieved from /opt/conda/lib/python3.8/site-packages/airflow/example_dags/plugins/workday.py
[2023-07-12 08:59:43,634] {processor.py:171} INFO - Processing /opt/conda/lib/python3.8/site-packages/airflow/example_dags/plugins/workday.py took 0.015 seconds
[2023-07-12 09:00:17,011] {processor.py:163} INFO - Started process (PID=17750) to work on /opt/conda/lib/python3.8/site-packages/airflow/example_dags/plugins/workday.py
[2023-07-12 09:00:17,012] {processor.py:620} INFO - Processing file /opt/conda/lib/python3.8/site-packages/airflow/example_dags/plugins/workday.py for tasks to queue
[2023-07-12 09:00:17,013] {logging_mixin.py:109} INFO - [2023-07-12 09:00:17,013] {dagbag.py:500} INFO - Filling up the DagBag from /opt/conda/lib/python3.8/site-packages/airflow/example_dags/plugins/workday.py
[2023-07-12 09:00:17,023] {processor.py:634} WARNING - No viable dags retrieved from /opt/conda/lib/python3.8/site-packages/airflow/example_dags/plugins/workday.py
[2023-07-12 09:00:17,026] {processor.py:171} INFO - Processing /opt/conda/lib/python3.8/site-packages/airflow/example_dags/plugins/workday.py took 0.017 seconds
[2023-07-12 09:00:48,602] {processor.py:163} INFO - Started process (PID=17781) to work on /opt/conda/lib/python3.8/site-packages/airflow/example_dags/plugins/workday.py
[2023-07-12 09:00:48,602] {processor.py:620} INFO - Processing file /opt/conda/lib/python3.8/site-packages/airflow/example_dags/plugins/workday.py for tasks to queue
[2023-07-12 09:00:48,603] {logging_mixin.py:109} INFO - [2023-07-12 09:00:48,603] {dagbag.py:500} INFO - Filling up the DagBag from /opt/conda/lib/python3.8/site-packages/airflow/example_dags/plugins/workday.py
[2023-07-12 09:00:48,613] {processor.py:634} WARNING - No viable dags retrieved from /opt/conda/lib/python3.8/site-packages/airflow/example_dags/plugins/workday.py
[2023-07-12 09:00:48,615] {processor.py:171} INFO - Processing /opt/conda/lib/python3.8/site-packages/airflow/example_dags/plugins/workday.py took 0.016 seconds
[2023-07-12 09:01:25,027] {processor.py:163} INFO - Started process (PID=17815) to work on /opt/conda/lib/python3.8/site-packages/airflow/example_dags/plugins/workday.py
[2023-07-12 09:01:25,028] {processor.py:620} INFO - Processing file /opt/conda/lib/python3.8/site-packages/airflow/example_dags/plugins/workday.py for tasks to queue
[2023-07-12 09:01:25,028] {logging_mixin.py:109} INFO - [2023-07-12 09:01:25,028] {dagbag.py:500} INFO - Filling up the DagBag from /opt/conda/lib/python3.8/site-packages/airflow/example_dags/plugins/workday.py
[2023-07-12 09:01:25,039] {processor.py:634} WARNING - No viable dags retrieved from /opt/conda/lib/python3.8/site-packages/airflow/example_dags/plugins/workday.py
[2023-07-12 09:01:25,041] {processor.py:171} INFO - Processing /opt/conda/lib/python3.8/site-packages/airflow/example_dags/plugins/workday.py took 0.017 seconds
[2023-07-12 09:02:00,294] {processor.py:163} INFO - Started process (PID=17849) to work on /opt/conda/lib/python3.8/site-packages/airflow/example_dags/plugins/workday.py
[2023-07-12 09:02:00,295] {processor.py:620} INFO - Processing file /opt/conda/lib/python3.8/site-packages/airflow/example_dags/plugins/workday.py for tasks to queue
[2023-07-12 09:02:00,295] {logging_mixin.py:109} INFO - [2023-07-12 09:02:00,295] {dagbag.py:500} INFO - Filling up the DagBag from /opt/conda/lib/python3.8/site-packages/airflow/example_dags/plugins/workday.py
[2023-07-12 09:02:00,305] {processor.py:634} WARNING - No viable dags retrieved from /opt/conda/lib/python3.8/site-packages/airflow/example_dags/plugins/workday.py
[2023-07-12 09:02:00,307] {processor.py:171} INFO - Processing /opt/conda/lib/python3.8/site-packages/airflow/example_dags/plugins/workday.py took 0.016 seconds
[2023-07-12 09:02:36,750] {processor.py:163} INFO - Started process (PID=17886) to work on /opt/conda/lib/python3.8/site-packages/airflow/example_dags/plugins/workday.py
[2023-07-12 09:02:36,750] {processor.py:620} INFO - Processing file /opt/conda/lib/python3.8/site-packages/airflow/example_dags/plugins/workday.py for tasks to queue
[2023-07-12 09:02:36,751] {logging_mixin.py:109} INFO - [2023-07-12 09:02:36,751] {dagbag.py:500} INFO - Filling up the DagBag from /opt/conda/lib/python3.8/site-packages/airflow/example_dags/plugins/workday.py
[2023-07-12 09:02:36,761] {processor.py:634} WARNING - No viable dags retrieved from /opt/conda/lib/python3.8/site-packages/airflow/example_dags/plugins/workday.py
[2023-07-12 09:02:36,763] {processor.py:171} INFO - Processing /opt/conda/lib/python3.8/site-packages/airflow/example_dags/plugins/workday.py took 0.016 seconds
[2023-07-12 09:03:10,823] {processor.py:163} INFO - Started process (PID=17917) to work on /opt/conda/lib/python3.8/site-packages/airflow/example_dags/plugins/workday.py
[2023-07-12 09:03:10,824] {processor.py:620} INFO - Processing file /opt/conda/lib/python3.8/site-packages/airflow/example_dags/plugins/workday.py for tasks to queue
[2023-07-12 09:03:10,824] {logging_mixin.py:109} INFO - [2023-07-12 09:03:10,824] {dagbag.py:500} INFO - Filling up the DagBag from /opt/conda/lib/python3.8/site-packages/airflow/example_dags/plugins/workday.py
[2023-07-12 09:03:10,835] {processor.py:634} WARNING - No viable dags retrieved from /opt/conda/lib/python3.8/site-packages/airflow/example_dags/plugins/workday.py
[2023-07-12 09:03:10,837] {processor.py:171} INFO - Processing /opt/conda/lib/python3.8/site-packages/airflow/example_dags/plugins/workday.py took 0.016 seconds
[2023-07-12 09:03:46,047] {processor.py:163} INFO - Started process (PID=17949) to work on /opt/conda/lib/python3.8/site-packages/airflow/example_dags/plugins/workday.py
[2023-07-12 09:03:46,048] {processor.py:620} INFO - Processing file /opt/conda/lib/python3.8/site-packages/airflow/example_dags/plugins/workday.py for tasks to queue
[2023-07-12 09:03:46,048] {logging_mixin.py:109} INFO - [2023-07-12 09:03:46,048] {dagbag.py:500} INFO - Filling up the DagBag from /opt/conda/lib/python3.8/site-packages/airflow/example_dags/plugins/workday.py
[2023-07-12 09:03:46,061] {processor.py:634} WARNING - No viable dags retrieved from /opt/conda/lib/python3.8/site-packages/airflow/example_dags/plugins/workday.py
[2023-07-12 09:03:46,063] {processor.py:171} INFO - Processing /opt/conda/lib/python3.8/site-packages/airflow/example_dags/plugins/workday.py took 0.019 seconds
[2023-07-12 09:04:19,456] {processor.py:163} INFO - Started process (PID=17979) to work on /opt/conda/lib/python3.8/site-packages/airflow/example_dags/plugins/workday.py
[2023-07-12 09:04:19,457] {processor.py:620} INFO - Processing file /opt/conda/lib/python3.8/site-packages/airflow/example_dags/plugins/workday.py for tasks to queue
[2023-07-12 09:04:19,457] {logging_mixin.py:109} INFO - [2023-07-12 09:04:19,457] {dagbag.py:500} INFO - Filling up the DagBag from /opt/conda/lib/python3.8/site-packages/airflow/example_dags/plugins/workday.py
[2023-07-12 09:04:19,468] {processor.py:634} WARNING - No viable dags retrieved from /opt/conda/lib/python3.8/site-packages/airflow/example_dags/plugins/workday.py
[2023-07-12 09:04:19,470] {processor.py:171} INFO - Processing /opt/conda/lib/python3.8/site-packages/airflow/example_dags/plugins/workday.py took 0.017 seconds
[2023-07-12 09:04:51,673] {processor.py:163} INFO - Started process (PID=18010) to work on /opt/conda/lib/python3.8/site-packages/airflow/example_dags/plugins/workday.py
[2023-07-12 09:04:51,675] {processor.py:620} INFO - Processing file /opt/conda/lib/python3.8/site-packages/airflow/example_dags/plugins/workday.py for tasks to queue
[2023-07-12 09:04:51,675] {logging_mixin.py:109} INFO - [2023-07-12 09:04:51,675] {dagbag.py:500} INFO - Filling up the DagBag from /opt/conda/lib/python3.8/site-packages/airflow/example_dags/plugins/workday.py
[2023-07-12 09:04:51,686] {processor.py:634} WARNING - No viable dags retrieved from /opt/conda/lib/python3.8/site-packages/airflow/example_dags/plugins/workday.py
[2023-07-12 09:04:51,688] {processor.py:171} INFO - Processing /opt/conda/lib/python3.8/site-packages/airflow/example_dags/plugins/workday.py took 0.017 seconds
[2023-07-12 09:05:32,919] {processor.py:163} INFO - Started process (PID=18046) to work on /opt/conda/lib/python3.8/site-packages/airflow/example_dags/plugins/workday.py
[2023-07-12 09:05:32,921] {processor.py:620} INFO - Processing file /opt/conda/lib/python3.8/site-packages/airflow/example_dags/plugins/workday.py for tasks to queue
[2023-07-12 09:05:32,922] {logging_mixin.py:109} INFO - [2023-07-12 09:05:32,922] {dagbag.py:500} INFO - Filling up the DagBag from /opt/conda/lib/python3.8/site-packages/airflow/example_dags/plugins/workday.py
[2023-07-12 09:05:32,933] {processor.py:634} WARNING - No viable dags retrieved from /opt/conda/lib/python3.8/site-packages/airflow/example_dags/plugins/workday.py
[2023-07-12 09:05:32,935] {processor.py:171} INFO - Processing /opt/conda/lib/python3.8/site-packages/airflow/example_dags/plugins/workday.py took 0.019 seconds
[2023-07-12 09:06:09,975] {processor.py:163} INFO - Started process (PID=18081) to work on /opt/conda/lib/python3.8/site-packages/airflow/example_dags/plugins/workday.py
[2023-07-12 09:06:09,977] {processor.py:620} INFO - Processing file /opt/conda/lib/python3.8/site-packages/airflow/example_dags/plugins/workday.py for tasks to queue
[2023-07-12 09:06:09,978] {logging_mixin.py:109} INFO - [2023-07-12 09:06:09,977] {dagbag.py:500} INFO - Filling up the DagBag from /opt/conda/lib/python3.8/site-packages/airflow/example_dags/plugins/workday.py
[2023-07-12 09:06:09,987] {processor.py:634} WARNING - No viable dags retrieved from /opt/conda/lib/python3.8/site-packages/airflow/example_dags/plugins/workday.py
[2023-07-12 09:06:09,989] {processor.py:171} INFO - Processing /opt/conda/lib/python3.8/site-packages/airflow/example_dags/plugins/workday.py took 0.017 seconds
[2023-07-12 09:06:50,511] {processor.py:163} INFO - Started process (PID=18118) to work on /opt/conda/lib/python3.8/site-packages/airflow/example_dags/plugins/workday.py
[2023-07-12 09:06:50,513] {processor.py:620} INFO - Processing file /opt/conda/lib/python3.8/site-packages/airflow/example_dags/plugins/workday.py for tasks to queue
[2023-07-12 09:06:50,513] {logging_mixin.py:109} INFO - [2023-07-12 09:06:50,513] {dagbag.py:500} INFO - Filling up the DagBag from /opt/conda/lib/python3.8/site-packages/airflow/example_dags/plugins/workday.py
[2023-07-12 09:06:50,525] {processor.py:634} WARNING - No viable dags retrieved from /opt/conda/lib/python3.8/site-packages/airflow/example_dags/plugins/workday.py
[2023-07-12 09:06:50,527] {processor.py:171} INFO - Processing /opt/conda/lib/python3.8/site-packages/airflow/example_dags/plugins/workday.py took 0.019 seconds
[2023-07-12 09:07:33,234] {processor.py:163} INFO - Started process (PID=18155) to work on /opt/conda/lib/python3.8/site-packages/airflow/example_dags/plugins/workday.py
[2023-07-12 09:07:33,235] {processor.py:620} INFO - Processing file /opt/conda/lib/python3.8/site-packages/airflow/example_dags/plugins/workday.py for tasks to queue
[2023-07-12 09:07:33,236] {logging_mixin.py:109} INFO - [2023-07-12 09:07:33,236] {dagbag.py:500} INFO - Filling up the DagBag from /opt/conda/lib/python3.8/site-packages/airflow/example_dags/plugins/workday.py
[2023-07-12 09:07:33,246] {processor.py:634} WARNING - No viable dags retrieved from /opt/conda/lib/python3.8/site-packages/airflow/example_dags/plugins/workday.py
[2023-07-12 09:07:33,248] {processor.py:171} INFO - Processing /opt/conda/lib/python3.8/site-packages/airflow/example_dags/plugins/workday.py took 0.016 seconds
[2023-07-12 09:08:05,883] {processor.py:163} INFO - Started process (PID=18184) to work on /opt/conda/lib/python3.8/site-packages/airflow/example_dags/plugins/workday.py
[2023-07-12 09:08:05,883] {processor.py:620} INFO - Processing file /opt/conda/lib/python3.8/site-packages/airflow/example_dags/plugins/workday.py for tasks to queue
[2023-07-12 09:08:05,883] {logging_mixin.py:109} INFO - [2023-07-12 09:08:05,883] {dagbag.py:500} INFO - Filling up the DagBag from /opt/conda/lib/python3.8/site-packages/airflow/example_dags/plugins/workday.py
[2023-07-12 09:08:05,894] {processor.py:634} WARNING - No viable dags retrieved from /opt/conda/lib/python3.8/site-packages/airflow/example_dags/plugins/workday.py
[2023-07-12 09:08:05,962] {processor.py:171} INFO - Processing /opt/conda/lib/python3.8/site-packages/airflow/example_dags/plugins/workday.py took 0.082 seconds
[2023-07-12 09:08:37,011] {processor.py:163} INFO - Started process (PID=18213) to work on /opt/conda/lib/python3.8/site-packages/airflow/example_dags/plugins/workday.py
[2023-07-12 09:08:37,012] {processor.py:620} INFO - Processing file /opt/conda/lib/python3.8/site-packages/airflow/example_dags/plugins/workday.py for tasks to queue
[2023-07-12 09:08:37,012] {logging_mixin.py:109} INFO - [2023-07-12 09:08:37,012] {dagbag.py:500} INFO - Filling up the DagBag from /opt/conda/lib/python3.8/site-packages/airflow/example_dags/plugins/workday.py
[2023-07-12 09:08:37,088] {processor.py:634} WARNING - No viable dags retrieved from /opt/conda/lib/python3.8/site-packages/airflow/example_dags/plugins/workday.py
[2023-07-12 09:08:37,090] {processor.py:171} INFO - Processing /opt/conda/lib/python3.8/site-packages/airflow/example_dags/plugins/workday.py took 0.081 seconds
[2023-07-12 09:09:16,383] {processor.py:163} INFO - Started process (PID=18249) to work on /opt/conda/lib/python3.8/site-packages/airflow/example_dags/plugins/workday.py
[2023-07-12 09:09:16,384] {processor.py:620} INFO - Processing file /opt/conda/lib/python3.8/site-packages/airflow/example_dags/plugins/workday.py for tasks to queue
[2023-07-12 09:09:16,384] {logging_mixin.py:109} INFO - [2023-07-12 09:09:16,384] {dagbag.py:500} INFO - Filling up the DagBag from /opt/conda/lib/python3.8/site-packages/airflow/example_dags/plugins/workday.py
[2023-07-12 09:09:16,395] {processor.py:634} WARNING - No viable dags retrieved from /opt/conda/lib/python3.8/site-packages/airflow/example_dags/plugins/workday.py
[2023-07-12 09:09:16,397] {processor.py:171} INFO - Processing /opt/conda/lib/python3.8/site-packages/airflow/example_dags/plugins/workday.py took 0.017 seconds
[2023-07-12 09:09:48,615] {processor.py:163} INFO - Started process (PID=18280) to work on /opt/conda/lib/python3.8/site-packages/airflow/example_dags/plugins/workday.py
[2023-07-12 09:09:48,616] {processor.py:620} INFO - Processing file /opt/conda/lib/python3.8/site-packages/airflow/example_dags/plugins/workday.py for tasks to queue
[2023-07-12 09:09:48,616] {logging_mixin.py:109} INFO - [2023-07-12 09:09:48,616] {dagbag.py:500} INFO - Filling up the DagBag from /opt/conda/lib/python3.8/site-packages/airflow/example_dags/plugins/workday.py
[2023-07-12 09:09:48,627] {processor.py:634} WARNING - No viable dags retrieved from /opt/conda/lib/python3.8/site-packages/airflow/example_dags/plugins/workday.py
[2023-07-12 09:09:48,629] {processor.py:171} INFO - Processing /opt/conda/lib/python3.8/site-packages/airflow/example_dags/plugins/workday.py took 0.017 seconds
[2023-07-12 09:10:22,255] {processor.py:163} INFO - Started process (PID=18314) to work on /opt/conda/lib/python3.8/site-packages/airflow/example_dags/plugins/workday.py
[2023-07-12 09:10:22,256] {processor.py:620} INFO - Processing file /opt/conda/lib/python3.8/site-packages/airflow/example_dags/plugins/workday.py for tasks to queue
[2023-07-12 09:10:22,256] {logging_mixin.py:109} INFO - [2023-07-12 09:10:22,256] {dagbag.py:500} INFO - Filling up the DagBag from /opt/conda/lib/python3.8/site-packages/airflow/example_dags/plugins/workday.py
[2023-07-12 09:10:22,267] {processor.py:634} WARNING - No viable dags retrieved from /opt/conda/lib/python3.8/site-packages/airflow/example_dags/plugins/workday.py
[2023-07-12 09:10:22,269] {processor.py:171} INFO - Processing /opt/conda/lib/python3.8/site-packages/airflow/example_dags/plugins/workday.py took 0.017 seconds
[2023-07-12 09:10:55,830] {processor.py:163} INFO - Started process (PID=18346) to work on /opt/conda/lib/python3.8/site-packages/airflow/example_dags/plugins/workday.py
[2023-07-12 09:10:55,831] {processor.py:620} INFO - Processing file /opt/conda/lib/python3.8/site-packages/airflow/example_dags/plugins/workday.py for tasks to queue
[2023-07-12 09:10:55,832] {logging_mixin.py:109} INFO - [2023-07-12 09:10:55,832] {dagbag.py:500} INFO - Filling up the DagBag from /opt/conda/lib/python3.8/site-packages/airflow/example_dags/plugins/workday.py
[2023-07-12 09:10:55,842] {processor.py:634} WARNING - No viable dags retrieved from /opt/conda/lib/python3.8/site-packages/airflow/example_dags/plugins/workday.py
[2023-07-12 09:10:55,845] {processor.py:171} INFO - Processing /opt/conda/lib/python3.8/site-packages/airflow/example_dags/plugins/workday.py took 0.017 seconds
[2023-07-12 09:11:32,265] {processor.py:163} INFO - Started process (PID=18383) to work on /opt/conda/lib/python3.8/site-packages/airflow/example_dags/plugins/workday.py
[2023-07-12 09:11:32,266] {processor.py:620} INFO - Processing file /opt/conda/lib/python3.8/site-packages/airflow/example_dags/plugins/workday.py for tasks to queue
[2023-07-12 09:11:32,267] {logging_mixin.py:109} INFO - [2023-07-12 09:11:32,267] {dagbag.py:500} INFO - Filling up the DagBag from /opt/conda/lib/python3.8/site-packages/airflow/example_dags/plugins/workday.py
[2023-07-12 09:11:32,277] {processor.py:634} WARNING - No viable dags retrieved from /opt/conda/lib/python3.8/site-packages/airflow/example_dags/plugins/workday.py
[2023-07-12 09:11:32,279] {processor.py:171} INFO - Processing /opt/conda/lib/python3.8/site-packages/airflow/example_dags/plugins/workday.py took 0.016 seconds
[2023-07-12 09:11:48,095] {processor.py:163} INFO - Started process (PID=18408) to work on /opt/conda/lib/python3.8/site-packages/airflow/example_dags/plugins/workday.py
[2023-07-12 09:11:48,096] {processor.py:620} INFO - Processing file /opt/conda/lib/python3.8/site-packages/airflow/example_dags/plugins/workday.py for tasks to queue
[2023-07-12 09:11:48,096] {logging_mixin.py:109} INFO - [2023-07-12 09:11:48,096] {dagbag.py:500} INFO - Filling up the DagBag from /opt/conda/lib/python3.8/site-packages/airflow/example_dags/plugins/workday.py
[2023-07-12 09:11:48,107] {processor.py:634} WARNING - No viable dags retrieved from /opt/conda/lib/python3.8/site-packages/airflow/example_dags/plugins/workday.py
[2023-07-12 09:11:48,109] {processor.py:171} INFO - Processing /opt/conda/lib/python3.8/site-packages/airflow/example_dags/plugins/workday.py took 0.016 seconds
[2023-07-12 09:12:34,443] {processor.py:163} INFO - Started process (PID=18466) to work on /opt/conda/lib/python3.8/site-packages/airflow/example_dags/plugins/workday.py
[2023-07-12 09:12:34,444] {processor.py:620} INFO - Processing file /opt/conda/lib/python3.8/site-packages/airflow/example_dags/plugins/workday.py for tasks to queue
[2023-07-12 09:12:34,444] {logging_mixin.py:109} INFO - [2023-07-12 09:12:34,444] {dagbag.py:500} INFO - Filling up the DagBag from /opt/conda/lib/python3.8/site-packages/airflow/example_dags/plugins/workday.py
[2023-07-12 09:12:34,455] {processor.py:634} WARNING - No viable dags retrieved from /opt/conda/lib/python3.8/site-packages/airflow/example_dags/plugins/workday.py
[2023-07-12 09:12:34,457] {processor.py:171} INFO - Processing /opt/conda/lib/python3.8/site-packages/airflow/example_dags/plugins/workday.py took 0.017 seconds
[2023-07-12 09:13:12,756] {processor.py:163} INFO - Started process (PID=18503) to work on /opt/conda/lib/python3.8/site-packages/airflow/example_dags/plugins/workday.py
[2023-07-12 09:13:12,757] {processor.py:620} INFO - Processing file /opt/conda/lib/python3.8/site-packages/airflow/example_dags/plugins/workday.py for tasks to queue
[2023-07-12 09:13:12,758] {logging_mixin.py:109} INFO - [2023-07-12 09:13:12,758] {dagbag.py:500} INFO - Filling up the DagBag from /opt/conda/lib/python3.8/site-packages/airflow/example_dags/plugins/workday.py
[2023-07-12 09:13:12,770] {processor.py:634} WARNING - No viable dags retrieved from /opt/conda/lib/python3.8/site-packages/airflow/example_dags/plugins/workday.py
[2023-07-12 09:13:12,772] {processor.py:171} INFO - Processing /opt/conda/lib/python3.8/site-packages/airflow/example_dags/plugins/workday.py took 0.018 seconds
[2023-07-12 09:13:50,529] {processor.py:163} INFO - Started process (PID=18541) to work on /opt/conda/lib/python3.8/site-packages/airflow/example_dags/plugins/workday.py
[2023-07-12 09:13:50,530] {processor.py:620} INFO - Processing file /opt/conda/lib/python3.8/site-packages/airflow/example_dags/plugins/workday.py for tasks to queue
[2023-07-12 09:13:50,530] {logging_mixin.py:109} INFO - [2023-07-12 09:13:50,530] {dagbag.py:500} INFO - Filling up the DagBag from /opt/conda/lib/python3.8/site-packages/airflow/example_dags/plugins/workday.py
[2023-07-12 09:13:50,541] {processor.py:634} WARNING - No viable dags retrieved from /opt/conda/lib/python3.8/site-packages/airflow/example_dags/plugins/workday.py
[2023-07-12 09:13:50,543] {processor.py:171} INFO - Processing /opt/conda/lib/python3.8/site-packages/airflow/example_dags/plugins/workday.py took 0.017 seconds
[2023-07-12 09:14:25,075] {processor.py:163} INFO - Started process (PID=18576) to work on /opt/conda/lib/python3.8/site-packages/airflow/example_dags/plugins/workday.py
[2023-07-12 09:14:25,076] {processor.py:620} INFO - Processing file /opt/conda/lib/python3.8/site-packages/airflow/example_dags/plugins/workday.py for tasks to queue
[2023-07-12 09:14:25,077] {logging_mixin.py:109} INFO - [2023-07-12 09:14:25,077] {dagbag.py:500} INFO - Filling up the DagBag from /opt/conda/lib/python3.8/site-packages/airflow/example_dags/plugins/workday.py
[2023-07-12 09:14:25,088] {processor.py:634} WARNING - No viable dags retrieved from /opt/conda/lib/python3.8/site-packages/airflow/example_dags/plugins/workday.py
[2023-07-12 09:14:25,090] {processor.py:171} INFO - Processing /opt/conda/lib/python3.8/site-packages/airflow/example_dags/plugins/workday.py took 0.017 seconds
[2023-07-12 09:15:00,554] {processor.py:163} INFO - Started process (PID=18612) to work on /opt/conda/lib/python3.8/site-packages/airflow/example_dags/plugins/workday.py
[2023-07-12 09:15:00,557] {processor.py:620} INFO - Processing file /opt/conda/lib/python3.8/site-packages/airflow/example_dags/plugins/workday.py for tasks to queue
[2023-07-12 09:15:00,557] {logging_mixin.py:109} INFO - [2023-07-12 09:15:00,557] {dagbag.py:500} INFO - Filling up the DagBag from /opt/conda/lib/python3.8/site-packages/airflow/example_dags/plugins/workday.py
[2023-07-12 09:15:00,568] {processor.py:634} WARNING - No viable dags retrieved from /opt/conda/lib/python3.8/site-packages/airflow/example_dags/plugins/workday.py
[2023-07-12 09:15:00,570] {processor.py:171} INFO - Processing /opt/conda/lib/python3.8/site-packages/airflow/example_dags/plugins/workday.py took 0.019 seconds
[2023-07-12 09:15:34,248] {processor.py:163} INFO - Started process (PID=18647) to work on /opt/conda/lib/python3.8/site-packages/airflow/example_dags/plugins/workday.py
[2023-07-12 09:15:34,250] {processor.py:620} INFO - Processing file /opt/conda/lib/python3.8/site-packages/airflow/example_dags/plugins/workday.py for tasks to queue
[2023-07-12 09:15:34,250] {logging_mixin.py:109} INFO - [2023-07-12 09:15:34,250] {dagbag.py:500} INFO - Filling up the DagBag from /opt/conda/lib/python3.8/site-packages/airflow/example_dags/plugins/workday.py
[2023-07-12 09:15:34,261] {processor.py:634} WARNING - No viable dags retrieved from /opt/conda/lib/python3.8/site-packages/airflow/example_dags/plugins/workday.py
[2023-07-12 09:15:34,263] {processor.py:171} INFO - Processing /opt/conda/lib/python3.8/site-packages/airflow/example_dags/plugins/workday.py took 0.018 seconds
