[2023-07-12 08:22:00,598] {processor.py:163} INFO - Started process (PID=15498) to work on /opt/conda/lib/python3.8/site-packages/airflow/example_dags/subdags/subdag.py
[2023-07-12 08:22:00,598] {processor.py:620} INFO - Processing file /opt/conda/lib/python3.8/site-packages/airflow/example_dags/subdags/subdag.py for tasks to queue
[2023-07-12 08:22:00,599] {logging_mixin.py:109} INFO - [2023-07-12 08:22:00,599] {dagbag.py:500} INFO - Filling up the DagBag from /opt/conda/lib/python3.8/site-packages/airflow/example_dags/subdags/subdag.py
[2023-07-12 08:22:00,611] {processor.py:634} WARNING - No viable dags retrieved from /opt/conda/lib/python3.8/site-packages/airflow/example_dags/subdags/subdag.py
[2023-07-12 08:22:00,614] {processor.py:171} INFO - Processing /opt/conda/lib/python3.8/site-packages/airflow/example_dags/subdags/subdag.py took 0.018 seconds
[2023-07-12 08:22:35,579] {processor.py:163} INFO - Started process (PID=15538) to work on /opt/conda/lib/python3.8/site-packages/airflow/example_dags/subdags/subdag.py
[2023-07-12 08:22:35,580] {processor.py:620} INFO - Processing file /opt/conda/lib/python3.8/site-packages/airflow/example_dags/subdags/subdag.py for tasks to queue
[2023-07-12 08:22:35,580] {logging_mixin.py:109} INFO - [2023-07-12 08:22:35,580] {dagbag.py:500} INFO - Filling up the DagBag from /opt/conda/lib/python3.8/site-packages/airflow/example_dags/subdags/subdag.py
[2023-07-12 08:22:35,594] {processor.py:634} WARNING - No viable dags retrieved from /opt/conda/lib/python3.8/site-packages/airflow/example_dags/subdags/subdag.py
[2023-07-12 08:22:35,596] {processor.py:171} INFO - Processing /opt/conda/lib/python3.8/site-packages/airflow/example_dags/subdags/subdag.py took 0.021 seconds
[2023-07-12 08:23:07,642] {processor.py:163} INFO - Started process (PID=15571) to work on /opt/conda/lib/python3.8/site-packages/airflow/example_dags/subdags/subdag.py
[2023-07-12 08:23:07,643] {processor.py:620} INFO - Processing file /opt/conda/lib/python3.8/site-packages/airflow/example_dags/subdags/subdag.py for tasks to queue
[2023-07-12 08:23:07,643] {logging_mixin.py:109} INFO - [2023-07-12 08:23:07,643] {dagbag.py:500} INFO - Filling up the DagBag from /opt/conda/lib/python3.8/site-packages/airflow/example_dags/subdags/subdag.py
[2023-07-12 08:23:07,655] {processor.py:634} WARNING - No viable dags retrieved from /opt/conda/lib/python3.8/site-packages/airflow/example_dags/subdags/subdag.py
[2023-07-12 08:23:07,657] {processor.py:171} INFO - Processing /opt/conda/lib/python3.8/site-packages/airflow/example_dags/subdags/subdag.py took 0.017 seconds
[2023-07-12 08:23:42,466] {processor.py:163} INFO - Started process (PID=15605) to work on /opt/conda/lib/python3.8/site-packages/airflow/example_dags/subdags/subdag.py
[2023-07-12 08:23:42,467] {processor.py:620} INFO - Processing file /opt/conda/lib/python3.8/site-packages/airflow/example_dags/subdags/subdag.py for tasks to queue
[2023-07-12 08:23:42,468] {logging_mixin.py:109} INFO - [2023-07-12 08:23:42,468] {dagbag.py:500} INFO - Filling up the DagBag from /opt/conda/lib/python3.8/site-packages/airflow/example_dags/subdags/subdag.py
[2023-07-12 08:23:42,478] {processor.py:634} WARNING - No viable dags retrieved from /opt/conda/lib/python3.8/site-packages/airflow/example_dags/subdags/subdag.py
[2023-07-12 08:23:42,481] {processor.py:171} INFO - Processing /opt/conda/lib/python3.8/site-packages/airflow/example_dags/subdags/subdag.py took 0.017 seconds
[2023-07-12 08:24:13,356] {processor.py:163} INFO - Started process (PID=15634) to work on /opt/conda/lib/python3.8/site-packages/airflow/example_dags/subdags/subdag.py
[2023-07-12 08:24:13,356] {processor.py:620} INFO - Processing file /opt/conda/lib/python3.8/site-packages/airflow/example_dags/subdags/subdag.py for tasks to queue
[2023-07-12 08:24:13,356] {logging_mixin.py:109} INFO - [2023-07-12 08:24:13,356] {dagbag.py:500} INFO - Filling up the DagBag from /opt/conda/lib/python3.8/site-packages/airflow/example_dags/subdags/subdag.py
[2023-07-12 08:24:13,367] {processor.py:634} WARNING - No viable dags retrieved from /opt/conda/lib/python3.8/site-packages/airflow/example_dags/subdags/subdag.py
[2023-07-12 08:24:13,369] {processor.py:171} INFO - Processing /opt/conda/lib/python3.8/site-packages/airflow/example_dags/subdags/subdag.py took 0.016 seconds
[2023-07-12 08:24:44,473] {processor.py:163} INFO - Started process (PID=15663) to work on /opt/conda/lib/python3.8/site-packages/airflow/example_dags/subdags/subdag.py
[2023-07-12 08:24:44,474] {processor.py:620} INFO - Processing file /opt/conda/lib/python3.8/site-packages/airflow/example_dags/subdags/subdag.py for tasks to queue
[2023-07-12 08:24:44,475] {logging_mixin.py:109} INFO - [2023-07-12 08:24:44,475] {dagbag.py:500} INFO - Filling up the DagBag from /opt/conda/lib/python3.8/site-packages/airflow/example_dags/subdags/subdag.py
[2023-07-12 08:24:44,486] {processor.py:634} WARNING - No viable dags retrieved from /opt/conda/lib/python3.8/site-packages/airflow/example_dags/subdags/subdag.py
[2023-07-12 08:24:44,488] {processor.py:171} INFO - Processing /opt/conda/lib/python3.8/site-packages/airflow/example_dags/subdags/subdag.py took 0.018 seconds
[2023-07-12 08:25:15,968] {processor.py:163} INFO - Started process (PID=15693) to work on /opt/conda/lib/python3.8/site-packages/airflow/example_dags/subdags/subdag.py
[2023-07-12 08:25:15,968] {processor.py:620} INFO - Processing file /opt/conda/lib/python3.8/site-packages/airflow/example_dags/subdags/subdag.py for tasks to queue
[2023-07-12 08:25:15,969] {logging_mixin.py:109} INFO - [2023-07-12 08:25:15,969] {dagbag.py:500} INFO - Filling up the DagBag from /opt/conda/lib/python3.8/site-packages/airflow/example_dags/subdags/subdag.py
[2023-07-12 08:25:15,979] {processor.py:634} WARNING - No viable dags retrieved from /opt/conda/lib/python3.8/site-packages/airflow/example_dags/subdags/subdag.py
[2023-07-12 08:25:15,982] {processor.py:171} INFO - Processing /opt/conda/lib/python3.8/site-packages/airflow/example_dags/subdags/subdag.py took 0.016 seconds
[2023-07-12 08:25:50,186] {processor.py:163} INFO - Started process (PID=15726) to work on /opt/conda/lib/python3.8/site-packages/airflow/example_dags/subdags/subdag.py
[2023-07-12 08:25:50,187] {processor.py:620} INFO - Processing file /opt/conda/lib/python3.8/site-packages/airflow/example_dags/subdags/subdag.py for tasks to queue
[2023-07-12 08:25:50,187] {logging_mixin.py:109} INFO - [2023-07-12 08:25:50,187] {dagbag.py:500} INFO - Filling up the DagBag from /opt/conda/lib/python3.8/site-packages/airflow/example_dags/subdags/subdag.py
[2023-07-12 08:25:50,199] {processor.py:634} WARNING - No viable dags retrieved from /opt/conda/lib/python3.8/site-packages/airflow/example_dags/subdags/subdag.py
[2023-07-12 08:25:50,201] {processor.py:171} INFO - Processing /opt/conda/lib/python3.8/site-packages/airflow/example_dags/subdags/subdag.py took 0.018 seconds
[2023-07-12 08:26:22,882] {processor.py:163} INFO - Started process (PID=15758) to work on /opt/conda/lib/python3.8/site-packages/airflow/example_dags/subdags/subdag.py
[2023-07-12 08:26:22,883] {processor.py:620} INFO - Processing file /opt/conda/lib/python3.8/site-packages/airflow/example_dags/subdags/subdag.py for tasks to queue
[2023-07-12 08:26:22,883] {logging_mixin.py:109} INFO - [2023-07-12 08:26:22,883] {dagbag.py:500} INFO - Filling up the DagBag from /opt/conda/lib/python3.8/site-packages/airflow/example_dags/subdags/subdag.py
[2023-07-12 08:26:22,894] {processor.py:634} WARNING - No viable dags retrieved from /opt/conda/lib/python3.8/site-packages/airflow/example_dags/subdags/subdag.py
[2023-07-12 08:26:22,897] {processor.py:171} INFO - Processing /opt/conda/lib/python3.8/site-packages/airflow/example_dags/subdags/subdag.py took 0.017 seconds
[2023-07-12 08:26:54,363] {processor.py:163} INFO - Started process (PID=15788) to work on /opt/conda/lib/python3.8/site-packages/airflow/example_dags/subdags/subdag.py
[2023-07-12 08:26:54,364] {processor.py:620} INFO - Processing file /opt/conda/lib/python3.8/site-packages/airflow/example_dags/subdags/subdag.py for tasks to queue
[2023-07-12 08:26:54,364] {logging_mixin.py:109} INFO - [2023-07-12 08:26:54,364] {dagbag.py:500} INFO - Filling up the DagBag from /opt/conda/lib/python3.8/site-packages/airflow/example_dags/subdags/subdag.py
[2023-07-12 08:26:54,377] {processor.py:634} WARNING - No viable dags retrieved from /opt/conda/lib/python3.8/site-packages/airflow/example_dags/subdags/subdag.py
[2023-07-12 08:26:54,379] {processor.py:171} INFO - Processing /opt/conda/lib/python3.8/site-packages/airflow/example_dags/subdags/subdag.py took 0.019 seconds
[2023-07-12 08:27:28,366] {processor.py:163} INFO - Started process (PID=15821) to work on /opt/conda/lib/python3.8/site-packages/airflow/example_dags/subdags/subdag.py
[2023-07-12 08:27:28,367] {processor.py:620} INFO - Processing file /opt/conda/lib/python3.8/site-packages/airflow/example_dags/subdags/subdag.py for tasks to queue
[2023-07-12 08:27:28,368] {logging_mixin.py:109} INFO - [2023-07-12 08:27:28,368] {dagbag.py:500} INFO - Filling up the DagBag from /opt/conda/lib/python3.8/site-packages/airflow/example_dags/subdags/subdag.py
[2023-07-12 08:27:28,379] {processor.py:634} WARNING - No viable dags retrieved from /opt/conda/lib/python3.8/site-packages/airflow/example_dags/subdags/subdag.py
[2023-07-12 08:27:28,382] {processor.py:171} INFO - Processing /opt/conda/lib/python3.8/site-packages/airflow/example_dags/subdags/subdag.py took 0.018 seconds
[2023-07-12 08:28:01,819] {processor.py:163} INFO - Started process (PID=15853) to work on /opt/conda/lib/python3.8/site-packages/airflow/example_dags/subdags/subdag.py
[2023-07-12 08:28:01,819] {processor.py:620} INFO - Processing file /opt/conda/lib/python3.8/site-packages/airflow/example_dags/subdags/subdag.py for tasks to queue
[2023-07-12 08:28:01,820] {logging_mixin.py:109} INFO - [2023-07-12 08:28:01,820] {dagbag.py:500} INFO - Filling up the DagBag from /opt/conda/lib/python3.8/site-packages/airflow/example_dags/subdags/subdag.py
[2023-07-12 08:28:01,831] {processor.py:634} WARNING - No viable dags retrieved from /opt/conda/lib/python3.8/site-packages/airflow/example_dags/subdags/subdag.py
[2023-07-12 08:28:01,833] {processor.py:171} INFO - Processing /opt/conda/lib/python3.8/site-packages/airflow/example_dags/subdags/subdag.py took 0.017 seconds
[2023-07-12 08:28:35,516] {processor.py:163} INFO - Started process (PID=15886) to work on /opt/conda/lib/python3.8/site-packages/airflow/example_dags/subdags/subdag.py
[2023-07-12 08:28:35,517] {processor.py:620} INFO - Processing file /opt/conda/lib/python3.8/site-packages/airflow/example_dags/subdags/subdag.py for tasks to queue
[2023-07-12 08:28:35,517] {logging_mixin.py:109} INFO - [2023-07-12 08:28:35,517] {dagbag.py:500} INFO - Filling up the DagBag from /opt/conda/lib/python3.8/site-packages/airflow/example_dags/subdags/subdag.py
[2023-07-12 08:28:35,527] {processor.py:634} WARNING - No viable dags retrieved from /opt/conda/lib/python3.8/site-packages/airflow/example_dags/subdags/subdag.py
[2023-07-12 08:28:35,529] {processor.py:171} INFO - Processing /opt/conda/lib/python3.8/site-packages/airflow/example_dags/subdags/subdag.py took 0.016 seconds
[2023-07-12 08:29:06,943] {processor.py:163} INFO - Started process (PID=15915) to work on /opt/conda/lib/python3.8/site-packages/airflow/example_dags/subdags/subdag.py
[2023-07-12 08:29:06,944] {processor.py:620} INFO - Processing file /opt/conda/lib/python3.8/site-packages/airflow/example_dags/subdags/subdag.py for tasks to queue
[2023-07-12 08:29:06,944] {logging_mixin.py:109} INFO - [2023-07-12 08:29:06,944] {dagbag.py:500} INFO - Filling up the DagBag from /opt/conda/lib/python3.8/site-packages/airflow/example_dags/subdags/subdag.py
[2023-07-12 08:29:06,955] {processor.py:634} WARNING - No viable dags retrieved from /opt/conda/lib/python3.8/site-packages/airflow/example_dags/subdags/subdag.py
[2023-07-12 08:29:06,957] {processor.py:171} INFO - Processing /opt/conda/lib/python3.8/site-packages/airflow/example_dags/subdags/subdag.py took 0.016 seconds
[2023-07-12 08:29:40,395] {processor.py:163} INFO - Started process (PID=15947) to work on /opt/conda/lib/python3.8/site-packages/airflow/example_dags/subdags/subdag.py
[2023-07-12 08:29:40,396] {processor.py:620} INFO - Processing file /opt/conda/lib/python3.8/site-packages/airflow/example_dags/subdags/subdag.py for tasks to queue
[2023-07-12 08:29:40,397] {logging_mixin.py:109} INFO - [2023-07-12 08:29:40,397] {dagbag.py:500} INFO - Filling up the DagBag from /opt/conda/lib/python3.8/site-packages/airflow/example_dags/subdags/subdag.py
[2023-07-12 08:29:40,408] {processor.py:634} WARNING - No viable dags retrieved from /opt/conda/lib/python3.8/site-packages/airflow/example_dags/subdags/subdag.py
[2023-07-12 08:29:40,410] {processor.py:171} INFO - Processing /opt/conda/lib/python3.8/site-packages/airflow/example_dags/subdags/subdag.py took 0.018 seconds
[2023-07-12 08:30:11,815] {processor.py:163} INFO - Started process (PID=15978) to work on /opt/conda/lib/python3.8/site-packages/airflow/example_dags/subdags/subdag.py
[2023-07-12 08:30:11,815] {processor.py:620} INFO - Processing file /opt/conda/lib/python3.8/site-packages/airflow/example_dags/subdags/subdag.py for tasks to queue
[2023-07-12 08:30:11,816] {logging_mixin.py:109} INFO - [2023-07-12 08:30:11,816] {dagbag.py:500} INFO - Filling up the DagBag from /opt/conda/lib/python3.8/site-packages/airflow/example_dags/subdags/subdag.py
[2023-07-12 08:30:11,827] {processor.py:634} WARNING - No viable dags retrieved from /opt/conda/lib/python3.8/site-packages/airflow/example_dags/subdags/subdag.py
[2023-07-12 08:30:11,829] {processor.py:171} INFO - Processing /opt/conda/lib/python3.8/site-packages/airflow/example_dags/subdags/subdag.py took 0.017 seconds
[2023-07-12 08:30:42,710] {processor.py:163} INFO - Started process (PID=16007) to work on /opt/conda/lib/python3.8/site-packages/airflow/example_dags/subdags/subdag.py
[2023-07-12 08:30:42,711] {processor.py:620} INFO - Processing file /opt/conda/lib/python3.8/site-packages/airflow/example_dags/subdags/subdag.py for tasks to queue
[2023-07-12 08:30:42,711] {logging_mixin.py:109} INFO - [2023-07-12 08:30:42,711] {dagbag.py:500} INFO - Filling up the DagBag from /opt/conda/lib/python3.8/site-packages/airflow/example_dags/subdags/subdag.py
[2023-07-12 08:30:42,722] {processor.py:634} WARNING - No viable dags retrieved from /opt/conda/lib/python3.8/site-packages/airflow/example_dags/subdags/subdag.py
[2023-07-12 08:30:42,724] {processor.py:171} INFO - Processing /opt/conda/lib/python3.8/site-packages/airflow/example_dags/subdags/subdag.py took 0.017 seconds
[2023-07-12 08:31:13,304] {processor.py:163} INFO - Started process (PID=16037) to work on /opt/conda/lib/python3.8/site-packages/airflow/example_dags/subdags/subdag.py
[2023-07-12 08:31:13,304] {processor.py:620} INFO - Processing file /opt/conda/lib/python3.8/site-packages/airflow/example_dags/subdags/subdag.py for tasks to queue
[2023-07-12 08:31:13,304] {logging_mixin.py:109} INFO - [2023-07-12 08:31:13,304] {dagbag.py:500} INFO - Filling up the DagBag from /opt/conda/lib/python3.8/site-packages/airflow/example_dags/subdags/subdag.py
[2023-07-12 08:31:13,316] {processor.py:634} WARNING - No viable dags retrieved from /opt/conda/lib/python3.8/site-packages/airflow/example_dags/subdags/subdag.py
[2023-07-12 08:31:13,318] {processor.py:171} INFO - Processing /opt/conda/lib/python3.8/site-packages/airflow/example_dags/subdags/subdag.py took 0.017 seconds
[2023-07-12 08:31:44,783] {processor.py:163} INFO - Started process (PID=16067) to work on /opt/conda/lib/python3.8/site-packages/airflow/example_dags/subdags/subdag.py
[2023-07-12 08:31:44,785] {processor.py:620} INFO - Processing file /opt/conda/lib/python3.8/site-packages/airflow/example_dags/subdags/subdag.py for tasks to queue
[2023-07-12 08:31:44,786] {logging_mixin.py:109} INFO - [2023-07-12 08:31:44,786] {dagbag.py:500} INFO - Filling up the DagBag from /opt/conda/lib/python3.8/site-packages/airflow/example_dags/subdags/subdag.py
[2023-07-12 08:31:44,797] {processor.py:634} WARNING - No viable dags retrieved from /opt/conda/lib/python3.8/site-packages/airflow/example_dags/subdags/subdag.py
[2023-07-12 08:31:44,800] {processor.py:171} INFO - Processing /opt/conda/lib/python3.8/site-packages/airflow/example_dags/subdags/subdag.py took 0.019 seconds
[2023-07-12 08:32:20,785] {processor.py:163} INFO - Started process (PID=16108) to work on /opt/conda/lib/python3.8/site-packages/airflow/example_dags/subdags/subdag.py
[2023-07-12 08:32:20,787] {processor.py:620} INFO - Processing file /opt/conda/lib/python3.8/site-packages/airflow/example_dags/subdags/subdag.py for tasks to queue
[2023-07-12 08:32:20,788] {logging_mixin.py:109} INFO - [2023-07-12 08:32:20,788] {dagbag.py:500} INFO - Filling up the DagBag from /opt/conda/lib/python3.8/site-packages/airflow/example_dags/subdags/subdag.py
[2023-07-12 08:32:20,800] {processor.py:634} WARNING - No viable dags retrieved from /opt/conda/lib/python3.8/site-packages/airflow/example_dags/subdags/subdag.py
[2023-07-12 08:32:20,802] {processor.py:171} INFO - Processing /opt/conda/lib/python3.8/site-packages/airflow/example_dags/subdags/subdag.py took 0.019 seconds
[2023-07-12 08:32:52,489] {processor.py:163} INFO - Started process (PID=16140) to work on /opt/conda/lib/python3.8/site-packages/airflow/example_dags/subdags/subdag.py
[2023-07-12 08:32:52,489] {processor.py:620} INFO - Processing file /opt/conda/lib/python3.8/site-packages/airflow/example_dags/subdags/subdag.py for tasks to queue
[2023-07-12 08:32:52,489] {logging_mixin.py:109} INFO - [2023-07-12 08:32:52,489] {dagbag.py:500} INFO - Filling up the DagBag from /opt/conda/lib/python3.8/site-packages/airflow/example_dags/subdags/subdag.py
[2023-07-12 08:32:52,501] {processor.py:634} WARNING - No viable dags retrieved from /opt/conda/lib/python3.8/site-packages/airflow/example_dags/subdags/subdag.py
[2023-07-12 08:32:52,503] {processor.py:171} INFO - Processing /opt/conda/lib/python3.8/site-packages/airflow/example_dags/subdags/subdag.py took 0.016 seconds
[2023-07-12 08:33:23,084] {processor.py:163} INFO - Started process (PID=16169) to work on /opt/conda/lib/python3.8/site-packages/airflow/example_dags/subdags/subdag.py
[2023-07-12 08:33:23,086] {processor.py:620} INFO - Processing file /opt/conda/lib/python3.8/site-packages/airflow/example_dags/subdags/subdag.py for tasks to queue
[2023-07-12 08:33:23,086] {logging_mixin.py:109} INFO - [2023-07-12 08:33:23,086] {dagbag.py:500} INFO - Filling up the DagBag from /opt/conda/lib/python3.8/site-packages/airflow/example_dags/subdags/subdag.py
[2023-07-12 08:33:23,098] {processor.py:634} WARNING - No viable dags retrieved from /opt/conda/lib/python3.8/site-packages/airflow/example_dags/subdags/subdag.py
[2023-07-12 08:33:23,101] {processor.py:171} INFO - Processing /opt/conda/lib/python3.8/site-packages/airflow/example_dags/subdags/subdag.py took 0.020 seconds
[2023-07-12 08:33:54,504] {processor.py:163} INFO - Started process (PID=16199) to work on /opt/conda/lib/python3.8/site-packages/airflow/example_dags/subdags/subdag.py
[2023-07-12 08:33:54,505] {processor.py:620} INFO - Processing file /opt/conda/lib/python3.8/site-packages/airflow/example_dags/subdags/subdag.py for tasks to queue
[2023-07-12 08:33:54,505] {logging_mixin.py:109} INFO - [2023-07-12 08:33:54,505] {dagbag.py:500} INFO - Filling up the DagBag from /opt/conda/lib/python3.8/site-packages/airflow/example_dags/subdags/subdag.py
[2023-07-12 08:33:54,517] {processor.py:634} WARNING - No viable dags retrieved from /opt/conda/lib/python3.8/site-packages/airflow/example_dags/subdags/subdag.py
[2023-07-12 08:33:54,519] {processor.py:171} INFO - Processing /opt/conda/lib/python3.8/site-packages/airflow/example_dags/subdags/subdag.py took 0.017 seconds
[2023-07-12 08:34:27,502] {processor.py:163} INFO - Started process (PID=16231) to work on /opt/conda/lib/python3.8/site-packages/airflow/example_dags/subdags/subdag.py
[2023-07-12 08:34:27,503] {processor.py:620} INFO - Processing file /opt/conda/lib/python3.8/site-packages/airflow/example_dags/subdags/subdag.py for tasks to queue
[2023-07-12 08:34:27,504] {logging_mixin.py:109} INFO - [2023-07-12 08:34:27,503] {dagbag.py:500} INFO - Filling up the DagBag from /opt/conda/lib/python3.8/site-packages/airflow/example_dags/subdags/subdag.py
[2023-07-12 08:34:27,515] {processor.py:634} WARNING - No viable dags retrieved from /opt/conda/lib/python3.8/site-packages/airflow/example_dags/subdags/subdag.py
[2023-07-12 08:34:27,517] {processor.py:171} INFO - Processing /opt/conda/lib/python3.8/site-packages/airflow/example_dags/subdags/subdag.py took 0.018 seconds
[2023-07-12 08:34:58,246] {processor.py:163} INFO - Started process (PID=16260) to work on /opt/conda/lib/python3.8/site-packages/airflow/example_dags/subdags/subdag.py
[2023-07-12 08:34:58,246] {processor.py:620} INFO - Processing file /opt/conda/lib/python3.8/site-packages/airflow/example_dags/subdags/subdag.py for tasks to queue
[2023-07-12 08:34:58,247] {logging_mixin.py:109} INFO - [2023-07-12 08:34:58,247] {dagbag.py:500} INFO - Filling up the DagBag from /opt/conda/lib/python3.8/site-packages/airflow/example_dags/subdags/subdag.py
[2023-07-12 08:34:58,258] {processor.py:634} WARNING - No viable dags retrieved from /opt/conda/lib/python3.8/site-packages/airflow/example_dags/subdags/subdag.py
[2023-07-12 08:34:58,261] {processor.py:171} INFO - Processing /opt/conda/lib/python3.8/site-packages/airflow/example_dags/subdags/subdag.py took 0.017 seconds
[2023-07-12 08:35:30,290] {processor.py:163} INFO - Started process (PID=16290) to work on /opt/conda/lib/python3.8/site-packages/airflow/example_dags/subdags/subdag.py
[2023-07-12 08:35:30,292] {processor.py:620} INFO - Processing file /opt/conda/lib/python3.8/site-packages/airflow/example_dags/subdags/subdag.py for tasks to queue
[2023-07-12 08:35:30,292] {logging_mixin.py:109} INFO - [2023-07-12 08:35:30,292] {dagbag.py:500} INFO - Filling up the DagBag from /opt/conda/lib/python3.8/site-packages/airflow/example_dags/subdags/subdag.py
[2023-07-12 08:35:30,304] {processor.py:634} WARNING - No viable dags retrieved from /opt/conda/lib/python3.8/site-packages/airflow/example_dags/subdags/subdag.py
[2023-07-12 08:35:30,306] {processor.py:171} INFO - Processing /opt/conda/lib/python3.8/site-packages/airflow/example_dags/subdags/subdag.py took 0.019 seconds
[2023-07-12 08:36:03,945] {processor.py:163} INFO - Started process (PID=16322) to work on /opt/conda/lib/python3.8/site-packages/airflow/example_dags/subdags/subdag.py
[2023-07-12 08:36:03,946] {processor.py:620} INFO - Processing file /opt/conda/lib/python3.8/site-packages/airflow/example_dags/subdags/subdag.py for tasks to queue
[2023-07-12 08:36:03,946] {logging_mixin.py:109} INFO - [2023-07-12 08:36:03,946] {dagbag.py:500} INFO - Filling up the DagBag from /opt/conda/lib/python3.8/site-packages/airflow/example_dags/subdags/subdag.py
[2023-07-12 08:36:03,957] {processor.py:634} WARNING - No viable dags retrieved from /opt/conda/lib/python3.8/site-packages/airflow/example_dags/subdags/subdag.py
[2023-07-12 08:36:03,959] {processor.py:171} INFO - Processing /opt/conda/lib/python3.8/site-packages/airflow/example_dags/subdags/subdag.py took 0.017 seconds
[2023-07-12 08:36:46,121] {processor.py:163} INFO - Started process (PID=16364) to work on /opt/conda/lib/python3.8/site-packages/airflow/example_dags/subdags/subdag.py
[2023-07-12 08:36:46,122] {processor.py:620} INFO - Processing file /opt/conda/lib/python3.8/site-packages/airflow/example_dags/subdags/subdag.py for tasks to queue
[2023-07-12 08:36:46,122] {logging_mixin.py:109} INFO - [2023-07-12 08:36:46,122] {dagbag.py:500} INFO - Filling up the DagBag from /opt/conda/lib/python3.8/site-packages/airflow/example_dags/subdags/subdag.py
[2023-07-12 08:36:46,133] {processor.py:634} WARNING - No viable dags retrieved from /opt/conda/lib/python3.8/site-packages/airflow/example_dags/subdags/subdag.py
[2023-07-12 08:36:46,135] {processor.py:171} INFO - Processing /opt/conda/lib/python3.8/site-packages/airflow/example_dags/subdags/subdag.py took 0.017 seconds
[2023-07-12 08:37:19,023] {processor.py:163} INFO - Started process (PID=16394) to work on /opt/conda/lib/python3.8/site-packages/airflow/example_dags/subdags/subdag.py
[2023-07-12 08:37:19,024] {processor.py:620} INFO - Processing file /opt/conda/lib/python3.8/site-packages/airflow/example_dags/subdags/subdag.py for tasks to queue
[2023-07-12 08:37:19,024] {logging_mixin.py:109} INFO - [2023-07-12 08:37:19,024] {dagbag.py:500} INFO - Filling up the DagBag from /opt/conda/lib/python3.8/site-packages/airflow/example_dags/subdags/subdag.py
[2023-07-12 08:37:19,036] {processor.py:634} WARNING - No viable dags retrieved from /opt/conda/lib/python3.8/site-packages/airflow/example_dags/subdags/subdag.py
[2023-07-12 08:37:19,038] {processor.py:171} INFO - Processing /opt/conda/lib/python3.8/site-packages/airflow/example_dags/subdags/subdag.py took 0.017 seconds
[2023-07-12 08:38:04,544] {processor.py:163} INFO - Started process (PID=16441) to work on /opt/conda/lib/python3.8/site-packages/airflow/example_dags/subdags/subdag.py
[2023-07-12 08:38:04,545] {processor.py:620} INFO - Processing file /opt/conda/lib/python3.8/site-packages/airflow/example_dags/subdags/subdag.py for tasks to queue
[2023-07-12 08:38:04,546] {logging_mixin.py:109} INFO - [2023-07-12 08:38:04,546] {dagbag.py:500} INFO - Filling up the DagBag from /opt/conda/lib/python3.8/site-packages/airflow/example_dags/subdags/subdag.py
[2023-07-12 08:38:04,556] {processor.py:634} WARNING - No viable dags retrieved from /opt/conda/lib/python3.8/site-packages/airflow/example_dags/subdags/subdag.py
[2023-07-12 08:38:04,559] {processor.py:171} INFO - Processing /opt/conda/lib/python3.8/site-packages/airflow/example_dags/subdags/subdag.py took 0.017 seconds
[2023-07-12 08:38:35,678] {processor.py:163} INFO - Started process (PID=16469) to work on /opt/conda/lib/python3.8/site-packages/airflow/example_dags/subdags/subdag.py
[2023-07-12 08:38:35,679] {processor.py:620} INFO - Processing file /opt/conda/lib/python3.8/site-packages/airflow/example_dags/subdags/subdag.py for tasks to queue
[2023-07-12 08:38:35,679] {logging_mixin.py:109} INFO - [2023-07-12 08:38:35,679] {dagbag.py:500} INFO - Filling up the DagBag from /opt/conda/lib/python3.8/site-packages/airflow/example_dags/subdags/subdag.py
[2023-07-12 08:38:35,690] {processor.py:634} WARNING - No viable dags retrieved from /opt/conda/lib/python3.8/site-packages/airflow/example_dags/subdags/subdag.py
[2023-07-12 08:38:35,692] {processor.py:171} INFO - Processing /opt/conda/lib/python3.8/site-packages/airflow/example_dags/subdags/subdag.py took 0.017 seconds
[2023-07-12 08:39:06,715] {processor.py:163} INFO - Started process (PID=16500) to work on /opt/conda/lib/python3.8/site-packages/airflow/example_dags/subdags/subdag.py
[2023-07-12 08:39:06,715] {processor.py:620} INFO - Processing file /opt/conda/lib/python3.8/site-packages/airflow/example_dags/subdags/subdag.py for tasks to queue
[2023-07-12 08:39:06,716] {logging_mixin.py:109} INFO - [2023-07-12 08:39:06,716] {dagbag.py:500} INFO - Filling up the DagBag from /opt/conda/lib/python3.8/site-packages/airflow/example_dags/subdags/subdag.py
[2023-07-12 08:39:06,726] {processor.py:634} WARNING - No viable dags retrieved from /opt/conda/lib/python3.8/site-packages/airflow/example_dags/subdags/subdag.py
[2023-07-12 08:39:06,728] {processor.py:171} INFO - Processing /opt/conda/lib/python3.8/site-packages/airflow/example_dags/subdags/subdag.py took 0.015 seconds
[2023-07-12 08:39:45,453] {processor.py:163} INFO - Started process (PID=16534) to work on /opt/conda/lib/python3.8/site-packages/airflow/example_dags/subdags/subdag.py
[2023-07-12 08:39:45,454] {processor.py:620} INFO - Processing file /opt/conda/lib/python3.8/site-packages/airflow/example_dags/subdags/subdag.py for tasks to queue
[2023-07-12 08:39:45,454] {logging_mixin.py:109} INFO - [2023-07-12 08:39:45,454] {dagbag.py:500} INFO - Filling up the DagBag from /opt/conda/lib/python3.8/site-packages/airflow/example_dags/subdags/subdag.py
[2023-07-12 08:39:45,465] {processor.py:634} WARNING - No viable dags retrieved from /opt/conda/lib/python3.8/site-packages/airflow/example_dags/subdags/subdag.py
[2023-07-12 08:39:45,468] {processor.py:171} INFO - Processing /opt/conda/lib/python3.8/site-packages/airflow/example_dags/subdags/subdag.py took 0.018 seconds
[2023-07-12 08:40:19,710] {processor.py:163} INFO - Started process (PID=16566) to work on /opt/conda/lib/python3.8/site-packages/airflow/example_dags/subdags/subdag.py
[2023-07-12 08:40:19,711] {processor.py:620} INFO - Processing file /opt/conda/lib/python3.8/site-packages/airflow/example_dags/subdags/subdag.py for tasks to queue
[2023-07-12 08:40:19,712] {logging_mixin.py:109} INFO - [2023-07-12 08:40:19,712] {dagbag.py:500} INFO - Filling up the DagBag from /opt/conda/lib/python3.8/site-packages/airflow/example_dags/subdags/subdag.py
[2023-07-12 08:40:19,723] {processor.py:634} WARNING - No viable dags retrieved from /opt/conda/lib/python3.8/site-packages/airflow/example_dags/subdags/subdag.py
[2023-07-12 08:40:19,726] {processor.py:171} INFO - Processing /opt/conda/lib/python3.8/site-packages/airflow/example_dags/subdags/subdag.py took 0.019 seconds
[2023-07-12 08:40:54,564] {processor.py:163} INFO - Started process (PID=16597) to work on /opt/conda/lib/python3.8/site-packages/airflow/example_dags/subdags/subdag.py
[2023-07-12 08:40:54,565] {processor.py:620} INFO - Processing file /opt/conda/lib/python3.8/site-packages/airflow/example_dags/subdags/subdag.py for tasks to queue
[2023-07-12 08:40:54,566] {logging_mixin.py:109} INFO - [2023-07-12 08:40:54,566] {dagbag.py:500} INFO - Filling up the DagBag from /opt/conda/lib/python3.8/site-packages/airflow/example_dags/subdags/subdag.py
[2023-07-12 08:40:54,577] {processor.py:634} WARNING - No viable dags retrieved from /opt/conda/lib/python3.8/site-packages/airflow/example_dags/subdags/subdag.py
[2023-07-12 08:40:54,579] {processor.py:171} INFO - Processing /opt/conda/lib/python3.8/site-packages/airflow/example_dags/subdags/subdag.py took 0.018 seconds
[2023-07-12 08:41:32,183] {processor.py:163} INFO - Started process (PID=16630) to work on /opt/conda/lib/python3.8/site-packages/airflow/example_dags/subdags/subdag.py
[2023-07-12 08:41:32,184] {processor.py:620} INFO - Processing file /opt/conda/lib/python3.8/site-packages/airflow/example_dags/subdags/subdag.py for tasks to queue
[2023-07-12 08:41:32,184] {logging_mixin.py:109} INFO - [2023-07-12 08:41:32,184] {dagbag.py:500} INFO - Filling up the DagBag from /opt/conda/lib/python3.8/site-packages/airflow/example_dags/subdags/subdag.py
[2023-07-12 08:41:32,194] {processor.py:634} WARNING - No viable dags retrieved from /opt/conda/lib/python3.8/site-packages/airflow/example_dags/subdags/subdag.py
[2023-07-12 08:41:32,196] {processor.py:171} INFO - Processing /opt/conda/lib/python3.8/site-packages/airflow/example_dags/subdags/subdag.py took 0.016 seconds
[2023-07-12 08:42:08,933] {processor.py:163} INFO - Started process (PID=16665) to work on /opt/conda/lib/python3.8/site-packages/airflow/example_dags/subdags/subdag.py
[2023-07-12 08:42:08,934] {processor.py:620} INFO - Processing file /opt/conda/lib/python3.8/site-packages/airflow/example_dags/subdags/subdag.py for tasks to queue
[2023-07-12 08:42:08,935] {logging_mixin.py:109} INFO - [2023-07-12 08:42:08,934] {dagbag.py:500} INFO - Filling up the DagBag from /opt/conda/lib/python3.8/site-packages/airflow/example_dags/subdags/subdag.py
[2023-07-12 08:42:08,946] {processor.py:634} WARNING - No viable dags retrieved from /opt/conda/lib/python3.8/site-packages/airflow/example_dags/subdags/subdag.py
[2023-07-12 08:42:08,948] {processor.py:171} INFO - Processing /opt/conda/lib/python3.8/site-packages/airflow/example_dags/subdags/subdag.py took 0.018 seconds
[2023-07-12 08:42:42,421] {processor.py:163} INFO - Started process (PID=16695) to work on /opt/conda/lib/python3.8/site-packages/airflow/example_dags/subdags/subdag.py
[2023-07-12 08:42:42,422] {processor.py:620} INFO - Processing file /opt/conda/lib/python3.8/site-packages/airflow/example_dags/subdags/subdag.py for tasks to queue
[2023-07-12 08:42:42,422] {logging_mixin.py:109} INFO - [2023-07-12 08:42:42,422] {dagbag.py:500} INFO - Filling up the DagBag from /opt/conda/lib/python3.8/site-packages/airflow/example_dags/subdags/subdag.py
[2023-07-12 08:42:42,434] {processor.py:634} WARNING - No viable dags retrieved from /opt/conda/lib/python3.8/site-packages/airflow/example_dags/subdags/subdag.py
[2023-07-12 08:42:42,436] {processor.py:171} INFO - Processing /opt/conda/lib/python3.8/site-packages/airflow/example_dags/subdags/subdag.py took 0.018 seconds
[2023-07-12 08:43:17,935] {processor.py:163} INFO - Started process (PID=16727) to work on /opt/conda/lib/python3.8/site-packages/airflow/example_dags/subdags/subdag.py
[2023-07-12 08:43:17,936] {processor.py:620} INFO - Processing file /opt/conda/lib/python3.8/site-packages/airflow/example_dags/subdags/subdag.py for tasks to queue
[2023-07-12 08:43:17,936] {logging_mixin.py:109} INFO - [2023-07-12 08:43:17,936] {dagbag.py:500} INFO - Filling up the DagBag from /opt/conda/lib/python3.8/site-packages/airflow/example_dags/subdags/subdag.py
[2023-07-12 08:43:17,947] {processor.py:634} WARNING - No viable dags retrieved from /opt/conda/lib/python3.8/site-packages/airflow/example_dags/subdags/subdag.py
[2023-07-12 08:43:18,015] {processor.py:171} INFO - Processing /opt/conda/lib/python3.8/site-packages/airflow/example_dags/subdags/subdag.py took 0.083 seconds
[2023-07-12 08:43:53,388] {processor.py:163} INFO - Started process (PID=16760) to work on /opt/conda/lib/python3.8/site-packages/airflow/example_dags/subdags/subdag.py
[2023-07-12 08:43:53,389] {processor.py:620} INFO - Processing file /opt/conda/lib/python3.8/site-packages/airflow/example_dags/subdags/subdag.py for tasks to queue
[2023-07-12 08:43:53,389] {logging_mixin.py:109} INFO - [2023-07-12 08:43:53,389] {dagbag.py:500} INFO - Filling up the DagBag from /opt/conda/lib/python3.8/site-packages/airflow/example_dags/subdags/subdag.py
[2023-07-12 08:43:53,463] {processor.py:634} WARNING - No viable dags retrieved from /opt/conda/lib/python3.8/site-packages/airflow/example_dags/subdags/subdag.py
[2023-07-12 08:43:53,465] {processor.py:171} INFO - Processing /opt/conda/lib/python3.8/site-packages/airflow/example_dags/subdags/subdag.py took 0.080 seconds
[2023-07-12 08:44:28,511] {processor.py:163} INFO - Started process (PID=16791) to work on /opt/conda/lib/python3.8/site-packages/airflow/example_dags/subdags/subdag.py
[2023-07-12 08:44:28,512] {processor.py:620} INFO - Processing file /opt/conda/lib/python3.8/site-packages/airflow/example_dags/subdags/subdag.py for tasks to queue
[2023-07-12 08:44:28,512] {logging_mixin.py:109} INFO - [2023-07-12 08:44:28,512] {dagbag.py:500} INFO - Filling up the DagBag from /opt/conda/lib/python3.8/site-packages/airflow/example_dags/subdags/subdag.py
[2023-07-12 08:44:28,589] {processor.py:634} WARNING - No viable dags retrieved from /opt/conda/lib/python3.8/site-packages/airflow/example_dags/subdags/subdag.py
[2023-07-12 08:44:28,591] {processor.py:171} INFO - Processing /opt/conda/lib/python3.8/site-packages/airflow/example_dags/subdags/subdag.py took 0.082 seconds
[2023-07-12 08:44:47,064] {processor.py:163} INFO - Started process (PID=16817) to work on /opt/conda/lib/python3.8/site-packages/airflow/example_dags/subdags/subdag.py
[2023-07-12 08:44:47,064] {processor.py:620} INFO - Processing file /opt/conda/lib/python3.8/site-packages/airflow/example_dags/subdags/subdag.py for tasks to queue
[2023-07-12 08:44:47,065] {logging_mixin.py:109} INFO - [2023-07-12 08:44:47,065] {dagbag.py:500} INFO - Filling up the DagBag from /opt/conda/lib/python3.8/site-packages/airflow/example_dags/subdags/subdag.py
[2023-07-12 08:44:47,076] {processor.py:634} WARNING - No viable dags retrieved from /opt/conda/lib/python3.8/site-packages/airflow/example_dags/subdags/subdag.py
[2023-07-12 08:44:47,078] {processor.py:171} INFO - Processing /opt/conda/lib/python3.8/site-packages/airflow/example_dags/subdags/subdag.py took 0.016 seconds
[2023-07-12 08:45:24,265] {processor.py:163} INFO - Started process (PID=16852) to work on /opt/conda/lib/python3.8/site-packages/airflow/example_dags/subdags/subdag.py
[2023-07-12 08:45:24,266] {processor.py:620} INFO - Processing file /opt/conda/lib/python3.8/site-packages/airflow/example_dags/subdags/subdag.py for tasks to queue
[2023-07-12 08:45:24,267] {logging_mixin.py:109} INFO - [2023-07-12 08:45:24,267] {dagbag.py:500} INFO - Filling up the DagBag from /opt/conda/lib/python3.8/site-packages/airflow/example_dags/subdags/subdag.py
[2023-07-12 08:45:24,278] {processor.py:634} WARNING - No viable dags retrieved from /opt/conda/lib/python3.8/site-packages/airflow/example_dags/subdags/subdag.py
[2023-07-12 08:45:24,280] {processor.py:171} INFO - Processing /opt/conda/lib/python3.8/site-packages/airflow/example_dags/subdags/subdag.py took 0.018 seconds
[2023-07-12 08:46:00,243] {processor.py:163} INFO - Started process (PID=16887) to work on /opt/conda/lib/python3.8/site-packages/airflow/example_dags/subdags/subdag.py
[2023-07-12 08:46:00,244] {processor.py:620} INFO - Processing file /opt/conda/lib/python3.8/site-packages/airflow/example_dags/subdags/subdag.py for tasks to queue
[2023-07-12 08:46:00,244] {logging_mixin.py:109} INFO - [2023-07-12 08:46:00,244] {dagbag.py:500} INFO - Filling up the DagBag from /opt/conda/lib/python3.8/site-packages/airflow/example_dags/subdags/subdag.py
[2023-07-12 08:46:00,256] {processor.py:634} WARNING - No viable dags retrieved from /opt/conda/lib/python3.8/site-packages/airflow/example_dags/subdags/subdag.py
[2023-07-12 08:46:00,258] {processor.py:171} INFO - Processing /opt/conda/lib/python3.8/site-packages/airflow/example_dags/subdags/subdag.py took 0.018 seconds
[2023-07-12 08:46:41,287] {processor.py:163} INFO - Started process (PID=16939) to work on /opt/conda/lib/python3.8/site-packages/airflow/example_dags/subdags/subdag.py
[2023-07-12 08:46:41,288] {processor.py:620} INFO - Processing file /opt/conda/lib/python3.8/site-packages/airflow/example_dags/subdags/subdag.py for tasks to queue
[2023-07-12 08:46:41,288] {logging_mixin.py:109} INFO - [2023-07-12 08:46:41,288] {dagbag.py:500} INFO - Filling up the DagBag from /opt/conda/lib/python3.8/site-packages/airflow/example_dags/subdags/subdag.py
[2023-07-12 08:46:41,299] {processor.py:634} WARNING - No viable dags retrieved from /opt/conda/lib/python3.8/site-packages/airflow/example_dags/subdags/subdag.py
[2023-07-12 08:46:41,301] {processor.py:171} INFO - Processing /opt/conda/lib/python3.8/site-packages/airflow/example_dags/subdags/subdag.py took 0.017 seconds
[2023-07-12 08:47:19,993] {processor.py:163} INFO - Started process (PID=16980) to work on /opt/conda/lib/python3.8/site-packages/airflow/example_dags/subdags/subdag.py
[2023-07-12 08:47:19,995] {processor.py:620} INFO - Processing file /opt/conda/lib/python3.8/site-packages/airflow/example_dags/subdags/subdag.py for tasks to queue
[2023-07-12 08:47:19,995] {logging_mixin.py:109} INFO - [2023-07-12 08:47:19,995] {dagbag.py:500} INFO - Filling up the DagBag from /opt/conda/lib/python3.8/site-packages/airflow/example_dags/subdags/subdag.py
[2023-07-12 08:47:20,007] {processor.py:634} WARNING - No viable dags retrieved from /opt/conda/lib/python3.8/site-packages/airflow/example_dags/subdags/subdag.py
[2023-07-12 08:47:20,010] {processor.py:171} INFO - Processing /opt/conda/lib/python3.8/site-packages/airflow/example_dags/subdags/subdag.py took 0.019 seconds
[2023-07-12 08:47:54,398] {processor.py:163} INFO - Started process (PID=17013) to work on /opt/conda/lib/python3.8/site-packages/airflow/example_dags/subdags/subdag.py
[2023-07-12 08:47:54,399] {processor.py:620} INFO - Processing file /opt/conda/lib/python3.8/site-packages/airflow/example_dags/subdags/subdag.py for tasks to queue
[2023-07-12 08:47:54,399] {logging_mixin.py:109} INFO - [2023-07-12 08:47:54,399] {dagbag.py:500} INFO - Filling up the DagBag from /opt/conda/lib/python3.8/site-packages/airflow/example_dags/subdags/subdag.py
[2023-07-12 08:47:54,411] {processor.py:634} WARNING - No viable dags retrieved from /opt/conda/lib/python3.8/site-packages/airflow/example_dags/subdags/subdag.py
[2023-07-12 08:47:54,413] {processor.py:171} INFO - Processing /opt/conda/lib/python3.8/site-packages/airflow/example_dags/subdags/subdag.py took 0.017 seconds
[2023-07-12 08:48:30,447] {processor.py:163} INFO - Started process (PID=17049) to work on /opt/conda/lib/python3.8/site-packages/airflow/example_dags/subdags/subdag.py
[2023-07-12 08:48:30,448] {processor.py:620} INFO - Processing file /opt/conda/lib/python3.8/site-packages/airflow/example_dags/subdags/subdag.py for tasks to queue
[2023-07-12 08:48:30,448] {logging_mixin.py:109} INFO - [2023-07-12 08:48:30,448] {dagbag.py:500} INFO - Filling up the DagBag from /opt/conda/lib/python3.8/site-packages/airflow/example_dags/subdags/subdag.py
[2023-07-12 08:48:30,460] {processor.py:634} WARNING - No viable dags retrieved from /opt/conda/lib/python3.8/site-packages/airflow/example_dags/subdags/subdag.py
[2023-07-12 08:48:30,462] {processor.py:171} INFO - Processing /opt/conda/lib/python3.8/site-packages/airflow/example_dags/subdags/subdag.py took 0.018 seconds
[2023-07-12 08:49:06,515] {processor.py:163} INFO - Started process (PID=17084) to work on /opt/conda/lib/python3.8/site-packages/airflow/example_dags/subdags/subdag.py
[2023-07-12 08:49:06,516] {processor.py:620} INFO - Processing file /opt/conda/lib/python3.8/site-packages/airflow/example_dags/subdags/subdag.py for tasks to queue
[2023-07-12 08:49:06,516] {logging_mixin.py:109} INFO - [2023-07-12 08:49:06,516] {dagbag.py:500} INFO - Filling up the DagBag from /opt/conda/lib/python3.8/site-packages/airflow/example_dags/subdags/subdag.py
[2023-07-12 08:49:06,527] {processor.py:634} WARNING - No viable dags retrieved from /opt/conda/lib/python3.8/site-packages/airflow/example_dags/subdags/subdag.py
[2023-07-12 08:49:06,529] {processor.py:171} INFO - Processing /opt/conda/lib/python3.8/site-packages/airflow/example_dags/subdags/subdag.py took 0.017 seconds
[2023-07-12 08:49:41,714] {processor.py:163} INFO - Started process (PID=17120) to work on /opt/conda/lib/python3.8/site-packages/airflow/example_dags/subdags/subdag.py
[2023-07-12 08:49:41,715] {processor.py:620} INFO - Processing file /opt/conda/lib/python3.8/site-packages/airflow/example_dags/subdags/subdag.py for tasks to queue
[2023-07-12 08:49:41,716] {logging_mixin.py:109} INFO - [2023-07-12 08:49:41,716] {dagbag.py:500} INFO - Filling up the DagBag from /opt/conda/lib/python3.8/site-packages/airflow/example_dags/subdags/subdag.py
[2023-07-12 08:49:41,726] {processor.py:634} WARNING - No viable dags retrieved from /opt/conda/lib/python3.8/site-packages/airflow/example_dags/subdags/subdag.py
[2023-07-12 08:49:41,728] {processor.py:171} INFO - Processing /opt/conda/lib/python3.8/site-packages/airflow/example_dags/subdags/subdag.py took 0.016 seconds
[2023-07-12 08:50:13,977] {processor.py:163} INFO - Started process (PID=17151) to work on /opt/conda/lib/python3.8/site-packages/airflow/example_dags/subdags/subdag.py
[2023-07-12 08:50:13,978] {processor.py:620} INFO - Processing file /opt/conda/lib/python3.8/site-packages/airflow/example_dags/subdags/subdag.py for tasks to queue
[2023-07-12 08:50:13,978] {logging_mixin.py:109} INFO - [2023-07-12 08:50:13,978] {dagbag.py:500} INFO - Filling up the DagBag from /opt/conda/lib/python3.8/site-packages/airflow/example_dags/subdags/subdag.py
[2023-07-12 08:50:13,990] {processor.py:634} WARNING - No viable dags retrieved from /opt/conda/lib/python3.8/site-packages/airflow/example_dags/subdags/subdag.py
[2023-07-12 08:50:13,992] {processor.py:171} INFO - Processing /opt/conda/lib/python3.8/site-packages/airflow/example_dags/subdags/subdag.py took 0.017 seconds
[2023-07-12 08:50:48,567] {processor.py:163} INFO - Started process (PID=17184) to work on /opt/conda/lib/python3.8/site-packages/airflow/example_dags/subdags/subdag.py
[2023-07-12 08:50:48,568] {processor.py:620} INFO - Processing file /opt/conda/lib/python3.8/site-packages/airflow/example_dags/subdags/subdag.py for tasks to queue
[2023-07-12 08:50:48,569] {logging_mixin.py:109} INFO - [2023-07-12 08:50:48,569] {dagbag.py:500} INFO - Filling up the DagBag from /opt/conda/lib/python3.8/site-packages/airflow/example_dags/subdags/subdag.py
[2023-07-12 08:50:48,580] {processor.py:634} WARNING - No viable dags retrieved from /opt/conda/lib/python3.8/site-packages/airflow/example_dags/subdags/subdag.py
[2023-07-12 08:50:48,582] {processor.py:171} INFO - Processing /opt/conda/lib/python3.8/site-packages/airflow/example_dags/subdags/subdag.py took 0.017 seconds
[2023-07-12 08:51:25,531] {processor.py:163} INFO - Started process (PID=17219) to work on /opt/conda/lib/python3.8/site-packages/airflow/example_dags/subdags/subdag.py
[2023-07-12 08:51:25,532] {processor.py:620} INFO - Processing file /opt/conda/lib/python3.8/site-packages/airflow/example_dags/subdags/subdag.py for tasks to queue
[2023-07-12 08:51:25,533] {logging_mixin.py:109} INFO - [2023-07-12 08:51:25,533] {dagbag.py:500} INFO - Filling up the DagBag from /opt/conda/lib/python3.8/site-packages/airflow/example_dags/subdags/subdag.py
[2023-07-12 08:51:25,544] {processor.py:634} WARNING - No viable dags retrieved from /opt/conda/lib/python3.8/site-packages/airflow/example_dags/subdags/subdag.py
[2023-07-12 08:51:25,546] {processor.py:171} INFO - Processing /opt/conda/lib/python3.8/site-packages/airflow/example_dags/subdags/subdag.py took 0.017 seconds
[2023-07-12 08:52:00,740] {processor.py:163} INFO - Started process (PID=17255) to work on /opt/conda/lib/python3.8/site-packages/airflow/example_dags/subdags/subdag.py
[2023-07-12 08:52:00,740] {processor.py:620} INFO - Processing file /opt/conda/lib/python3.8/site-packages/airflow/example_dags/subdags/subdag.py for tasks to queue
[2023-07-12 08:52:00,741] {logging_mixin.py:109} INFO - [2023-07-12 08:52:00,741] {dagbag.py:500} INFO - Filling up the DagBag from /opt/conda/lib/python3.8/site-packages/airflow/example_dags/subdags/subdag.py
[2023-07-12 08:52:00,752] {processor.py:634} WARNING - No viable dags retrieved from /opt/conda/lib/python3.8/site-packages/airflow/example_dags/subdags/subdag.py
[2023-07-12 08:52:00,755] {processor.py:171} INFO - Processing /opt/conda/lib/python3.8/site-packages/airflow/example_dags/subdags/subdag.py took 0.018 seconds
[2023-07-12 08:52:37,946] {processor.py:163} INFO - Started process (PID=17290) to work on /opt/conda/lib/python3.8/site-packages/airflow/example_dags/subdags/subdag.py
[2023-07-12 08:52:37,947] {processor.py:620} INFO - Processing file /opt/conda/lib/python3.8/site-packages/airflow/example_dags/subdags/subdag.py for tasks to queue
[2023-07-12 08:52:37,947] {logging_mixin.py:109} INFO - [2023-07-12 08:52:37,947] {dagbag.py:500} INFO - Filling up the DagBag from /opt/conda/lib/python3.8/site-packages/airflow/example_dags/subdags/subdag.py
[2023-07-12 08:52:37,959] {processor.py:634} WARNING - No viable dags retrieved from /opt/conda/lib/python3.8/site-packages/airflow/example_dags/subdags/subdag.py
[2023-07-12 08:52:37,961] {processor.py:171} INFO - Processing /opt/conda/lib/python3.8/site-packages/airflow/example_dags/subdags/subdag.py took 0.018 seconds
[2023-07-12 08:53:15,671] {processor.py:163} INFO - Started process (PID=17327) to work on /opt/conda/lib/python3.8/site-packages/airflow/example_dags/subdags/subdag.py
[2023-07-12 08:53:15,672] {processor.py:620} INFO - Processing file /opt/conda/lib/python3.8/site-packages/airflow/example_dags/subdags/subdag.py for tasks to queue
[2023-07-12 08:53:15,673] {logging_mixin.py:109} INFO - [2023-07-12 08:53:15,673] {dagbag.py:500} INFO - Filling up the DagBag from /opt/conda/lib/python3.8/site-packages/airflow/example_dags/subdags/subdag.py
[2023-07-12 08:53:15,685] {processor.py:634} WARNING - No viable dags retrieved from /opt/conda/lib/python3.8/site-packages/airflow/example_dags/subdags/subdag.py
[2023-07-12 08:53:15,687] {processor.py:171} INFO - Processing /opt/conda/lib/python3.8/site-packages/airflow/example_dags/subdags/subdag.py took 0.019 seconds
[2023-07-12 08:53:48,791] {processor.py:163} INFO - Started process (PID=17359) to work on /opt/conda/lib/python3.8/site-packages/airflow/example_dags/subdags/subdag.py
[2023-07-12 08:53:48,792] {processor.py:620} INFO - Processing file /opt/conda/lib/python3.8/site-packages/airflow/example_dags/subdags/subdag.py for tasks to queue
[2023-07-12 08:53:48,792] {logging_mixin.py:109} INFO - [2023-07-12 08:53:48,792] {dagbag.py:500} INFO - Filling up the DagBag from /opt/conda/lib/python3.8/site-packages/airflow/example_dags/subdags/subdag.py
[2023-07-12 08:53:48,804] {processor.py:634} WARNING - No viable dags retrieved from /opt/conda/lib/python3.8/site-packages/airflow/example_dags/subdags/subdag.py
[2023-07-12 08:53:48,806] {processor.py:171} INFO - Processing /opt/conda/lib/python3.8/site-packages/airflow/example_dags/subdags/subdag.py took 0.017 seconds
[2023-07-12 08:54:24,843] {processor.py:163} INFO - Started process (PID=17394) to work on /opt/conda/lib/python3.8/site-packages/airflow/example_dags/subdags/subdag.py
[2023-07-12 08:54:24,844] {processor.py:620} INFO - Processing file /opt/conda/lib/python3.8/site-packages/airflow/example_dags/subdags/subdag.py for tasks to queue
[2023-07-12 08:54:24,845] {logging_mixin.py:109} INFO - [2023-07-12 08:54:24,844] {dagbag.py:500} INFO - Filling up the DagBag from /opt/conda/lib/python3.8/site-packages/airflow/example_dags/subdags/subdag.py
[2023-07-12 08:54:24,856] {processor.py:634} WARNING - No viable dags retrieved from /opt/conda/lib/python3.8/site-packages/airflow/example_dags/subdags/subdag.py
[2023-07-12 08:54:24,858] {processor.py:171} INFO - Processing /opt/conda/lib/python3.8/site-packages/airflow/example_dags/subdags/subdag.py took 0.017 seconds
[2023-07-12 08:55:04,833] {processor.py:163} INFO - Started process (PID=17439) to work on /opt/conda/lib/python3.8/site-packages/airflow/example_dags/subdags/subdag.py
[2023-07-12 08:55:04,835] {processor.py:620} INFO - Processing file /opt/conda/lib/python3.8/site-packages/airflow/example_dags/subdags/subdag.py for tasks to queue
[2023-07-12 08:55:04,835] {logging_mixin.py:109} INFO - [2023-07-12 08:55:04,835] {dagbag.py:500} INFO - Filling up the DagBag from /opt/conda/lib/python3.8/site-packages/airflow/example_dags/subdags/subdag.py
[2023-07-12 08:55:04,847] {processor.py:634} WARNING - No viable dags retrieved from /opt/conda/lib/python3.8/site-packages/airflow/example_dags/subdags/subdag.py
[2023-07-12 08:55:04,849] {processor.py:171} INFO - Processing /opt/conda/lib/python3.8/site-packages/airflow/example_dags/subdags/subdag.py took 0.018 seconds
[2023-07-12 08:55:49,122] {processor.py:163} INFO - Started process (PID=17494) to work on /opt/conda/lib/python3.8/site-packages/airflow/example_dags/subdags/subdag.py
[2023-07-12 08:55:49,123] {processor.py:620} INFO - Processing file /opt/conda/lib/python3.8/site-packages/airflow/example_dags/subdags/subdag.py for tasks to queue
[2023-07-12 08:55:49,124] {logging_mixin.py:109} INFO - [2023-07-12 08:55:49,124] {dagbag.py:500} INFO - Filling up the DagBag from /opt/conda/lib/python3.8/site-packages/airflow/example_dags/subdags/subdag.py
[2023-07-12 08:55:49,135] {processor.py:634} WARNING - No viable dags retrieved from /opt/conda/lib/python3.8/site-packages/airflow/example_dags/subdags/subdag.py
[2023-07-12 08:55:49,137] {processor.py:171} INFO - Processing /opt/conda/lib/python3.8/site-packages/airflow/example_dags/subdags/subdag.py took 0.017 seconds
[2023-07-12 08:56:27,164] {processor.py:163} INFO - Started process (PID=17530) to work on /opt/conda/lib/python3.8/site-packages/airflow/example_dags/subdags/subdag.py
[2023-07-12 08:56:27,165] {processor.py:620} INFO - Processing file /opt/conda/lib/python3.8/site-packages/airflow/example_dags/subdags/subdag.py for tasks to queue
[2023-07-12 08:56:27,165] {logging_mixin.py:109} INFO - [2023-07-12 08:56:27,165] {dagbag.py:500} INFO - Filling up the DagBag from /opt/conda/lib/python3.8/site-packages/airflow/example_dags/subdags/subdag.py
[2023-07-12 08:56:27,176] {processor.py:634} WARNING - No viable dags retrieved from /opt/conda/lib/python3.8/site-packages/airflow/example_dags/subdags/subdag.py
[2023-07-12 08:56:27,178] {processor.py:171} INFO - Processing /opt/conda/lib/python3.8/site-packages/airflow/example_dags/subdags/subdag.py took 0.017 seconds
[2023-07-12 08:56:58,588] {processor.py:163} INFO - Started process (PID=17561) to work on /opt/conda/lib/python3.8/site-packages/airflow/example_dags/subdags/subdag.py
[2023-07-12 08:56:58,589] {processor.py:620} INFO - Processing file /opt/conda/lib/python3.8/site-packages/airflow/example_dags/subdags/subdag.py for tasks to queue
[2023-07-12 08:56:58,590] {logging_mixin.py:109} INFO - [2023-07-12 08:56:58,590] {dagbag.py:500} INFO - Filling up the DagBag from /opt/conda/lib/python3.8/site-packages/airflow/example_dags/subdags/subdag.py
[2023-07-12 08:56:58,601] {processor.py:634} WARNING - No viable dags retrieved from /opt/conda/lib/python3.8/site-packages/airflow/example_dags/subdags/subdag.py
[2023-07-12 08:56:58,603] {processor.py:171} INFO - Processing /opt/conda/lib/python3.8/site-packages/airflow/example_dags/subdags/subdag.py took 0.017 seconds
[2023-07-12 08:57:32,294] {processor.py:163} INFO - Started process (PID=17593) to work on /opt/conda/lib/python3.8/site-packages/airflow/example_dags/subdags/subdag.py
[2023-07-12 08:57:32,295] {processor.py:620} INFO - Processing file /opt/conda/lib/python3.8/site-packages/airflow/example_dags/subdags/subdag.py for tasks to queue
[2023-07-12 08:57:32,296] {logging_mixin.py:109} INFO - [2023-07-12 08:57:32,295] {dagbag.py:500} INFO - Filling up the DagBag from /opt/conda/lib/python3.8/site-packages/airflow/example_dags/subdags/subdag.py
[2023-07-12 08:57:32,309] {processor.py:634} WARNING - No viable dags retrieved from /opt/conda/lib/python3.8/site-packages/airflow/example_dags/subdags/subdag.py
[2023-07-12 08:57:32,311] {processor.py:171} INFO - Processing /opt/conda/lib/python3.8/site-packages/airflow/example_dags/subdags/subdag.py took 0.020 seconds
[2023-07-12 08:58:06,170] {processor.py:163} INFO - Started process (PID=17625) to work on /opt/conda/lib/python3.8/site-packages/airflow/example_dags/subdags/subdag.py
[2023-07-12 08:58:06,171] {processor.py:620} INFO - Processing file /opt/conda/lib/python3.8/site-packages/airflow/example_dags/subdags/subdag.py for tasks to queue
[2023-07-12 08:58:06,171] {logging_mixin.py:109} INFO - [2023-07-12 08:58:06,171] {dagbag.py:500} INFO - Filling up the DagBag from /opt/conda/lib/python3.8/site-packages/airflow/example_dags/subdags/subdag.py
[2023-07-12 08:58:06,183] {processor.py:634} WARNING - No viable dags retrieved from /opt/conda/lib/python3.8/site-packages/airflow/example_dags/subdags/subdag.py
[2023-07-12 08:58:06,185] {processor.py:171} INFO - Processing /opt/conda/lib/python3.8/site-packages/airflow/example_dags/subdags/subdag.py took 0.018 seconds
[2023-07-12 08:58:40,231] {processor.py:163} INFO - Started process (PID=17657) to work on /opt/conda/lib/python3.8/site-packages/airflow/example_dags/subdags/subdag.py
[2023-07-12 08:58:40,232] {processor.py:620} INFO - Processing file /opt/conda/lib/python3.8/site-packages/airflow/example_dags/subdags/subdag.py for tasks to queue
[2023-07-12 08:58:40,232] {logging_mixin.py:109} INFO - [2023-07-12 08:58:40,232] {dagbag.py:500} INFO - Filling up the DagBag from /opt/conda/lib/python3.8/site-packages/airflow/example_dags/subdags/subdag.py
[2023-07-12 08:58:40,244] {processor.py:634} WARNING - No viable dags retrieved from /opt/conda/lib/python3.8/site-packages/airflow/example_dags/subdags/subdag.py
[2023-07-12 08:58:40,246] {processor.py:171} INFO - Processing /opt/conda/lib/python3.8/site-packages/airflow/example_dags/subdags/subdag.py took 0.018 seconds
[2023-07-12 08:59:11,582] {processor.py:163} INFO - Started process (PID=17688) to work on /opt/conda/lib/python3.8/site-packages/airflow/example_dags/subdags/subdag.py
[2023-07-12 08:59:11,582] {processor.py:620} INFO - Processing file /opt/conda/lib/python3.8/site-packages/airflow/example_dags/subdags/subdag.py for tasks to queue
[2023-07-12 08:59:11,583] {logging_mixin.py:109} INFO - [2023-07-12 08:59:11,583] {dagbag.py:500} INFO - Filling up the DagBag from /opt/conda/lib/python3.8/site-packages/airflow/example_dags/subdags/subdag.py
[2023-07-12 08:59:11,594] {processor.py:634} WARNING - No viable dags retrieved from /opt/conda/lib/python3.8/site-packages/airflow/example_dags/subdags/subdag.py
[2023-07-12 08:59:11,596] {processor.py:171} INFO - Processing /opt/conda/lib/python3.8/site-packages/airflow/example_dags/subdags/subdag.py took 0.017 seconds
[2023-07-12 08:59:44,134] {processor.py:163} INFO - Started process (PID=17719) to work on /opt/conda/lib/python3.8/site-packages/airflow/example_dags/subdags/subdag.py
[2023-07-12 08:59:44,135] {processor.py:620} INFO - Processing file /opt/conda/lib/python3.8/site-packages/airflow/example_dags/subdags/subdag.py for tasks to queue
[2023-07-12 08:59:44,135] {logging_mixin.py:109} INFO - [2023-07-12 08:59:44,135] {dagbag.py:500} INFO - Filling up the DagBag from /opt/conda/lib/python3.8/site-packages/airflow/example_dags/subdags/subdag.py
[2023-07-12 08:59:44,146] {processor.py:634} WARNING - No viable dags retrieved from /opt/conda/lib/python3.8/site-packages/airflow/example_dags/subdags/subdag.py
[2023-07-12 08:59:44,148] {processor.py:171} INFO - Processing /opt/conda/lib/python3.8/site-packages/airflow/example_dags/subdags/subdag.py took 0.017 seconds
[2023-07-12 09:00:18,149] {processor.py:163} INFO - Started process (PID=17751) to work on /opt/conda/lib/python3.8/site-packages/airflow/example_dags/subdags/subdag.py
[2023-07-12 09:00:18,151] {processor.py:620} INFO - Processing file /opt/conda/lib/python3.8/site-packages/airflow/example_dags/subdags/subdag.py for tasks to queue
[2023-07-12 09:00:18,151] {logging_mixin.py:109} INFO - [2023-07-12 09:00:18,151] {dagbag.py:500} INFO - Filling up the DagBag from /opt/conda/lib/python3.8/site-packages/airflow/example_dags/subdags/subdag.py
[2023-07-12 09:00:18,162] {processor.py:634} WARNING - No viable dags retrieved from /opt/conda/lib/python3.8/site-packages/airflow/example_dags/subdags/subdag.py
[2023-07-12 09:00:18,165] {processor.py:171} INFO - Processing /opt/conda/lib/python3.8/site-packages/airflow/example_dags/subdags/subdag.py took 0.018 seconds
[2023-07-12 09:00:49,740] {processor.py:163} INFO - Started process (PID=17782) to work on /opt/conda/lib/python3.8/site-packages/airflow/example_dags/subdags/subdag.py
[2023-07-12 09:00:49,740] {processor.py:620} INFO - Processing file /opt/conda/lib/python3.8/site-packages/airflow/example_dags/subdags/subdag.py for tasks to queue
[2023-07-12 09:00:49,740] {logging_mixin.py:109} INFO - [2023-07-12 09:00:49,740] {dagbag.py:500} INFO - Filling up the DagBag from /opt/conda/lib/python3.8/site-packages/airflow/example_dags/subdags/subdag.py
[2023-07-12 09:00:49,752] {processor.py:634} WARNING - No viable dags retrieved from /opt/conda/lib/python3.8/site-packages/airflow/example_dags/subdags/subdag.py
[2023-07-12 09:00:49,754] {processor.py:171} INFO - Processing /opt/conda/lib/python3.8/site-packages/airflow/example_dags/subdags/subdag.py took 0.017 seconds
[2023-07-12 09:01:26,164] {processor.py:163} INFO - Started process (PID=17816) to work on /opt/conda/lib/python3.8/site-packages/airflow/example_dags/subdags/subdag.py
[2023-07-12 09:01:26,166] {processor.py:620} INFO - Processing file /opt/conda/lib/python3.8/site-packages/airflow/example_dags/subdags/subdag.py for tasks to queue
[2023-07-12 09:01:26,166] {logging_mixin.py:109} INFO - [2023-07-12 09:01:26,166] {dagbag.py:500} INFO - Filling up the DagBag from /opt/conda/lib/python3.8/site-packages/airflow/example_dags/subdags/subdag.py
[2023-07-12 09:01:26,178] {processor.py:634} WARNING - No viable dags retrieved from /opt/conda/lib/python3.8/site-packages/airflow/example_dags/subdags/subdag.py
[2023-07-12 09:01:26,180] {processor.py:171} INFO - Processing /opt/conda/lib/python3.8/site-packages/airflow/example_dags/subdags/subdag.py took 0.018 seconds
[2023-07-12 09:02:01,402] {processor.py:163} INFO - Started process (PID=17850) to work on /opt/conda/lib/python3.8/site-packages/airflow/example_dags/subdags/subdag.py
[2023-07-12 09:02:01,404] {processor.py:620} INFO - Processing file /opt/conda/lib/python3.8/site-packages/airflow/example_dags/subdags/subdag.py for tasks to queue
[2023-07-12 09:02:01,404] {logging_mixin.py:109} INFO - [2023-07-12 09:02:01,404] {dagbag.py:500} INFO - Filling up the DagBag from /opt/conda/lib/python3.8/site-packages/airflow/example_dags/subdags/subdag.py
[2023-07-12 09:02:01,416] {processor.py:634} WARNING - No viable dags retrieved from /opt/conda/lib/python3.8/site-packages/airflow/example_dags/subdags/subdag.py
[2023-07-12 09:02:01,418] {processor.py:171} INFO - Processing /opt/conda/lib/python3.8/site-packages/airflow/example_dags/subdags/subdag.py took 0.018 seconds
[2023-07-12 09:02:37,888] {processor.py:163} INFO - Started process (PID=17887) to work on /opt/conda/lib/python3.8/site-packages/airflow/example_dags/subdags/subdag.py
[2023-07-12 09:02:37,888] {processor.py:620} INFO - Processing file /opt/conda/lib/python3.8/site-packages/airflow/example_dags/subdags/subdag.py for tasks to queue
[2023-07-12 09:02:37,889] {logging_mixin.py:109} INFO - [2023-07-12 09:02:37,889] {dagbag.py:500} INFO - Filling up the DagBag from /opt/conda/lib/python3.8/site-packages/airflow/example_dags/subdags/subdag.py
[2023-07-12 09:02:37,900] {processor.py:634} WARNING - No viable dags retrieved from /opt/conda/lib/python3.8/site-packages/airflow/example_dags/subdags/subdag.py
[2023-07-12 09:02:37,902] {processor.py:171} INFO - Processing /opt/conda/lib/python3.8/site-packages/airflow/example_dags/subdags/subdag.py took 0.017 seconds
[2023-07-12 09:03:11,961] {processor.py:163} INFO - Started process (PID=17918) to work on /opt/conda/lib/python3.8/site-packages/airflow/example_dags/subdags/subdag.py
[2023-07-12 09:03:11,962] {processor.py:620} INFO - Processing file /opt/conda/lib/python3.8/site-packages/airflow/example_dags/subdags/subdag.py for tasks to queue
[2023-07-12 09:03:11,963] {logging_mixin.py:109} INFO - [2023-07-12 09:03:11,963] {dagbag.py:500} INFO - Filling up the DagBag from /opt/conda/lib/python3.8/site-packages/airflow/example_dags/subdags/subdag.py
[2023-07-12 09:03:11,974] {processor.py:634} WARNING - No viable dags retrieved from /opt/conda/lib/python3.8/site-packages/airflow/example_dags/subdags/subdag.py
[2023-07-12 09:03:11,976] {processor.py:171} INFO - Processing /opt/conda/lib/python3.8/site-packages/airflow/example_dags/subdags/subdag.py took 0.018 seconds
[2023-07-12 09:03:47,185] {processor.py:163} INFO - Started process (PID=17950) to work on /opt/conda/lib/python3.8/site-packages/airflow/example_dags/subdags/subdag.py
[2023-07-12 09:03:47,186] {processor.py:620} INFO - Processing file /opt/conda/lib/python3.8/site-packages/airflow/example_dags/subdags/subdag.py for tasks to queue
[2023-07-12 09:03:47,186] {logging_mixin.py:109} INFO - [2023-07-12 09:03:47,186] {dagbag.py:500} INFO - Filling up the DagBag from /opt/conda/lib/python3.8/site-packages/airflow/example_dags/subdags/subdag.py
[2023-07-12 09:03:47,198] {processor.py:634} WARNING - No viable dags retrieved from /opt/conda/lib/python3.8/site-packages/airflow/example_dags/subdags/subdag.py
[2023-07-12 09:03:47,200] {processor.py:171} INFO - Processing /opt/conda/lib/python3.8/site-packages/airflow/example_dags/subdags/subdag.py took 0.017 seconds
[2023-07-12 09:04:20,157] {processor.py:163} INFO - Started process (PID=17980) to work on /opt/conda/lib/python3.8/site-packages/airflow/example_dags/subdags/subdag.py
[2023-07-12 09:04:20,158] {processor.py:620} INFO - Processing file /opt/conda/lib/python3.8/site-packages/airflow/example_dags/subdags/subdag.py for tasks to queue
[2023-07-12 09:04:20,158] {logging_mixin.py:109} INFO - [2023-07-12 09:04:20,158] {dagbag.py:500} INFO - Filling up the DagBag from /opt/conda/lib/python3.8/site-packages/airflow/example_dags/subdags/subdag.py
[2023-07-12 09:04:20,169] {processor.py:634} WARNING - No viable dags retrieved from /opt/conda/lib/python3.8/site-packages/airflow/example_dags/subdags/subdag.py
[2023-07-12 09:04:20,172] {processor.py:171} INFO - Processing /opt/conda/lib/python3.8/site-packages/airflow/example_dags/subdags/subdag.py took 0.017 seconds
[2023-07-12 09:04:52,819] {processor.py:163} INFO - Started process (PID=18011) to work on /opt/conda/lib/python3.8/site-packages/airflow/example_dags/subdags/subdag.py
[2023-07-12 09:04:52,820] {processor.py:620} INFO - Processing file /opt/conda/lib/python3.8/site-packages/airflow/example_dags/subdags/subdag.py for tasks to queue
[2023-07-12 09:04:52,820] {logging_mixin.py:109} INFO - [2023-07-12 09:04:52,820] {dagbag.py:500} INFO - Filling up the DagBag from /opt/conda/lib/python3.8/site-packages/airflow/example_dags/subdags/subdag.py
[2023-07-12 09:04:52,831] {processor.py:634} WARNING - No viable dags retrieved from /opt/conda/lib/python3.8/site-packages/airflow/example_dags/subdags/subdag.py
[2023-07-12 09:04:52,834] {processor.py:171} INFO - Processing /opt/conda/lib/python3.8/site-packages/airflow/example_dags/subdags/subdag.py took 0.017 seconds
[2023-07-12 09:05:33,202] {processor.py:163} INFO - Started process (PID=18047) to work on /opt/conda/lib/python3.8/site-packages/airflow/example_dags/subdags/subdag.py
[2023-07-12 09:05:33,203] {processor.py:620} INFO - Processing file /opt/conda/lib/python3.8/site-packages/airflow/example_dags/subdags/subdag.py for tasks to queue
[2023-07-12 09:05:33,203] {logging_mixin.py:109} INFO - [2023-07-12 09:05:33,203] {dagbag.py:500} INFO - Filling up the DagBag from /opt/conda/lib/python3.8/site-packages/airflow/example_dags/subdags/subdag.py
[2023-07-12 09:05:33,214] {processor.py:634} WARNING - No viable dags retrieved from /opt/conda/lib/python3.8/site-packages/airflow/example_dags/subdags/subdag.py
[2023-07-12 09:05:33,216] {processor.py:171} INFO - Processing /opt/conda/lib/python3.8/site-packages/airflow/example_dags/subdags/subdag.py took 0.017 seconds
[2023-07-12 09:06:10,245] {processor.py:163} INFO - Started process (PID=18082) to work on /opt/conda/lib/python3.8/site-packages/airflow/example_dags/subdags/subdag.py
[2023-07-12 09:06:10,246] {processor.py:620} INFO - Processing file /opt/conda/lib/python3.8/site-packages/airflow/example_dags/subdags/subdag.py for tasks to queue
[2023-07-12 09:06:10,246] {logging_mixin.py:109} INFO - [2023-07-12 09:06:10,246] {dagbag.py:500} INFO - Filling up the DagBag from /opt/conda/lib/python3.8/site-packages/airflow/example_dags/subdags/subdag.py
[2023-07-12 09:06:10,258] {processor.py:634} WARNING - No viable dags retrieved from /opt/conda/lib/python3.8/site-packages/airflow/example_dags/subdags/subdag.py
[2023-07-12 09:06:10,260] {processor.py:171} INFO - Processing /opt/conda/lib/python3.8/site-packages/airflow/example_dags/subdags/subdag.py took 0.018 seconds
[2023-07-12 09:06:51,665] {processor.py:163} INFO - Started process (PID=18119) to work on /opt/conda/lib/python3.8/site-packages/airflow/example_dags/subdags/subdag.py
[2023-07-12 09:06:51,669] {processor.py:620} INFO - Processing file /opt/conda/lib/python3.8/site-packages/airflow/example_dags/subdags/subdag.py for tasks to queue
[2023-07-12 09:06:51,669] {logging_mixin.py:109} INFO - [2023-07-12 09:06:51,669] {dagbag.py:500} INFO - Filling up the DagBag from /opt/conda/lib/python3.8/site-packages/airflow/example_dags/subdags/subdag.py
[2023-07-12 09:06:51,679] {processor.py:634} WARNING - No viable dags retrieved from /opt/conda/lib/python3.8/site-packages/airflow/example_dags/subdags/subdag.py
[2023-07-12 09:06:51,681] {processor.py:171} INFO - Processing /opt/conda/lib/python3.8/site-packages/airflow/example_dags/subdags/subdag.py took 0.019 seconds
[2023-07-12 09:07:33,510] {processor.py:163} INFO - Started process (PID=18156) to work on /opt/conda/lib/python3.8/site-packages/airflow/example_dags/subdags/subdag.py
[2023-07-12 09:07:33,511] {processor.py:620} INFO - Processing file /opt/conda/lib/python3.8/site-packages/airflow/example_dags/subdags/subdag.py for tasks to queue
[2023-07-12 09:07:33,511] {logging_mixin.py:109} INFO - [2023-07-12 09:07:33,511] {dagbag.py:500} INFO - Filling up the DagBag from /opt/conda/lib/python3.8/site-packages/airflow/example_dags/subdags/subdag.py
[2023-07-12 09:07:33,522] {processor.py:634} WARNING - No viable dags retrieved from /opt/conda/lib/python3.8/site-packages/airflow/example_dags/subdags/subdag.py
[2023-07-12 09:07:33,524] {processor.py:171} INFO - Processing /opt/conda/lib/python3.8/site-packages/airflow/example_dags/subdags/subdag.py took 0.017 seconds
[2023-07-12 09:08:06,626] {processor.py:163} INFO - Started process (PID=18185) to work on /opt/conda/lib/python3.8/site-packages/airflow/example_dags/subdags/subdag.py
[2023-07-12 09:08:06,627] {processor.py:620} INFO - Processing file /opt/conda/lib/python3.8/site-packages/airflow/example_dags/subdags/subdag.py for tasks to queue
[2023-07-12 09:08:06,628] {logging_mixin.py:109} INFO - [2023-07-12 09:08:06,628] {dagbag.py:500} INFO - Filling up the DagBag from /opt/conda/lib/python3.8/site-packages/airflow/example_dags/subdags/subdag.py
[2023-07-12 09:08:06,704] {processor.py:634} WARNING - No viable dags retrieved from /opt/conda/lib/python3.8/site-packages/airflow/example_dags/subdags/subdag.py
[2023-07-12 09:08:06,707] {processor.py:171} INFO - Processing /opt/conda/lib/python3.8/site-packages/airflow/example_dags/subdags/subdag.py took 0.083 seconds
[2023-07-12 09:08:46,553] {processor.py:163} INFO - Started process (PID=18221) to work on /opt/conda/lib/python3.8/site-packages/airflow/example_dags/subdags/subdag.py
[2023-07-12 09:08:46,554] {processor.py:620} INFO - Processing file /opt/conda/lib/python3.8/site-packages/airflow/example_dags/subdags/subdag.py for tasks to queue
[2023-07-12 09:08:46,554] {logging_mixin.py:109} INFO - [2023-07-12 09:08:46,554] {dagbag.py:500} INFO - Filling up the DagBag from /opt/conda/lib/python3.8/site-packages/airflow/example_dags/subdags/subdag.py
[2023-07-12 09:08:46,634] {processor.py:634} WARNING - No viable dags retrieved from /opt/conda/lib/python3.8/site-packages/airflow/example_dags/subdags/subdag.py
[2023-07-12 09:08:46,636] {processor.py:171} INFO - Processing /opt/conda/lib/python3.8/site-packages/airflow/example_dags/subdags/subdag.py took 0.086 seconds
[2023-07-12 09:09:23,455] {processor.py:163} INFO - Started process (PID=18256) to work on /opt/conda/lib/python3.8/site-packages/airflow/example_dags/subdags/subdag.py
[2023-07-12 09:09:23,456] {processor.py:620} INFO - Processing file /opt/conda/lib/python3.8/site-packages/airflow/example_dags/subdags/subdag.py for tasks to queue
[2023-07-12 09:09:23,457] {logging_mixin.py:109} INFO - [2023-07-12 09:09:23,456] {dagbag.py:500} INFO - Filling up the DagBag from /opt/conda/lib/python3.8/site-packages/airflow/example_dags/subdags/subdag.py
[2023-07-12 09:09:23,469] {processor.py:634} WARNING - No viable dags retrieved from /opt/conda/lib/python3.8/site-packages/airflow/example_dags/subdags/subdag.py
[2023-07-12 09:09:23,471] {processor.py:171} INFO - Processing /opt/conda/lib/python3.8/site-packages/airflow/example_dags/subdags/subdag.py took 0.019 seconds
[2023-07-12 09:09:54,239] {processor.py:163} INFO - Started process (PID=18286) to work on /opt/conda/lib/python3.8/site-packages/airflow/example_dags/subdags/subdag.py
[2023-07-12 09:09:54,239] {processor.py:620} INFO - Processing file /opt/conda/lib/python3.8/site-packages/airflow/example_dags/subdags/subdag.py for tasks to queue
[2023-07-12 09:09:54,239] {logging_mixin.py:109} INFO - [2023-07-12 09:09:54,239] {dagbag.py:500} INFO - Filling up the DagBag from /opt/conda/lib/python3.8/site-packages/airflow/example_dags/subdags/subdag.py
[2023-07-12 09:09:54,251] {processor.py:634} WARNING - No viable dags retrieved from /opt/conda/lib/python3.8/site-packages/airflow/example_dags/subdags/subdag.py
[2023-07-12 09:09:54,253] {processor.py:171} INFO - Processing /opt/conda/lib/python3.8/site-packages/airflow/example_dags/subdags/subdag.py took 0.017 seconds
[2023-07-12 09:10:27,401] {processor.py:163} INFO - Started process (PID=18319) to work on /opt/conda/lib/python3.8/site-packages/airflow/example_dags/subdags/subdag.py
[2023-07-12 09:10:27,402] {processor.py:620} INFO - Processing file /opt/conda/lib/python3.8/site-packages/airflow/example_dags/subdags/subdag.py for tasks to queue
[2023-07-12 09:10:27,403] {logging_mixin.py:109} INFO - [2023-07-12 09:10:27,403] {dagbag.py:500} INFO - Filling up the DagBag from /opt/conda/lib/python3.8/site-packages/airflow/example_dags/subdags/subdag.py
[2023-07-12 09:10:27,414] {processor.py:634} WARNING - No viable dags retrieved from /opt/conda/lib/python3.8/site-packages/airflow/example_dags/subdags/subdag.py
[2023-07-12 09:10:27,416] {processor.py:171} INFO - Processing /opt/conda/lib/python3.8/site-packages/airflow/example_dags/subdags/subdag.py took 0.017 seconds
[2023-07-12 09:11:02,509] {processor.py:163} INFO - Started process (PID=18353) to work on /opt/conda/lib/python3.8/site-packages/airflow/example_dags/subdags/subdag.py
[2023-07-12 09:11:02,509] {processor.py:620} INFO - Processing file /opt/conda/lib/python3.8/site-packages/airflow/example_dags/subdags/subdag.py for tasks to queue
[2023-07-12 09:11:02,510] {logging_mixin.py:109} INFO - [2023-07-12 09:11:02,510] {dagbag.py:500} INFO - Filling up the DagBag from /opt/conda/lib/python3.8/site-packages/airflow/example_dags/subdags/subdag.py
[2023-07-12 09:11:02,521] {processor.py:634} WARNING - No viable dags retrieved from /opt/conda/lib/python3.8/site-packages/airflow/example_dags/subdags/subdag.py
[2023-07-12 09:11:02,524] {processor.py:171} INFO - Processing /opt/conda/lib/python3.8/site-packages/airflow/example_dags/subdags/subdag.py took 0.018 seconds
[2023-07-12 09:11:48,484] {processor.py:163} INFO - Started process (PID=18409) to work on /opt/conda/lib/python3.8/site-packages/airflow/example_dags/subdags/subdag.py
[2023-07-12 09:11:48,485] {processor.py:620} INFO - Processing file /opt/conda/lib/python3.8/site-packages/airflow/example_dags/subdags/subdag.py for tasks to queue
[2023-07-12 09:11:48,486] {logging_mixin.py:109} INFO - [2023-07-12 09:11:48,486] {dagbag.py:500} INFO - Filling up the DagBag from /opt/conda/lib/python3.8/site-packages/airflow/example_dags/subdags/subdag.py
[2023-07-12 09:11:48,497] {processor.py:634} WARNING - No viable dags retrieved from /opt/conda/lib/python3.8/site-packages/airflow/example_dags/subdags/subdag.py
[2023-07-12 09:11:48,499] {processor.py:171} INFO - Processing /opt/conda/lib/python3.8/site-packages/airflow/example_dags/subdags/subdag.py took 0.017 seconds
[2023-07-12 09:12:35,581] {processor.py:163} INFO - Started process (PID=18467) to work on /opt/conda/lib/python3.8/site-packages/airflow/example_dags/subdags/subdag.py
[2023-07-12 09:12:35,583] {processor.py:620} INFO - Processing file /opt/conda/lib/python3.8/site-packages/airflow/example_dags/subdags/subdag.py for tasks to queue
[2023-07-12 09:12:35,583] {logging_mixin.py:109} INFO - [2023-07-12 09:12:35,583] {dagbag.py:500} INFO - Filling up the DagBag from /opt/conda/lib/python3.8/site-packages/airflow/example_dags/subdags/subdag.py
[2023-07-12 09:12:35,595] {processor.py:634} WARNING - No viable dags retrieved from /opt/conda/lib/python3.8/site-packages/airflow/example_dags/subdags/subdag.py
[2023-07-12 09:12:35,597] {processor.py:171} INFO - Processing /opt/conda/lib/python3.8/site-packages/airflow/example_dags/subdags/subdag.py took 0.018 seconds
[2023-07-12 09:13:13,339] {processor.py:163} INFO - Started process (PID=18504) to work on /opt/conda/lib/python3.8/site-packages/airflow/example_dags/subdags/subdag.py
[2023-07-12 09:13:13,341] {processor.py:620} INFO - Processing file /opt/conda/lib/python3.8/site-packages/airflow/example_dags/subdags/subdag.py for tasks to queue
[2023-07-12 09:13:13,341] {logging_mixin.py:109} INFO - [2023-07-12 09:13:13,341] {dagbag.py:500} INFO - Filling up the DagBag from /opt/conda/lib/python3.8/site-packages/airflow/example_dags/subdags/subdag.py
[2023-07-12 09:13:13,353] {processor.py:634} WARNING - No viable dags retrieved from /opt/conda/lib/python3.8/site-packages/airflow/example_dags/subdags/subdag.py
[2023-07-12 09:13:13,355] {processor.py:171} INFO - Processing /opt/conda/lib/python3.8/site-packages/airflow/example_dags/subdags/subdag.py took 0.018 seconds
[2023-07-12 09:13:51,668] {processor.py:163} INFO - Started process (PID=18542) to work on /opt/conda/lib/python3.8/site-packages/airflow/example_dags/subdags/subdag.py
[2023-07-12 09:13:51,669] {processor.py:620} INFO - Processing file /opt/conda/lib/python3.8/site-packages/airflow/example_dags/subdags/subdag.py for tasks to queue
[2023-07-12 09:13:51,669] {logging_mixin.py:109} INFO - [2023-07-12 09:13:51,669] {dagbag.py:500} INFO - Filling up the DagBag from /opt/conda/lib/python3.8/site-packages/airflow/example_dags/subdags/subdag.py
[2023-07-12 09:13:51,681] {processor.py:634} WARNING - No viable dags retrieved from /opt/conda/lib/python3.8/site-packages/airflow/example_dags/subdags/subdag.py
[2023-07-12 09:13:51,683] {processor.py:171} INFO - Processing /opt/conda/lib/python3.8/site-packages/airflow/example_dags/subdags/subdag.py took 0.017 seconds
[2023-07-12 09:14:25,662] {processor.py:163} INFO - Started process (PID=18577) to work on /opt/conda/lib/python3.8/site-packages/airflow/example_dags/subdags/subdag.py
[2023-07-12 09:14:25,663] {processor.py:620} INFO - Processing file /opt/conda/lib/python3.8/site-packages/airflow/example_dags/subdags/subdag.py for tasks to queue
[2023-07-12 09:14:25,663] {logging_mixin.py:109} INFO - [2023-07-12 09:14:25,663] {dagbag.py:500} INFO - Filling up the DagBag from /opt/conda/lib/python3.8/site-packages/airflow/example_dags/subdags/subdag.py
[2023-07-12 09:14:25,674] {processor.py:634} WARNING - No viable dags retrieved from /opt/conda/lib/python3.8/site-packages/airflow/example_dags/subdags/subdag.py
[2023-07-12 09:14:25,677] {processor.py:171} INFO - Processing /opt/conda/lib/python3.8/site-packages/airflow/example_dags/subdags/subdag.py took 0.017 seconds
[2023-07-12 09:15:01,085] {processor.py:163} INFO - Started process (PID=18613) to work on /opt/conda/lib/python3.8/site-packages/airflow/example_dags/subdags/subdag.py
[2023-07-12 09:15:01,086] {processor.py:620} INFO - Processing file /opt/conda/lib/python3.8/site-packages/airflow/example_dags/subdags/subdag.py for tasks to queue
[2023-07-12 09:15:01,087] {logging_mixin.py:109} INFO - [2023-07-12 09:15:01,086] {dagbag.py:500} INFO - Filling up the DagBag from /opt/conda/lib/python3.8/site-packages/airflow/example_dags/subdags/subdag.py
[2023-07-12 09:15:01,097] {processor.py:634} WARNING - No viable dags retrieved from /opt/conda/lib/python3.8/site-packages/airflow/example_dags/subdags/subdag.py
[2023-07-12 09:15:01,100] {processor.py:171} INFO - Processing /opt/conda/lib/python3.8/site-packages/airflow/example_dags/subdags/subdag.py took 0.017 seconds
[2023-07-12 09:15:35,386] {processor.py:163} INFO - Started process (PID=18648) to work on /opt/conda/lib/python3.8/site-packages/airflow/example_dags/subdags/subdag.py
[2023-07-12 09:15:35,387] {processor.py:620} INFO - Processing file /opt/conda/lib/python3.8/site-packages/airflow/example_dags/subdags/subdag.py for tasks to queue
[2023-07-12 09:15:35,387] {logging_mixin.py:109} INFO - [2023-07-12 09:15:35,387] {dagbag.py:500} INFO - Filling up the DagBag from /opt/conda/lib/python3.8/site-packages/airflow/example_dags/subdags/subdag.py
[2023-07-12 09:15:35,398] {processor.py:634} WARNING - No viable dags retrieved from /opt/conda/lib/python3.8/site-packages/airflow/example_dags/subdags/subdag.py
[2023-07-12 09:15:35,400] {processor.py:171} INFO - Processing /opt/conda/lib/python3.8/site-packages/airflow/example_dags/subdags/subdag.py took 0.017 seconds
