[2023-07-12 08:36:44,383] {taskinstance.py:1035} INFO - Dependencies all met for <TaskInstance: bash_dag.pwd scheduled__2023-07-12T00:00:00+00:00 [queued]>
[2023-07-12 08:36:44,389] {taskinstance.py:1035} INFO - Dependencies all met for <TaskInstance: bash_dag.pwd scheduled__2023-07-12T00:00:00+00:00 [queued]>
[2023-07-12 08:36:44,390] {taskinstance.py:1241} INFO - 
--------------------------------------------------------------------------------
[2023-07-12 08:36:44,390] {taskinstance.py:1242} INFO - Starting attempt 1 of 1
[2023-07-12 08:36:44,390] {taskinstance.py:1243} INFO - 
--------------------------------------------------------------------------------
[2023-07-12 08:36:44,401] {taskinstance.py:1262} INFO - Executing <Task(BashOperator): pwd> on 2023-07-12 00:00:00+00:00
[2023-07-12 08:36:44,403] {standard_task_runner.py:52} INFO - Started process 16361 to run task
[2023-07-12 08:36:44,407] {standard_task_runner.py:76} INFO - Running: ['airflow', 'tasks', 'run', 'bash_dag', 'pwd', 'scheduled__2023-07-12T00:00:00+00:00', '--job-id', '4', '--raw', '--subdir', '/opt/ml/Boostcamp-AI-Tech-Product-Serving/yungi/airflow/dags/01-bash-operator.py', '--cfg-path', '/tmp/tmpketwr8d9', '--error-file', '/tmp/tmp_2qh7qh3']
[2023-07-12 08:36:44,407] {standard_task_runner.py:77} INFO - Job 4: Subtask pwd
[2023-07-12 08:36:44,437] {logging_mixin.py:109} INFO - Running <TaskInstance: bash_dag.pwd scheduled__2023-07-12T00:00:00+00:00 [running]> on host 806bfd8722a2
[2023-07-12 08:36:44,523] {logging_mixin.py:109} WARNING - /opt/conda/lib/python3.8/site-packages/airflow/models/xcom.py:322 SAWarning: TypeDecorator UtcDateTime(timezone=True) will not produce a cache key because the ``cache_ok`` attribute is not set to True.  This can have significant performance implications including some performance degradations in comparison to prior SQLAlchemy versions.  Set this attribute to True if this type object's state is safe to use in a cache key, or False to disable this warning. (Background on this error at: https://sqlalche.me/e/14/cprf)
[2023-07-12 08:36:44,529] {logging_mixin.py:109} WARNING - /opt/conda/lib/python3.8/site-packages/airflow/models/renderedtifields.py:126 SAWarning: TypeDecorator UtcDateTime(timezone=True) will not produce a cache key because the ``cache_ok`` attribute is not set to True.  This can have significant performance implications including some performance degradations in comparison to prior SQLAlchemy versions.  Set this attribute to True if this type object's state is safe to use in a cache key, or False to disable this warning. (Background on this error at: https://sqlalche.me/e/14/cprf)
[2023-07-12 08:36:44,537] {logging_mixin.py:109} WARNING - /opt/conda/lib/python3.8/site-packages/airflow/models/renderedtifields.py:162 SAWarning: Coercing Subquery object into a select() for use in IN(); please pass a select() construct explicitly
[2023-07-12 08:36:44,540] {logging_mixin.py:109} WARNING - /opt/conda/lib/python3.8/site-packages/airflow/models/renderedtifields.py:159 SAWarning: TypeDecorator UtcDateTime(timezone=True) will not produce a cache key because the ``cache_ok`` attribute is not set to True.  This can have significant performance implications including some performance degradations in comparison to prior SQLAlchemy versions.  Set this attribute to True if this type object's state is safe to use in a cache key, or False to disable this warning. (Background on this error at: https://sqlalche.me/e/14/cprf)
[2023-07-12 08:36:44,542] {taskinstance.py:1412} INFO - Exporting the following env vars:
AIRFLOW_CTX_DAG_OWNER=yungi
AIRFLOW_CTX_DAG_ID=bash_dag
AIRFLOW_CTX_TASK_ID=pwd
AIRFLOW_CTX_EXECUTION_DATE=2023-07-12T00:00:00+00:00
AIRFLOW_CTX_DAG_RUN_ID=scheduled__2023-07-12T00:00:00+00:00
[2023-07-12 08:36:44,543] {subprocess.py:62} INFO - Tmp dir root location: 
 /tmp
[2023-07-12 08:36:44,543] {subprocess.py:74} INFO - Running command: ['bash', '-c', 'pwd']
[2023-07-12 08:36:44,552] {subprocess.py:85} INFO - Output:
[2023-07-12 08:36:44,553] {subprocess.py:89} INFO - /tmp/airflowtmp8fj1wb10
[2023-07-12 08:36:44,553] {subprocess.py:93} INFO - Command exited with return code 0
[2023-07-12 08:36:44,557] {logging_mixin.py:109} WARNING - /opt/conda/lib/python3.8/site-packages/airflow/models/xcom.py:102 SAWarning: TypeDecorator UtcDateTime(timezone=True) will not produce a cache key because the ``cache_ok`` attribute is not set to True.  This can have significant performance implications including some performance degradations in comparison to prior SQLAlchemy versions.  Set this attribute to True if this type object's state is safe to use in a cache key, or False to disable this warning. (Background on this error at: https://sqlalche.me/e/14/cprf)
[2023-07-12 08:36:44,569] {taskinstance.py:1270} INFO - Marking task as SUCCESS. dag_id=bash_dag, task_id=pwd, execution_date=20230712T000000, start_date=20230712T083644, end_date=20230712T083644
[2023-07-12 08:36:44,618] {local_task_job.py:154} INFO - Task exited with return code 0
[2023-07-12 08:36:44,634] {local_task_job.py:264} INFO - 0 downstream tasks scheduled from follow-on schedule check
[2023-07-12 08:36:44,636] {logging_mixin.py:109} WARNING - /opt/conda/lib/python3.8/site-packages/airflow/models/dag.py:1069 SADeprecationWarning: Query.value() is deprecated and will be removed in a future release.  Please use Query.with_entities() in combination with Query.scalar() (deprecated since: 1.4)
[2023-07-12 08:36:44,637] {logging_mixin.py:109} WARNING - /opt/conda/lib/python3.8/site-packages/airflow/models/dag.py:1069 SADeprecationWarning: Query.values() is deprecated and will be removed in a future release.  Please use Query.with_entities() (deprecated since: 1.4)
